nohup: 忽略输入
****************************Fold:0********************************


------------------------Epoch:0------------------------
Acc：87.9039
Dice: 48.7829
IoU: 32.3377
Precision:76.1411
Recall:36.0712
Specificity:99.5982
AUC:66.4937
-----> Saving weight_point......
Found better model! Saving to weight_point.pth.tar with IoU Index: 32.337738037109375


------------------------Epoch:1------------------------
Acc：89.2564
Dice: 65.2560
IoU: 48.4758
Precision:66.6039
Recall:64.2946
Specificity:98.7942
AUC:79.3225
-----> Saving weight_point......
Found better model! Saving to weight_point.pth.tar with IoU Index: 48.475765228271484


------------------------Epoch:2------------------------
Acc：89.7204
Dice: 62.4525
IoU: 45.4211
Precision:75.5280
Recall:53.4050
Specificity:99.3799
AUC:71.6951


------------------------Epoch:3------------------------
Acc：89.4212
Dice: 59.5240
IoU: 42.4199
Precision:75.6613
Recall:49.1406
Specificity:99.3876
AUC:66.3627


------------------------Epoch:4------------------------
Acc：90.5920
Dice: 67.9053
IoU: 51.5171
Precision:71.5232
Recall:64.8648
Specificity:98.9437
AUC:76.2240
-----> Saving weight_point......
Found better model! Saving to weight_point.pth.tar with IoU Index: 51.517112731933594


------------------------Epoch:5------------------------
Acc：91.1208
Dice: 71.6717
IoU: 55.8667
Precision:74.1294
Recall:69.5548
Specificity:99.1105
AUC:77.7081
-----> Saving weight_point......
Found better model! Saving to weight_point.pth.tar with IoU Index: 55.86669921875


------------------------Epoch:6------------------------
Acc：91.4071
Dice: 71.3468
IoU: 55.4886
Precision:75.6636
Recall:67.6703
Specificity:99.2530
AUC:74.6347


------------------------Epoch:7------------------------
Acc：92.0016
Dice: 74.0214
IoU: 58.8035
Precision:73.1449
Recall:75.1820
Specificity:99.0094
AUC:82.9998
-----> Saving weight_point......
Found better model! Saving to weight_point.pth.tar with IoU Index: 58.803504943847656


------------------------Epoch:8------------------------
Acc：91.1883
Dice: 74.6238
IoU: 59.5382
Precision:69.6535
Recall:80.5690
Specificity:98.6562
AUC:87.1711
-----> Saving weight_point......
Found better model! Saving to weight_point.pth.tar with IoU Index: 59.53816223144531


------------------------Epoch:9------------------------
Acc：91.4540
Dice: 73.9384
IoU: 58.6763
Precision:71.0642
Recall:77.3112
Specificity:98.8222
AUC:83.6888


------------------------Epoch:10------------------------
Acc：89.4193
Dice: 66.3126
IoU: 49.6862
Precision:63.0626
Recall:70.2501
Specificity:98.3745
AUC:78.4089


------------------------Epoch:11------------------------
Acc：92.2745
Dice: 76.7343
IoU: 62.3273
Precision:76.4293
Recall:77.1482
Specificity:99.2124
AUC:79.1567
-----> Saving weight_point......
Found better model! Saving to weight_point.pth.tar with IoU Index: 62.32733154296875


------------------------Epoch:12------------------------
Acc：91.9662
Dice: 74.3742
IoU: 59.2360
Precision:75.5207
Recall:73.5432
Specificity:99.1818
AUC:72.3548


------------------------Epoch:13------------------------
Acc：91.8620
Dice: 71.3651
IoU: 55.5118
Precision:81.1490
Recall:63.8165
Specificity:99.4683
AUC:84.6734


------------------------Epoch:14------------------------
Acc：93.1008
Dice: 76.6383
IoU: 62.1983
Precision:77.6538
Recall:75.8570
Specificity:99.1734
AUC:78.6023


------------------------Epoch:15------------------------
Acc：92.4438
Dice: 77.9292
IoU: 63.9027
Precision:71.2886
Recall:86.0391
Specificity:98.5509
AUC:86.6161
-----> Saving weight_point......
Found better model! Saving to weight_point.pth.tar with IoU Index: 63.902671813964844


------------------------Epoch:16------------------------
Acc：92.4950
Dice: 77.7798
IoU: 63.6953
Precision:74.4625
Recall:81.6221
Specificity:98.9970
AUC:84.9375


------------------------Epoch:17------------------------
Acc：92.8623
Dice: 76.0997
IoU: 61.5146
Precision:80.3779
Recall:72.3511
Specificity:99.3881
AUC:78.9999


------------------------Epoch:18------------------------
Acc：93.4461
Dice: 79.4603
IoU: 65.9504
Precision:79.9778
Recall:79.0314
Specificity:99.2352
AUC:85.1473
-----> Saving weight_point......
Found better model! Saving to weight_point.pth.tar with IoU Index: 65.95035552978516


------------------------Epoch:19------------------------
Acc：92.7610
Dice: 79.3628
IoU: 65.8504
Precision:76.2351
Recall:82.8016
Specificity:99.0251
AUC:88.8690


------------------------Epoch:20------------------------
Acc：93.6248
Dice: 79.9973
IoU: 66.6904
Precision:84.8743
Recall:75.7169
Specificity:99.4650
AUC:80.0711
-----> Saving weight_point......
Found better model! Saving to weight_point.pth.tar with IoU Index: 66.69037628173828


------------------------Epoch:21------------------------
Acc：93.0456
Dice: 77.5377
IoU: 63.3351
Precision:83.7060
Recall:72.3154
Specificity:99.5443
AUC:66.5732


------------------------Epoch:22------------------------
Acc：93.9961
Dice: 80.9821
IoU: 68.0872
Precision:84.3799
Recall:77.9003
Specificity:99.4283
AUC:84.6915
-----> Saving weight_point......
Found better model! Saving to weight_point.pth.tar with IoU Index: 68.08717346191406


------------------------Epoch:23------------------------
Acc：92.4771
Dice: 69.6573
IoU: 53.6238
Precision:87.5676
Recall:58.2359
Specificity:99.7524
AUC:77.4566


------------------------Epoch:24------------------------
Acc：93.5018
Dice: 80.3073
IoU: 67.1382
Precision:75.9015
Recall:85.3249
Specificity:98.9399
AUC:83.0617


------------------------Epoch:25------------------------
Acc：92.8934
Dice: 75.8265
IoU: 61.1058
Precision:85.2341
Recall:68.3168
Specificity:99.5648
AUC:69.8533


------------------------Epoch:26------------------------
Acc：91.9734
Dice: 76.4343
IoU: 61.9400
Precision:83.8304
Recall:70.3075
Specificity:99.5279
AUC:68.1802


------------------------Epoch:27------------------------
Acc：93.9388
Dice: 81.4925
IoU: 68.8152
Precision:79.3787
Recall:83.8556
Specificity:99.2316
AUC:89.9040
-----> Saving weight_point......
Found better model! Saving to weight_point.pth.tar with IoU Index: 68.81524658203125


------------------------Epoch:28------------------------
Acc：92.0798
Dice: 71.6497
IoU: 55.8671
Precision:87.2666
Recall:60.7978
Specificity:99.6922
AUC:69.1699


------------------------Epoch:29------------------------
Acc：94.0726
Dice: 79.9985
IoU: 66.7611
Precision:87.5885
Recall:73.6668
Specificity:99.6306
AUC:84.5557


------------------------Epoch:30------------------------
Acc：94.1172
Dice: 81.4405
IoU: 68.7307
Precision:86.8003
Recall:76.7321
Specificity:99.6039
AUC:74.2660


------------------------Epoch:31------------------------
Acc：94.3477
Dice: 83.6069
IoU: 71.8634
Precision:80.2932
Recall:87.2654
Specificity:99.2045
AUC:80.0004
-----> Saving weight_point......
Found better model! Saving to weight_point.pth.tar with IoU Index: 71.8634033203125


------------------------Epoch:32------------------------
Acc：94.7158
Dice: 82.8157
IoU: 70.7018
Precision:85.2231
Recall:80.5655
Specificity:99.4763
AUC:90.3307


------------------------Epoch:33------------------------
Acc：93.8996
Dice: 79.8694
IoU: 66.5067
Precision:82.3307
Recall:77.6154
Specificity:99.2571
AUC:84.8675


------------------------Epoch:34------------------------
Acc：93.9503
Dice: 80.4653
IoU: 67.3418
Precision:84.3217
Recall:77.0395
Specificity:99.3292
AUC:81.6421


------------------------Epoch:35------------------------
Acc：94.2722
Dice: 80.2366
IoU: 67.0213
Precision:86.7357
Recall:74.6811
Specificity:99.5683
AUC:82.9451


------------------------Epoch:36------------------------
Acc：94.5211
Dice: 83.6159
IoU: 71.8817
Precision:83.7390
Recall:83.5125
Specificity:99.4213
AUC:89.2956
-----> Saving weight_point......
Found better model! Saving to weight_point.pth.tar with IoU Index: 71.8816909790039


------------------------Epoch:37------------------------
Acc：94.5013
Dice: 82.9835
IoU: 70.9825
Precision:85.4743
Recall:80.6514
Specificity:99.5196
AUC:86.1781


------------------------Epoch:38------------------------
Acc：94.4790
Dice: 82.8732
IoU: 70.8107
Precision:86.0024
Recall:80.0843
Specificity:99.4601
AUC:81.7847


------------------------Epoch:39------------------------
Acc：93.5930
Dice: 80.0038
IoU: 66.7058
Precision:87.2996
Recall:73.8591
Specificity:99.5992
AUC:82.9053


------------------------Epoch:40------------------------
Acc：94.7381
Dice: 83.9792
IoU: 72.4023
Precision:87.7401
Recall:80.5783
Specificity:99.6173
AUC:89.3033
-----> Saving weight_point......
Found better model! Saving to weight_point.pth.tar with IoU Index: 72.40231323242188


------------------------Epoch:41------------------------
Acc：94.6703
Dice: 82.8387
IoU: 70.7336
Precision:83.1186
Recall:82.6135
Specificity:99.3113
AUC:88.3437


------------------------Epoch:42------------------------
Acc：94.5452
Dice: 81.8848
IoU: 69.3650
Precision:92.8261
Recall:73.2746
Specificity:99.8051
AUC:75.5888


------------------------Epoch:43------------------------
Acc：94.2716
Dice: 80.9403
IoU: 68.0459
Precision:89.0470
Recall:74.2178
Specificity:99.6777
AUC:78.4594


------------------------Epoch:44------------------------
Acc：95.0958
Dice: 85.7376
IoU: 75.0506
Precision:83.4776
Recall:88.1546
Specificity:99.3238
AUC:92.7531
-----> Saving weight_point......
Found better model! Saving to weight_point.pth.tar with IoU Index: 75.05057525634766


------------------------Epoch:45------------------------
Acc：95.3474
Dice: 83.5456
IoU: 71.7679
Precision:91.3601
Recall:76.9779
Specificity:99.7198
AUC:92.8720


------------------------Epoch:46------------------------
Acc：94.6016
Dice: 81.7721
IoU: 69.1925
Precision:89.9908
Recall:74.9524
Specificity:99.6810
AUC:84.1714


------------------------Epoch:47------------------------
Acc：94.6990
Dice: 83.3995
IoU: 71.5840
Precision:85.5351
Recall:81.3840
Specificity:99.4401
AUC:85.7535


------------------------Epoch:48------------------------
Acc：95.2323
Dice: 84.5040
IoU: 73.1867
Precision:89.1406
Recall:80.3567
Specificity:99.6487
AUC:93.2355


------------------------Epoch:49------------------------
Acc：94.4590
Dice: 79.3355
IoU: 65.8403
Precision:90.0565
Recall:70.9376
Specificity:99.7183
AUC:88.9731


------------------------Epoch:50------------------------
Acc：94.4832
Dice: 81.3607
IoU: 68.6695
Precision:87.1207
Recall:76.3428
Specificity:99.5261
AUC:91.1879


------------------------Epoch:51------------------------
Acc：94.6296
Dice: 80.8362
IoU: 67.9878
Precision:92.8766
Recall:71.6905
Specificity:99.8232
AUC:85.5782


------------------------Epoch:52------------------------
Acc：95.0419
Dice: 83.6024
IoU: 71.8433
Precision:86.0276
Recall:81.3840
Specificity:99.3883
AUC:93.8505


------------------------Epoch:53------------------------
Acc：95.3577
Dice: 84.9062
IoU: 73.7967
Precision:88.7244
Recall:81.4380
Specificity:99.6713
AUC:90.2954


------------------------Epoch:54------------------------
Acc：95.2675
Dice: 84.7256
IoU: 73.5253
Precision:89.1967
Recall:80.7253
Specificity:99.5932
AUC:93.9825


------------------------Epoch:55------------------------
Acc：95.1296
Dice: 84.3493
IoU: 72.9814
Precision:90.4736
Recall:79.0791
Specificity:99.6386
AUC:92.2726


------------------------Epoch:56------------------------
Acc：95.3837
Dice: 85.2318
IoU: 74.2882
Precision:87.7551
Recall:82.8661
Specificity:99.5764
AUC:94.6005


------------------------Epoch:57------------------------
Acc：94.6348
Dice: 81.4359
IoU: 68.7044
Precision:92.4524
Recall:72.7779
Specificity:99.7884
AUC:87.8452


------------------------Epoch:58------------------------
Acc：95.6688
Dice: 85.9131
IoU: 75.3305
Precision:91.9276
Recall:80.6525
Specificity:99.7133
AUC:89.3932
-----> Saving weight_point......
Found better model! Saving to weight_point.pth.tar with IoU Index: 75.33045959472656


------------------------Epoch:59------------------------
Acc：94.2246
Dice: 79.8933
IoU: 66.5475
Precision:94.1200
Recall:69.4411
Specificity:99.8032
AUC:90.5330


------------------------Epoch:60------------------------
Acc：95.1842
Dice: 83.5234
IoU: 71.7524
Precision:91.3125
Recall:76.9698
Specificity:99.7173
AUC:81.7638


------------------------Epoch:61------------------------
Acc：95.0547
Dice: 84.2812
IoU: 72.8833
Precision:91.4355
Recall:78.2038
Specificity:99.7317
AUC:87.0105


------------------------Epoch:62------------------------
Acc：95.6188
Dice: 87.0865
IoU: 77.1521
Precision:85.0954
Recall:89.1853
Specificity:99.4049
AUC:90.2471
-----> Saving weight_point......
Found better model! Saving to weight_point.pth.tar with IoU Index: 77.15211486816406


------------------------Epoch:63------------------------
Acc：94.2006
Dice: 80.0120
IoU: 66.7349
Precision:90.6601
Recall:71.6376
Specificity:99.7032
AUC:83.1556


------------------------Epoch:64------------------------
Acc：94.9013
Dice: 82.8456
IoU: 70.8161
Precision:94.3638
Recall:73.9114
Specificity:99.8371
AUC:89.4611


------------------------Epoch:65------------------------
Acc：94.7046
Dice: 76.4174
IoU: 62.4429
Precision:94.5865
Recall:64.7868
Specificity:99.8732
AUC:87.3817


------------------------Epoch:66------------------------
Acc：94.7059
Dice: 80.4184
IoU: 67.3013
Precision:88.7678
Recall:73.5528
Specificity:99.6597
AUC:82.5279


------------------------Epoch:67------------------------
Acc：95.2097
Dice: 84.7187
IoU: 73.5267
Precision:91.3470
Recall:79.0096
Specificity:99.7011
AUC:82.9422


------------------------Epoch:68------------------------
Acc：95.4135
Dice: 84.1289
IoU: 72.6669
Precision:93.3271
Recall:76.6133
Specificity:99.8041
AUC:95.1387


------------------------Epoch:69------------------------
Acc：95.1036
Dice: 84.4485
IoU: 73.1194
Precision:93.3700
Recall:77.1295
Specificity:99.7627
AUC:81.2634


------------------------Epoch:70------------------------
Acc：95.1991
Dice: 83.7242
IoU: 72.0110
Precision:94.8252
Recall:74.9678
Specificity:99.8499
AUC:86.4095


------------------------Epoch:71------------------------
Acc：94.5708
Dice: 79.0556
IoU: 65.4471
Precision:93.4396
Recall:68.5814
Specificity:99.8204
AUC:77.6179


------------------------Epoch:72------------------------
Acc：94.7067
Dice: 81.7501
IoU: 69.1704
Precision:95.3861
Recall:71.5658
Specificity:99.8535
AUC:90.9144


------------------------Epoch:73------------------------
Acc：96.2131
Dice: 88.2226
IoU: 78.9561
Precision:91.9204
Recall:84.8415
Specificity:99.7197
AUC:91.9120
-----> Saving weight_point......
Found better model! Saving to weight_point.pth.tar with IoU Index: 78.95610809326172


------------------------Epoch:74------------------------
Acc：94.8383
Dice: 82.6630
IoU: 70.5322
Precision:96.3412
Recall:72.4699
Specificity:99.8867
AUC:91.1136


------------------------Epoch:75------------------------
Acc：93.6887
Dice: 77.9792
IoU: 64.0547
Precision:96.3186
Recall:65.6350
Specificity:99.9000
AUC:74.7432


------------------------Epoch:76------------------------
Acc：95.0832
Dice: 83.0025
IoU: 70.9534
Precision:95.8775
Recall:73.1821
Specificity:99.8488
AUC:86.5843


------------------------Epoch:77------------------------
Acc：95.1727
Dice: 83.8563
IoU: 72.2456
Precision:93.6619
Recall:75.9425
Specificity:99.7892
AUC:87.5581


------------------------Epoch:78------------------------
Acc：87.8916
Dice: 42.6506
IoU: 27.1459
Precision:91.7212
Recall:27.8526
Specificity:99.9139
AUC:50.0000


------------------------Epoch:79------------------------
Acc：94.8181
Dice: 82.9908
IoU: 70.9584
Precision:93.2407
Recall:74.8346
Specificity:99.7687
AUC:94.3986


------------------------Epoch:80------------------------
Acc：95.0280
Dice: 83.1156
IoU: 71.1250
Precision:91.5474
Recall:76.1223
Specificity:99.7197
AUC:86.2064


------------------------Epoch:81------------------------
Acc：94.0331
Dice: 79.6084
IoU: 66.2274
Precision:95.8125
Recall:68.1869
Specificity:99.8852
AUC:80.5603


------------------------Epoch:82------------------------
Acc：94.8977
Dice: 83.0424
IoU: 71.0565
Precision:95.9985
Recall:73.2323
Specificity:99.8683
AUC:83.0810


------------------------Epoch:83------------------------
Acc：94.8912
Dice: 83.0403
IoU: 71.0158
Precision:95.8170
Recall:73.2839
Specificity:99.8831
AUC:80.3053


------------------------Epoch:84------------------------
Acc：94.5615
Dice: 81.8356
IoU: 69.2639
Precision:96.9140
Recall:70.8285
Specificity:99.9194
AUC:83.9157


------------------------Epoch:85------------------------
Acc：93.9424
Dice: 78.8970
IoU: 65.1590
Precision:96.2590
Recall:66.8530
Specificity:99.9158
AUC:77.3850


------------------------Epoch:86------------------------
Acc：94.2930
Dice: 78.1364
IoU: 64.1957
Precision:96.3364
Recall:65.7784
Specificity:99.9107
AUC:81.0664


------------------------Epoch:87------------------------
Acc：94.0846
Dice: 77.2218
IoU: 62.9289
Precision:96.6694
Recall:64.3185
Specificity:99.9215
AUC:76.2638


------------------------Epoch:88------------------------
Acc：94.9534
Dice: 84.2394
IoU: 72.8543
Precision:96.5599
Recall:74.7924
Specificity:99.8995
AUC:81.1742


------------------------Epoch:89------------------------
Acc：94.1958
Dice: 82.2996
IoU: 70.0232
Precision:96.0673
Recall:72.0876
Specificity:99.8819
AUC:86.9111


------------------------Epoch:90------------------------
Acc：93.4150
Dice: 77.1684
IoU: 62.8436
Precision:96.7627
Recall:64.1969
Specificity:99.9170
AUC:82.0236


------------------------Epoch:91------------------------
Acc：94.0685
Dice: 80.5079
IoU: 67.4120
Precision:97.5466
Recall:68.5700
Specificity:99.9333
AUC:81.1350


------------------------Epoch:92------------------------
Acc：95.3382
Dice: 84.2965
IoU: 72.8992
Precision:94.9859
Recall:75.7968
Specificity:99.8629
AUC:82.0189


------------------------Epoch:93------------------------
Acc：93.0524
Dice: 74.9554
IoU: 60.0053
Precision:96.9840
Recall:61.1293
Specificity:99.9232
AUC:65.1680


------------------------Epoch:94------------------------
Acc：96.0999
Dice: 87.1828
IoU: 77.2857
Precision:94.5469
Recall:80.8886
Specificity:99.8296
AUC:87.1756


------------------------Epoch:95------------------------
Acc：94.1537
Dice: 79.0913
IoU: 65.5201
Precision:96.6666
Recall:67.0107
Specificity:99.9085
AUC:85.4892


------------------------Epoch:96------------------------
Acc：93.7048
Dice: 78.0081
IoU: 64.0114
Precision:97.6009
Recall:65.0263
Specificity:99.9430
AUC:62.1817


------------------------Epoch:97------------------------
Acc：93.3049
Dice: 78.8594
IoU: 65.2109
Precision:95.9993
Recall:67.0350
Specificity:99.8824
AUC:60.1669


------------------------Epoch:98------------------------
Acc：94.3930
Dice: 80.4906
IoU: 67.3937
Precision:96.0237
Recall:69.3061
Specificity:99.8904
AUC:80.5102


------------------------Epoch:99------------------------
Acc：93.7771
Dice: 79.5158
IoU: 66.0284
Precision:98.1115
Recall:66.8839
Specificity:99.9426
AUC:81.3614

<<<-------------------第0折结束----------------->>>
Mean Accuracy:93.76646423339844
Mean IoU:65.8750228881836
Mean Dice:79.02853393554688

新的数据列已添加到Excel文件中。
****************************Fold:1********************************


------------------------Epoch:0------------------------
Acc：87.6229
Dice: 59.6372
IoU: 42.5104
Precision:62.4461
Recall:57.4681
Specificity:98.7429
AUC:78.5364


------------------------Epoch:1------------------------
Acc：89.4333
Dice: 63.0586
IoU: 46.0671
Precision:71.5901
Recall:56.4383
Specificity:99.1302
AUC:69.6282


------------------------Epoch:2------------------------
Acc：90.2979
Dice: 64.7228
IoU: 47.8692
Precision:77.1033
Recall:55.9196
Specificity:99.4231
AUC:70.1488


------------------------Epoch:3------------------------
Acc：90.1064
Dice: 67.0075
IoU: 50.4082
Precision:71.2116
Recall:63.5072
Specificity:99.0732
AUC:74.7135


------------------------Epoch:4------------------------
Acc：89.3245
Dice: 70.1932
IoU: 54.1059
Precision:63.3137
Recall:79.0712
Specificity:98.2491
AUC:88.2139


------------------------Epoch:5------------------------
Acc：90.8294
Dice: 66.3838
IoU: 49.7989
Precision:77.0722
Recall:58.5058
Specificity:99.3585
AUC:54.1375


------------------------Epoch:6------------------------
Acc：91.2355
Dice: 72.9545
IoU: 57.5000
Precision:72.9632
Recall:72.9988
Specificity:99.0601
AUC:82.0969


------------------------Epoch:7------------------------
Acc：91.8897
Dice: 72.2431
IoU: 56.6060
Precision:75.9554
Recall:69.1780
Specificity:99.2601
AUC:79.1016


------------------------Epoch:8------------------------
Acc：90.9616
Dice: 71.9213
IoU: 56.1951
Precision:73.1969
Recall:70.7384
Specificity:98.9982
AUC:85.0552


------------------------Epoch:9------------------------
Acc：92.5232
Dice: 75.0043
IoU: 60.0407
Precision:80.3722
Recall:70.4389
Specificity:99.4295
AUC:80.0136


------------------------Epoch:10------------------------
Acc：92.3852
Dice: 74.7772
IoU: 59.7548
Precision:76.5334
Recall:73.3240
Specificity:99.1707
AUC:86.9798


------------------------Epoch:11------------------------
Acc：91.9014
Dice: 75.6366
IoU: 60.8744
Precision:72.1781
Recall:79.5419
Specificity:98.8466
AUC:82.0242


------------------------Epoch:12------------------------
Acc：92.6956
Dice: 76.7312
IoU: 62.2793
Precision:79.1020
Recall:74.5706
Specificity:99.2069
AUC:82.2613


------------------------Epoch:13------------------------
Acc：92.5677
Dice: 76.2260
IoU: 61.6135
Precision:76.1126
Recall:76.4240
Specificity:98.9875
AUC:86.1871


------------------------Epoch:14------------------------
Acc：92.8678
Dice: 74.8135
IoU: 59.8599
Precision:80.3781
Recall:70.1784
Specificity:99.3454
AUC:82.1202


------------------------Epoch:15------------------------
Acc：92.4193
Dice: 76.6412
IoU: 62.1648
Precision:80.7815
Recall:72.9582
Specificity:99.3072
AUC:85.4451


------------------------Epoch:16------------------------
Acc：93.0961
Dice: 80.2555
IoU: 67.0684
Precision:76.4335
Recall:84.5730
Specificity:98.9270
AUC:86.5786


------------------------Epoch:17------------------------
Acc：91.7100
Dice: 69.3601
IoU: 53.1240
Precision:86.2620
Recall:58.0398
Specificity:99.7118
AUC:76.8688


------------------------Epoch:18------------------------
Acc：93.5854
Dice: 79.5837
IoU: 66.1162
Precision:80.1315
Recall:79.1175
Specificity:99.2479
AUC:92.5032


------------------------Epoch:19------------------------
Acc：92.4490
Dice: 78.2436
IoU: 64.2901
Precision:72.3817
Recall:85.1844
Specificity:98.7549
AUC:93.8582


------------------------Epoch:20------------------------
Acc：93.6346
Dice: 80.6209
IoU: 67.5927
Precision:79.1961
Recall:82.1765
Specificity:99.1923
AUC:90.5945


------------------------Epoch:21------------------------
Acc：93.3619
Dice: 81.1800
IoU: 68.3844
Precision:74.5371
Recall:89.2519
Specificity:98.7820
AUC:93.3970


------------------------Epoch:22------------------------
Acc：93.8662
Dice: 80.8421
IoU: 67.9068
Precision:82.1289
Recall:79.6652
Specificity:99.3066
AUC:89.9357


------------------------Epoch:23------------------------
Acc：93.7875
Dice: 80.8449
IoU: 67.8939
Precision:79.0195
Recall:82.8322
Specificity:99.1276
AUC:84.9335


------------------------Epoch:24------------------------
Acc：93.5781
Dice: 81.9824
IoU: 69.5421
Precision:79.1954
Recall:85.0193
Specificity:99.1479
AUC:90.6203


------------------------Epoch:25------------------------
Acc：93.0714
Dice: 78.1954
IoU: 64.2345
Precision:81.5400
Recall:75.2584
Specificity:99.3408
AUC:88.7067


------------------------Epoch:26------------------------
Acc：94.2193
Dice: 81.0246
IoU: 68.1482
Precision:84.5217
Recall:77.8501
Specificity:99.5100
AUC:90.7243


------------------------Epoch:27------------------------
Acc：94.9655
Dice: 83.3262
IoU: 71.4526
Precision:89.9324
Recall:77.6350
Specificity:99.6906
AUC:89.1376


------------------------Epoch:28------------------------
Acc：93.9839
Dice: 81.7304
IoU: 69.1419
Precision:77.6534
Recall:86.3705
Specificity:99.0491
AUC:91.8680


------------------------Epoch:29------------------------
Acc：94.4360
Dice: 83.4477
IoU: 71.7057
Precision:86.4732
Recall:80.6500
Specificity:99.5658
AUC:91.4426


------------------------Epoch:30------------------------
Acc：94.7855
Dice: 83.1563
IoU: 71.1844
Precision:88.2785
Recall:78.6215
Specificity:99.6213
AUC:87.2862


------------------------Epoch:31------------------------
Acc：95.2846
Dice: 85.1338
IoU: 74.1372
Precision:84.5140
Recall:85.8158
Specificity:99.3244
AUC:93.4878


------------------------Epoch:32------------------------
Acc：94.9137
Dice: 84.6211
IoU: 73.3879
Precision:86.2113
Recall:83.1225
Specificity:99.5107
AUC:94.0815


------------------------Epoch:33------------------------
Acc：94.1722
Dice: 79.4183
IoU: 65.8917
Precision:90.5916
Recall:70.7229
Specificity:99.7229
AUC:91.9207


------------------------Epoch:34------------------------
Acc：94.5409
Dice: 82.1065
IoU: 69.6536
Precision:89.0213
Recall:76.2366
Specificity:99.6839
AUC:83.9892


------------------------Epoch:35------------------------
Acc：94.3190
Dice: 81.3890
IoU: 68.6857
Precision:87.7249
Recall:75.9253
Specificity:99.6042
AUC:85.5830


------------------------Epoch:36------------------------
Acc：93.9844
Dice: 80.2026
IoU: 66.9821
Precision:91.9524
Recall:71.1568
Specificity:99.7590
AUC:84.5915


------------------------Epoch:37------------------------
Acc：94.8036
Dice: 84.3811
IoU: 73.0098
Precision:81.8536
Recall:87.1094
Specificity:99.2605
AUC:95.8068


------------------------Epoch:38------------------------
Acc：94.2635
Dice: 79.3113
IoU: 65.8133
Precision:91.3465
Recall:70.1257
Specificity:99.7561
AUC:87.1769


------------------------Epoch:39------------------------
Acc：94.2029
Dice: 81.2621
IoU: 68.4821
Precision:88.9539
Recall:74.8297
Specificity:99.6139
AUC:83.9919


------------------------Epoch:40------------------------
Acc：94.9047
Dice: 83.4329
IoU: 71.6137
Precision:92.8992
Recall:75.7302
Specificity:99.7998
AUC:77.4143


------------------------Epoch:41------------------------
Acc：95.1272
Dice: 84.0619
IoU: 72.5271
Precision:90.9093
Recall:78.1948
Specificity:99.7221
AUC:91.0050


------------------------Epoch:42------------------------
Acc：94.6379
Dice: 83.3820
IoU: 71.5875
Precision:91.7892
Recall:76.4757
Specificity:99.7113
AUC:87.3784


------------------------Epoch:43------------------------
Acc：95.3512
Dice: 84.6812
IoU: 73.4535
Precision:89.6845
Recall:80.2189
Specificity:99.6699
AUC:95.5263


------------------------Epoch:44------------------------
Acc：95.0696
Dice: 84.2425
IoU: 72.8171
Precision:87.7096
Recall:81.0472
Specificity:99.5880
AUC:95.7831


------------------------Epoch:45------------------------
Acc：93.6535
Dice: 75.4986
IoU: 60.7077
Precision:92.3549
Recall:63.9050
Specificity:99.8272
AUC:90.0412


------------------------Epoch:46------------------------
Acc：95.6492
Dice: 83.9420
IoU: 72.3801
Precision:92.6017
Recall:76.7726
Specificity:99.7806
AUC:93.9076


------------------------Epoch:47------------------------
Acc：94.3181
Dice: 77.2313
IoU: 62.9949
Precision:93.7668
Recall:65.7561
Specificity:99.8687
AUC:91.9749


------------------------Epoch:48------------------------
Acc：94.2037
Dice: 79.4448
IoU: 65.9465
Precision:93.8082
Recall:68.9420
Specificity:99.8003
AUC:74.8389


------------------------Epoch:49------------------------
Acc：95.4010
Dice: 84.4984
IoU: 73.2015
Precision:93.0177
Recall:77.4214
Specificity:99.7999
AUC:87.1037


------------------------Epoch:50------------------------
Acc：95.5798
Dice: 85.2363
IoU: 74.3260
Precision:90.8910
Recall:80.2790
Specificity:99.6727
AUC:90.4813


------------------------Epoch:51------------------------
Acc：94.8512
Dice: 83.0142
IoU: 70.9900
Precision:89.7204
Recall:77.2573
Specificity:99.7054
AUC:90.8889


------------------------Epoch:52------------------------
Acc：92.8923
Dice: 72.8880
IoU: 57.3908
Precision:96.0176
Recall:58.7696
Specificity:99.8939
AUC:75.6750


------------------------Epoch:53------------------------
Acc：95.3634
Dice: 83.9962
IoU: 72.4427
Precision:91.3390
Recall:77.8013
Specificity:99.6811
AUC:83.5377


------------------------Epoch:54------------------------
Acc：95.8122
Dice: 86.6675
IoU: 76.4960
Precision:89.3648
Recall:84.1432
Specificity:99.5660
AUC:92.8981


------------------------Epoch:55------------------------
Acc：95.0495
Dice: 84.7839
IoU: 73.6355
Precision:90.9024
Recall:79.5116
Specificity:99.7037
AUC:87.8833


------------------------Epoch:56------------------------
Acc：94.4330
Dice: 81.6834
IoU: 69.0928
Precision:94.1387
Recall:72.1759
Specificity:99.8337
AUC:82.9629


------------------------Epoch:57------------------------
Acc：93.8080
Dice: 77.9065
IoU: 63.8940
Precision:94.3485
Recall:66.4499
Specificity:99.8305
AUC:67.7182


------------------------Epoch:58------------------------
Acc：94.4797
Dice: 81.5881
IoU: 68.9213
Precision:96.1735
Recall:70.8708
Specificity:99.8874
AUC:80.9055


------------------------Epoch:59------------------------
Acc：94.9493
Dice: 83.8860
IoU: 72.3013
Precision:94.9558
Recall:75.1744
Specificity:99.8547
AUC:77.2781


------------------------Epoch:60------------------------
Acc：94.7631
Dice: 82.7877
IoU: 70.7083
Precision:95.2739
Recall:73.2597
Specificity:99.8678
AUC:89.2869


------------------------Epoch:61------------------------
Acc：93.0730
Dice: 74.6436
IoU: 59.6313
Precision:94.9692
Recall:61.5659
Specificity:99.8685
AUC:73.8733


------------------------Epoch:62------------------------
Acc：95.0160
Dice: 83.7268
IoU: 72.0205
Precision:93.4417
Recall:75.8722
Specificity:99.7545
AUC:92.3061


------------------------Epoch:63------------------------
Acc：94.8323
Dice: 83.3038
IoU: 71.4526
Precision:91.2297
Recall:76.7048
Specificity:99.7407
AUC:86.0692


------------------------Epoch:64------------------------
Acc：93.6594
Dice: 77.1871
IoU: 62.9383
Precision:94.5179
Recall:65.3511
Specificity:99.8211
AUC:77.0842


------------------------Epoch:65------------------------
Acc：96.1083
Dice: 87.4688
IoU: 77.7421
Precision:90.3403
Recall:84.8079
Specificity:99.5956
AUC:95.2933


------------------------Epoch:66------------------------
Acc：94.2927
Dice: 79.7212
IoU: 66.3224
Precision:92.7636
Recall:69.9421
Specificity:99.6908
AUC:84.6966


------------------------Epoch:67------------------------
Acc：94.6675
Dice: 81.7476
IoU: 69.1465
Precision:92.7026
Recall:73.1177
Specificity:99.7585
AUC:75.8231


------------------------Epoch:68------------------------
Acc：90.0931
Dice: 63.1401
IoU: 46.4120
Precision:93.5482
Recall:47.9907
Specificity:99.8559
AUC:57.6547


------------------------Epoch:69------------------------
Acc：95.3711
Dice: 85.1629
IoU: 74.1699
Precision:94.1460
Recall:77.7700
Specificity:99.7917
AUC:93.6012


------------------------Epoch:70------------------------
Acc：95.5019
Dice: 84.0674
IoU: 72.5253
Precision:93.0906
Recall:76.6462
Specificity:99.7552
AUC:88.9932


------------------------Epoch:71------------------------
Acc：95.5149
Dice: 86.3966
IoU: 76.0896
Precision:92.8308
Recall:80.8620
Specificity:99.6930
AUC:81.8616


------------------------Epoch:72------------------------
Acc：95.5675
Dice: 86.0262
IoU: 75.5143
Precision:93.3777
Recall:79.8098
Specificity:99.7243
AUC:85.4915


------------------------Epoch:73------------------------
Acc：95.2770
Dice: 84.9026
IoU: 73.8150
Precision:91.9475
Recall:78.8938
Specificity:99.7518
AUC:83.3362


------------------------Epoch:74------------------------
Acc：96.1024
Dice: 87.2173
IoU: 77.3622
Precision:92.7050
Recall:82.3710
Specificity:99.7365
AUC:90.8296


------------------------Epoch:75------------------------
Acc：92.3526
Dice: 71.3683
IoU: 55.5776
Precision:93.7907
Recall:57.6930
Specificity:99.8397
AUC:89.3417


------------------------Epoch:76------------------------
Acc：94.7660
Dice: 82.3122
IoU: 69.9905
Precision:96.3290
Recall:71.9258
Specificity:99.8988
AUC:79.6536


------------------------Epoch:77------------------------
Acc：95.7534
Dice: 85.4554
IoU: 74.6347
Precision:92.2032
Recall:79.6581
Specificity:99.6533
AUC:87.1648


------------------------Epoch:78------------------------
Acc：96.1725
Dice: 86.8442
IoU: 76.7613
Precision:91.1295
Recall:82.9633
Specificity:99.6261
AUC:94.7211


------------------------Epoch:79------------------------
Acc：95.9111
Dice: 87.4951
IoU: 77.7935
Precision:95.3719
Recall:80.8514
Specificity:99.8361
AUC:93.3331


------------------------Epoch:80------------------------
Acc：93.9412
Dice: 77.9255
IoU: 63.8686
Precision:95.5046
Recall:65.8450
Specificity:99.8757
AUC:82.8257


------------------------Epoch:81------------------------
Acc：93.7973
Dice: 76.3736
IoU: 61.8548
Precision:96.1938
Recall:63.4208
Specificity:99.8996
AUC:86.9759


------------------------Epoch:82------------------------
Acc：95.4029
Dice: 83.4822
IoU: 71.6636
Precision:96.3115
Recall:73.6758
Specificity:99.8880
AUC:90.4678


------------------------Epoch:83------------------------
Acc：95.7595
Dice: 86.7934
IoU: 76.6988
Precision:95.1244
Recall:79.8390
Specificity:99.8523
AUC:95.0377


------------------------Epoch:84------------------------
Acc：95.7093
Dice: 86.7614
IoU: 76.6472
Precision:93.9695
Recall:80.6036
Specificity:99.8139
AUC:93.1003


------------------------Epoch:85------------------------
Acc：95.7343
Dice: 85.8967
IoU: 75.3175
Precision:96.7783
Recall:77.2561
Specificity:99.8938
AUC:89.3286


------------------------Epoch:86------------------------
Acc：94.0865
Dice: 80.7952
IoU: 67.9343
Precision:96.6247
Recall:69.5927
Specificity:99.9002
AUC:78.8881


------------------------Epoch:87------------------------
Acc：95.6849
Dice: 85.8590
IoU: 75.2568
Precision:95.8200
Recall:77.8393
Specificity:99.8288
AUC:86.0591


------------------------Epoch:88------------------------
Acc：94.6810
Dice: 80.6637
IoU: 67.6400
Precision:94.0112
Recall:70.6999
Specificity:99.7745
AUC:86.8747


------------------------Epoch:89------------------------
Acc：96.0722
Dice: 87.6282
IoU: 78.0093
Precision:95.6316
Recall:80.9003
Specificity:99.8419
AUC:93.2202


------------------------Epoch:90------------------------
Acc：96.1398
Dice: 88.2750
IoU: 79.0708
Precision:95.3965
Recall:82.1952
Specificity:99.8463
AUC:88.6342
-----> Saving weight_point......
Found better model! Saving to weight_point.pth.tar with IoU Index: 79.07080078125


------------------------Epoch:91------------------------
Acc：95.7252
Dice: 87.4937
IoU: 77.8302
Precision:95.7956
Recall:80.6096
Specificity:99.8382
AUC:92.1989


------------------------Epoch:92------------------------
Acc：94.5437
Dice: 81.1378
IoU: 68.3089
Precision:97.9076
Recall:69.3178
Specificity:99.9396
AUC:87.0344


------------------------Epoch:93------------------------
Acc：94.4050
Dice: 80.8970
IoU: 67.9576
Precision:96.7655
Recall:69.5459
Specificity:99.8882
AUC:82.7698


------------------------Epoch:94------------------------
Acc：96.1432
Dice: 87.9391
IoU: 78.4912
Precision:89.3219
Recall:86.6168
Specificity:99.5335
AUC:96.3040


------------------------Epoch:95------------------------
Acc：93.2616
Dice: 75.6088
IoU: 60.8657
Precision:98.0008
Recall:61.6435
Specificity:99.9398
AUC:74.8655


------------------------Epoch:96------------------------
Acc：94.8293
Dice: 83.4819
IoU: 71.6613
Precision:96.0433
Recall:73.8486
Specificity:99.8739
AUC:83.3306


------------------------Epoch:97------------------------
Acc：96.3619
Dice: 88.2167
IoU: 78.9273
Precision:94.7776
Recall:82.5132
Specificity:99.8196
AUC:92.7634


------------------------Epoch:98------------------------
Acc：95.9878
Dice: 87.9591
IoU: 78.5315
Precision:96.2759
Recall:81.0239
Specificity:99.8429
AUC:92.3263


------------------------Epoch:99------------------------
Acc：95.2785
Dice: 84.7750
IoU: 73.5853
Precision:95.4805
Recall:76.2643
Specificity:99.8406
AUC:86.6906

<<<-------------------第1折结束----------------->>>
Mean Accuracy:94.07952880859375
Mean IoU:67.68925476074219
Mean Dice:80.40575408935547

****************************Fold:2********************************


------------------------Epoch:0------------------------
Acc：88.1773
Dice: 60.3997
IoU: 43.2990
Precision:64.4217
Recall:57.0798
Specificity:98.7202
AUC:77.5077


------------------------Epoch:1------------------------
Acc：89.6830
Dice: 66.8397
IoU: 50.2254
Precision:68.1485
Recall:65.8125
Specificity:98.8626
AUC:77.9950


------------------------Epoch:2------------------------
Acc：90.1180
Dice: 67.1779
IoU: 50.6084
Precision:70.3916
Recall:64.6011
Specificity:99.0521
AUC:73.2554


------------------------Epoch:3------------------------
Acc：90.4668
Dice: 67.7222
IoU: 51.2709
Precision:69.2607
Recall:66.6045
Specificity:98.8629
AUC:78.8643


------------------------Epoch:4------------------------
Acc：90.7683
Dice: 68.8935
IoU: 52.5656
Precision:73.6610
Recall:64.8354
Specificity:99.1025
AUC:73.4390


------------------------Epoch:5------------------------
Acc：91.4225
Dice: 71.2845
IoU: 55.4026
Precision:77.3537
Recall:66.2256
Specificity:99.3335
AUC:71.9805


------------------------Epoch:6------------------------
Acc：92.0286
Dice: 75.0723
IoU: 60.1606
Precision:75.9631
Recall:74.3458
Specificity:99.1473
AUC:67.1406


------------------------Epoch:7------------------------
Acc：90.9997
Dice: 69.4981
IoU: 53.3275
Precision:76.7829
Recall:63.5369
Specificity:99.3024
AUC:73.6433


------------------------Epoch:8------------------------
Acc：90.9560
Dice: 71.2713
IoU: 55.4331
Precision:70.4351
Recall:72.4304
Specificity:98.9132
AUC:78.9127


------------------------Epoch:9------------------------
Acc：92.0770
Dice: 74.3323
IoU: 59.2193
Precision:73.1007
Recall:75.8500
Specificity:98.9263
AUC:84.1015


------------------------Epoch:10------------------------
Acc：90.7904
Dice: 74.6285
IoU: 59.5605
Precision:66.4679
Recall:85.2816
Specificity:98.3101
AUC:79.8423


------------------------Epoch:11------------------------
Acc：89.8218
Dice: 71.7794
IoU: 56.0743
Precision:64.2251
Recall:81.5634
Specificity:98.3093
AUC:67.0385


------------------------Epoch:12------------------------
Acc：88.4528
Dice: 70.9422
IoU: 55.0507
Precision:61.5195
Recall:83.9448
Specificity:97.9325
AUC:68.0942


------------------------Epoch:13------------------------
Acc：91.5517
Dice: 74.9337
IoU: 59.9480
Precision:69.7424
Recall:81.2100
Specificity:98.7007
AUC:82.5624


------------------------Epoch:14------------------------
Acc：93.0114
Dice: 79.0129
IoU: 65.3763
Precision:76.3812
Recall:81.9212
Specificity:99.0328
AUC:78.2733


------------------------Epoch:15------------------------
Acc：92.9997
Dice: 78.8512
IoU: 65.1256
Precision:78.5444
Recall:79.1890
Specificity:99.1395
AUC:85.1424


------------------------Epoch:16------------------------
Acc：93.6518
Dice: 79.5071
IoU: 66.0336
Precision:80.3711
Recall:78.7483
Specificity:99.3204
AUC:82.0389


------------------------Epoch:17------------------------
Acc：93.3475
Dice: 80.0157
IoU: 66.7223
Precision:76.1980
Recall:84.2793
Specificity:98.9407
AUC:81.9573


------------------------Epoch:18------------------------
Acc：92.5183
Dice: 76.9243
IoU: 62.5373
Precision:74.7188
Recall:79.5380
Specificity:99.0699
AUC:84.2890


------------------------Epoch:19------------------------
Acc：93.3138
Dice: 77.0139
IoU: 62.7042
Precision:84.2561
Recall:70.9608
Specificity:99.5440
AUC:73.5494


------------------------Epoch:20------------------------
Acc：92.3922
Dice: 78.0676
IoU: 64.0930
Precision:77.6537
Recall:78.5463
Specificity:99.1768
AUC:81.4658


------------------------Epoch:21------------------------
Acc：93.2109
Dice: 78.3252
IoU: 64.4119
Precision:81.3647
Recall:75.5847
Specificity:99.3441
AUC:80.6374


------------------------Epoch:22------------------------
Acc：93.3059
Dice: 78.5199
IoU: 64.7106
Precision:77.6969
Recall:79.4596
Specificity:99.1619
AUC:81.9774


------------------------Epoch:23------------------------
Acc：93.6341
Dice: 81.1537
IoU: 68.3872
Precision:80.5323
Recall:81.8561
Specificity:99.2587
AUC:86.0595


------------------------Epoch:24------------------------
Acc：92.1572
Dice: 78.2693
IoU: 64.3392
Precision:71.4759
Recall:86.5856
Specificity:98.6568
AUC:86.8887


------------------------Epoch:25------------------------
Acc：94.0833
Dice: 82.1437
IoU: 69.7373
Precision:85.5921
Recall:79.0232
Specificity:99.4419
AUC:76.9498


------------------------Epoch:26------------------------
Acc：94.0744
Dice: 80.6258
IoU: 67.5840
Precision:81.3253
Recall:79.9915
Specificity:99.3045
AUC:86.0747


------------------------Epoch:27------------------------
Acc：94.1267
Dice: 82.0660
IoU: 69.6081
Precision:82.9713
Recall:81.3534
Specificity:99.4800
AUC:85.5101


------------------------Epoch:28------------------------
Acc：92.9813
Dice: 77.4375
IoU: 63.2986
Precision:84.0650
Recall:71.8077
Specificity:99.5728
AUC:78.9400


------------------------Epoch:29------------------------
Acc：94.1801
Dice: 80.3841
IoU: 67.2648
Precision:87.1498
Recall:74.6086
Specificity:99.5704
AUC:82.0918


------------------------Epoch:30------------------------
Acc：93.8627
Dice: 80.3581
IoU: 67.1781
Precision:88.7910
Recall:73.4479
Specificity:99.6783
AUC:80.4146


------------------------Epoch:31------------------------
Acc：94.3410
Dice: 81.1479
IoU: 68.3237
Precision:84.8333
Recall:77.8020
Specificity:99.5038
AUC:82.2201


------------------------Epoch:32------------------------
Acc：93.9719
Dice: 79.9755
IoU: 66.7217
Precision:87.6418
Recall:73.5968
Specificity:99.6107
AUC:76.6958


------------------------Epoch:33------------------------
Acc：93.7154
Dice: 77.6515
IoU: 63.6669
Precision:92.3904
Recall:67.1329
Specificity:99.7734
AUC:73.6979


------------------------Epoch:34------------------------
Acc：94.8144
Dice: 79.9668
IoU: 66.7411
Precision:91.0545
Recall:71.3975
Specificity:99.7119
AUC:82.6325


------------------------Epoch:35------------------------
Acc：94.9347
Dice: 85.5994
IoU: 74.8563
Precision:88.8805
Recall:82.5791
Specificity:99.6442
AUC:86.8893


------------------------Epoch:36------------------------
Acc：93.5046
Dice: 78.4495
IoU: 64.5575
Precision:84.8585
Recall:73.0112
Specificity:99.5233
AUC:78.6120


------------------------Epoch:37------------------------
Acc：94.8542
Dice: 84.6675
IoU: 73.4397
Precision:87.8876
Recall:81.6997
Specificity:99.5662
AUC:77.2396


------------------------Epoch:38------------------------
Acc：94.9646
Dice: 83.5122
IoU: 71.7110
Precision:82.7453
Recall:84.3286
Specificity:99.1613
AUC:86.5355


------------------------Epoch:39------------------------
Acc：93.8813
Dice: 78.5163
IoU: 64.6897
Precision:91.7435
Recall:68.7340
Specificity:99.7937
AUC:73.1965


------------------------Epoch:40------------------------
Acc：94.4632
Dice: 82.8435
IoU: 70.7697
Precision:84.5076
Recall:81.2889
Specificity:99.4289
AUC:84.5527


------------------------Epoch:41------------------------
Acc：95.2700
Dice: 85.8083
IoU: 75.1960
Precision:86.7205
Recall:84.9372
Specificity:99.5289
AUC:82.2767


------------------------Epoch:42------------------------
Acc：93.9412
Dice: 79.3812
IoU: 65.8726
Precision:93.4958
Recall:69.0606
Specificity:99.8060
AUC:78.3261


------------------------Epoch:43------------------------
Acc：94.2503
Dice: 82.8101
IoU: 70.7040
Precision:84.3795
Recall:81.3568
Specificity:99.4826
AUC:87.6624


------------------------Epoch:44------------------------
Acc：93.1146
Dice: 72.2122
IoU: 56.8793
Precision:93.5040
Recall:59.3042
Specificity:99.8657
AUC:67.2511


------------------------Epoch:45------------------------
Acc：94.9394
Dice: 83.5826
IoU: 71.8742
Precision:91.5681
Recall:76.9202
Specificity:99.7469
AUC:84.1659


------------------------Epoch:46------------------------
Acc：94.8526
Dice: 84.7658
IoU: 73.6109
Precision:90.2755
Recall:79.9295
Specificity:99.6725
AUC:80.7441


------------------------Epoch:47------------------------
Acc：95.0283
Dice: 84.6085
IoU: 73.3587
Precision:88.0139
Recall:81.4997
Specificity:99.5286
AUC:83.8526


------------------------Epoch:48------------------------
Acc：95.5788
Dice: 85.5684
IoU: 74.8201
Precision:90.1150
Recall:81.4673
Specificity:99.6665
AUC:77.6160


------------------------Epoch:49------------------------
Acc：93.7583
Dice: 77.4150
IoU: 63.2390
Precision:93.5781
Recall:66.0702
Specificity:99.8002
AUC:67.4031


------------------------Epoch:50------------------------
Acc：94.8035
Dice: 83.9113
IoU: 72.3196
Precision:89.2471
Recall:79.1916
Specificity:99.6538
AUC:81.7135


------------------------Epoch:51------------------------
Acc：95.2730
Dice: 84.3211
IoU: 72.9507
Precision:90.9166
Recall:78.6319
Specificity:99.7339
AUC:73.8409


------------------------Epoch:52------------------------
Acc：94.5384
Dice: 80.2841
IoU: 67.1252
Precision:90.9249
Recall:71.9112
Specificity:99.6628
AUC:86.5750


------------------------Epoch:53------------------------
Acc：93.8765
Dice: 77.5336
IoU: 63.4006
Precision:94.5915
Recall:65.7625
Specificity:99.8461
AUC:78.4974


------------------------Epoch:54------------------------
Acc：94.4603
Dice: 83.3937
IoU: 71.5942
Precision:92.5292
Recall:75.9938
Specificity:99.7614
AUC:63.5359


------------------------Epoch:55------------------------
Acc：94.3718
Dice: 79.8869
IoU: 66.5669
Precision:94.3822
Recall:69.2873
Specificity:99.8488
AUC:81.7450


------------------------Epoch:56------------------------
Acc：93.3645
Dice: 76.6627
IoU: 62.3306
Precision:94.7597
Recall:64.5592
Specificity:99.8335
AUC:65.6219


------------------------Epoch:57------------------------
Acc：96.0024
Dice: 86.7634
IoU: 76.6644
Precision:91.3179
Recall:82.6598
Specificity:99.6918
AUC:87.0007


------------------------Epoch:58------------------------
Acc：94.8817
Dice: 83.3755
IoU: 71.5651
Precision:84.9508
Recall:81.8878
Specificity:99.3942
AUC:83.4203


------------------------Epoch:59------------------------
Acc：95.1071
Dice: 82.7018
IoU: 70.5737
Precision:87.6373
Recall:78.3592
Specificity:99.5914
AUC:88.3048


------------------------Epoch:60------------------------
Acc：95.1334
Dice: 83.5750
IoU: 71.8979
Precision:91.6853
Recall:76.8841
Specificity:99.7309
AUC:82.5983


------------------------Epoch:61------------------------
Acc：94.4644
Dice: 81.8657
IoU: 69.3150
Precision:95.2367
Recall:71.7934
Specificity:99.8874
AUC:80.4465


------------------------Epoch:62------------------------
Acc：94.1463
Dice: 80.8079
IoU: 67.8222
Precision:93.2894
Recall:71.2938
Specificity:99.8212
AUC:75.8430


------------------------Epoch:63------------------------
Acc：95.5921
Dice: 85.9433
IoU: 75.3582
Precision:92.0560
Recall:80.6199
Specificity:99.6988
AUC:81.0880


------------------------Epoch:64------------------------
Acc：93.7245
Dice: 79.6613
IoU: 66.2294
Precision:91.8494
Recall:70.3731
Specificity:99.7471
AUC:79.4693


------------------------Epoch:65------------------------
Acc：94.9419
Dice: 83.6382
IoU: 71.9243
Precision:91.8539
Recall:76.8489
Specificity:99.7103
AUC:84.6811


------------------------Epoch:66------------------------
Acc：95.1936
Dice: 83.8666
IoU: 72.2482
Precision:93.3065
Recall:76.1962
Specificity:99.8217
AUC:83.0176


------------------------Epoch:67------------------------
Acc：95.3026
Dice: 83.8464
IoU: 72.2459
Precision:91.7425
Recall:77.3084
Specificity:99.6601
AUC:70.5544


------------------------Epoch:68------------------------
Acc：92.6172
Dice: 75.5071
IoU: 60.7072
Precision:87.3681
Recall:66.5393
Specificity:99.6100
AUC:70.7308


------------------------Epoch:69------------------------
Acc：95.0742
Dice: 84.0224
IoU: 72.5013
Precision:90.5686
Recall:78.3826
Specificity:99.7278
AUC:80.0458


------------------------Epoch:70------------------------
Acc：94.6572
Dice: 80.2727
IoU: 67.1049
Precision:95.5615
Recall:69.2358
Specificity:99.8829
AUC:74.2805


------------------------Epoch:71------------------------
Acc：94.4790
Dice: 80.7072
IoU: 67.6732
Precision:94.0975
Recall:70.6721
Specificity:99.8441
AUC:84.9658


------------------------Epoch:72------------------------
Acc：95.1549
Dice: 83.6250
IoU: 71.9236
Precision:95.6671
Recall:74.3519
Specificity:99.8544
AUC:87.0640


------------------------Epoch:73------------------------
Acc：94.4203
Dice: 78.3116
IoU: 64.4713
Precision:94.3941
Recall:66.9718
Specificity:99.8641
AUC:78.5861


------------------------Epoch:74------------------------
Acc：95.6854
Dice: 85.8545
IoU: 75.2701
Precision:93.9320
Recall:79.0828
Specificity:99.7970
AUC:76.5981


------------------------Epoch:75------------------------
Acc：95.4186
Dice: 84.4920
IoU: 73.2222
Precision:94.5322
Recall:76.4442
Specificity:99.8118
AUC:76.2507


------------------------Epoch:76------------------------
Acc：95.2637
Dice: 85.0382
IoU: 74.0608
Precision:93.5450
Recall:78.0211
Specificity:99.7837
AUC:76.2102


------------------------Epoch:77------------------------
Acc：94.7554
Dice: 82.1762
IoU: 69.7674
Precision:94.5484
Recall:72.6975
Specificity:99.8441
AUC:75.1926


------------------------Epoch:78------------------------
Acc：93.8272
Dice: 77.6632
IoU: 63.6599
Precision:96.0875
Recall:65.3529
Specificity:99.8787
AUC:64.0835


------------------------Epoch:79------------------------
Acc：93.0602
Dice: 73.0807
IoU: 57.7020
Precision:96.2220
Recall:59.0163
Specificity:99.9080
AUC:73.0706


------------------------Epoch:80------------------------
Acc：95.3559
Dice: 84.1452
IoU: 72.6558
Precision:95.1033
Recall:75.4727
Specificity:99.8269
AUC:74.5622


------------------------Epoch:81------------------------
Acc：95.1393
Dice: 84.2752
IoU: 72.9160
Precision:93.0187
Recall:77.0861
Specificity:99.7749
AUC:80.7940


------------------------Epoch:82------------------------
Acc：94.7252
Dice: 82.1419
IoU: 69.7696
Precision:97.0968
Recall:71.2511
Specificity:99.9126
AUC:74.8160


------------------------Epoch:83------------------------
Acc：95.1563
Dice: 84.8537
IoU: 73.7055
Precision:94.1057
Recall:77.2767
Specificity:99.7935
AUC:82.5606


------------------------Epoch:84------------------------
Acc：94.0750
Dice: 78.1846
IoU: 64.3233
Precision:95.7053
Recall:66.2219
Specificity:99.8758
AUC:78.5304


------------------------Epoch:85------------------------
Acc：95.3184
Dice: 84.3049
IoU: 72.9078
Precision:96.1143
Recall:75.1563
Specificity:99.8317
AUC:78.4797


------------------------Epoch:86------------------------
Acc：95.0045
Dice: 84.1661
IoU: 72.7396
Precision:91.7586
Recall:77.9204
Specificity:99.6242
AUC:81.6507


------------------------Epoch:87------------------------
Acc：95.7144
Dice: 85.7665
IoU: 75.1174
Precision:94.3265
Recall:78.6572
Specificity:99.8166
AUC:83.3915


------------------------Epoch:88------------------------
Acc：95.6117
Dice: 86.0716
IoU: 75.5676
Precision:95.9917
Recall:78.0260
Specificity:99.8778
AUC:77.8620


------------------------Epoch:89------------------------
Acc：94.4239
Dice: 80.8541
IoU: 67.9726
Precision:96.9842
Recall:69.4552
Specificity:99.8854
AUC:77.9030


------------------------Epoch:90------------------------
Acc：94.9611
Dice: 83.5312
IoU: 71.7484
Precision:96.3126
Recall:73.7888
Specificity:99.8767
AUC:68.7849


------------------------Epoch:91------------------------
Acc：94.9654
Dice: 83.8365
IoU: 72.2002
Precision:86.2437
Recall:81.6855
Specificity:99.3939
AUC:82.2397


------------------------Epoch:92------------------------
Acc：95.8204
Dice: 87.7066
IoU: 78.1479
Precision:94.3250
Recall:82.0410
Specificity:99.7667
AUC:81.5192


------------------------Epoch:93------------------------
Acc：95.3920
Dice: 85.7234
IoU: 75.0500
Precision:95.0914
Recall:78.0908
Specificity:99.8265
AUC:86.3519


------------------------Epoch:94------------------------
Acc：95.3278
Dice: 86.3564
IoU: 76.0628
Precision:84.2169
Recall:88.6539
Specificity:99.4009
AUC:89.7600


------------------------Epoch:95------------------------
Acc：95.8199
Dice: 85.5783
IoU: 74.8527
Precision:95.5953
Recall:77.5196
Specificity:99.8520
AUC:86.4158


------------------------Epoch:96------------------------
Acc：95.0286
Dice: 82.6964
IoU: 70.6583
Precision:96.4652
Recall:72.5334
Specificity:99.8827
AUC:85.8381


------------------------Epoch:97------------------------
Acc：95.0932
Dice: 82.9800
IoU: 70.9204
Precision:96.3160
Recall:72.8966
Specificity:99.8859
AUC:86.5610


------------------------Epoch:98------------------------
Acc：93.3249
Dice: 76.4583
IoU: 61.9798
Precision:97.7238
Recall:62.8999
Specificity:99.9201
AUC:69.5004


------------------------Epoch:99------------------------
Acc：95.5876
Dice: 85.3508
IoU: 74.5221
Precision:94.5676
Recall:77.8886
Specificity:99.7778
AUC:82.9959

<<<-------------------第2折结束----------------->>>
Mean Accuracy:93.89781188964844
Mean IoU:67.16304016113281
Mean Dice:80.0970458984375

****************************Fold:3********************************


------------------------Epoch:0------------------------
Acc：87.5881
Dice: 55.6028
IoU: 38.5515
Precision:63.4411
Recall:49.9725
Specificity:98.9187
AUC:77.5926


------------------------Epoch:1------------------------
Acc：89.9349
Dice: 65.4456
IoU: 48.6567
Precision:71.5866
Recall:60.4542
Specificity:99.0651
AUC:70.9241


------------------------Epoch:2------------------------
Acc：89.8047
Dice: 68.5115
IoU: 52.1400
Precision:69.9955
Recall:67.2145
Specificity:98.9707
AUC:73.8717


------------------------Epoch:3------------------------
Acc：90.4866
Dice: 65.6287
IoU: 48.9896
Precision:73.0378
Recall:59.9238
Specificity:99.1306
AUC:79.2450


------------------------Epoch:4------------------------
Acc：89.6133
Dice: 62.8433
IoU: 45.8414
Precision:75.3170
Recall:54.0950
Specificity:99.3701
AUC:62.4405


------------------------Epoch:5------------------------
Acc：90.5801
Dice: 70.2926
IoU: 54.2035
Precision:71.3522
Recall:69.5885
Specificity:99.0043
AUC:72.1120


------------------------Epoch:6------------------------
Acc：90.5911
Dice: 66.3810
IoU: 49.7513
Precision:78.2176
Recall:57.8486
Specificity:99.4029
AUC:64.0751


------------------------Epoch:7------------------------
Acc：91.8011
Dice: 73.8000
IoU: 58.5069
Precision:73.0988
Recall:74.7411
Specificity:98.9430
AUC:82.2368


------------------------Epoch:8------------------------
Acc：91.0130
Dice: 74.4536
IoU: 59.3405
Precision:66.5424
Recall:84.7316
Specificity:98.3626
AUC:82.0317


------------------------Epoch:9------------------------
Acc：86.0562
Dice: 65.3128
IoU: 48.5152
Precision:53.0397
Recall:85.1313
Specificity:96.4062
AUC:82.7195


------------------------Epoch:10------------------------
Acc：90.9610
Dice: 74.4127
IoU: 59.3117
Precision:69.0351
Recall:80.8688
Specificity:98.6224
AUC:84.2503


------------------------Epoch:11------------------------
Acc：92.2780
Dice: 77.4757
IoU: 63.2707
Precision:72.7917
Recall:82.8616
Specificity:98.6995
AUC:74.7181


------------------------Epoch:12------------------------
Acc：92.8998
Dice: 78.9999
IoU: 65.3106
Precision:77.9071
Recall:80.1977
Specificity:99.1426
AUC:87.0214


------------------------Epoch:13------------------------
Acc：91.8659
Dice: 77.5200
IoU: 63.3258
Precision:72.1007
Recall:83.9684
Specificity:98.8096
AUC:81.7466


------------------------Epoch:14------------------------
Acc：92.7836
Dice: 78.0726
IoU: 64.0972
Precision:74.5990
Recall:81.9769
Specificity:98.8368
AUC:80.3438


------------------------Epoch:15------------------------
Acc：92.1257
Dice: 76.7159
IoU: 62.2600
Precision:72.1517
Recall:82.0778
Specificity:98.7659
AUC:80.0898


------------------------Epoch:16------------------------
Acc：89.5749
Dice: 63.6164
IoU: 46.9566
Precision:82.1244
Recall:52.3769
Specificity:99.5803
AUC:56.9187


------------------------Epoch:17------------------------
Acc：90.8499
Dice: 71.4041
IoU: 55.6259
Precision:77.6718
Recall:66.1922
Specificity:99.1814
AUC:63.5132


------------------------Epoch:18------------------------
Acc：93.7979
Dice: 80.3264
IoU: 67.2213
Precision:83.6815
Recall:77.2518
Specificity:99.4912
AUC:84.0105


------------------------Epoch:19------------------------
Acc：93.1069
Dice: 78.9701
IoU: 65.3243
Precision:76.5803
Recall:81.6139
Specificity:99.1099
AUC:89.7154


------------------------Epoch:20------------------------
Acc：93.3367
Dice: 79.7296
IoU: 66.3554
Precision:82.0824
Recall:77.6489
Specificity:99.3022
AUC:72.4166


------------------------Epoch:21------------------------
Acc：92.8783
Dice: 76.1823
IoU: 61.6710
Precision:87.0698
Recall:67.8030
Specificity:99.6352
AUC:64.7151


------------------------Epoch:22------------------------
Acc：91.7616
Dice: 70.6825
IoU: 54.7005
Precision:87.1657
Recall:59.4996
Specificity:99.7268
AUC:72.7102


------------------------Epoch:23------------------------
Acc：92.7474
Dice: 75.3484
IoU: 60.5006
Precision:80.5870
Recall:70.8351
Specificity:99.3315
AUC:70.4744


------------------------Epoch:24------------------------
Acc：93.6286
Dice: 79.4998
IoU: 66.0169
Precision:86.5232
Recall:73.5528
Specificity:99.6043
AUC:71.7273


------------------------Epoch:25------------------------
Acc：93.8011
Dice: 80.4595
IoU: 67.3343
Precision:79.1362
Recall:81.8936
Specificity:99.1029
AUC:82.8154


------------------------Epoch:26------------------------
Acc：94.1537
Dice: 81.2394
IoU: 68.4266
Precision:81.0838
Recall:81.4682
Specificity:99.2693
AUC:84.3795


------------------------Epoch:27------------------------
Acc：94.2124
Dice: 80.4910
IoU: 67.3880
Precision:84.0661
Recall:77.2772
Specificity:99.4712
AUC:85.1616


------------------------Epoch:28------------------------
Acc：93.4366
Dice: 79.8755
IoU: 66.6062
Precision:88.9263
Recall:72.6536
Specificity:99.5729
AUC:70.3601


------------------------Epoch:29------------------------
Acc：93.9293
Dice: 81.7498
IoU: 69.2002
Precision:83.2597
Recall:80.3839
Specificity:99.3207
AUC:85.3321


------------------------Epoch:30------------------------
Acc：92.8923
Dice: 78.1098
IoU: 64.1317
Precision:87.3595
Recall:70.6873
Specificity:99.5557
AUC:75.6652


------------------------Epoch:31------------------------
Acc：93.2210
Dice: 79.1219
IoU: 65.5496
Precision:84.3985
Recall:74.4927
Specificity:99.5076
AUC:68.8413


------------------------Epoch:32------------------------
Acc：94.1439
Dice: 81.4567
IoU: 68.7948
Precision:90.5593
Recall:74.0910
Specificity:99.6955
AUC:72.5368


------------------------Epoch:33------------------------
Acc：93.7385
Dice: 80.7790
IoU: 67.8222
Precision:88.7986
Recall:74.1347
Specificity:99.6359
AUC:80.3785


------------------------Epoch:34------------------------
Acc：92.7631
Dice: 76.2600
IoU: 61.8499
Precision:87.6131
Recall:67.6266
Specificity:99.6671
AUC:64.8728


------------------------Epoch:35------------------------
Acc：94.3683
Dice: 82.3581
IoU: 70.0809
Precision:85.4933
Recall:79.4824
Specificity:99.4519
AUC:87.3180


------------------------Epoch:36------------------------
Acc：94.4081
Dice: 83.1344
IoU: 71.1803
Precision:87.8916
Recall:78.9004
Specificity:99.5857
AUC:84.6063


------------------------Epoch:37------------------------
Acc：92.5058
Dice: 73.9863
IoU: 58.8626
Precision:91.4337
Recall:62.2511
Specificity:99.7608
AUC:66.5584


------------------------Epoch:38------------------------
Acc：94.0439
Dice: 78.7061
IoU: 64.9678
Precision:91.8413
Recall:68.9051
Specificity:99.7664
AUC:77.6630


------------------------Epoch:39------------------------
Acc：93.9080
Dice: 78.5750
IoU: 64.7712
Precision:84.7897
Recall:73.2297
Specificity:99.4487
AUC:79.7543


------------------------Epoch:40------------------------
Acc：93.6664
Dice: 81.6464
IoU: 69.0384
Precision:81.0676
Recall:82.2790
Specificity:99.2332
AUC:81.3896


------------------------Epoch:41------------------------
Acc：94.3891
Dice: 82.1004
IoU: 69.6875
Precision:88.9460
Recall:76.2970
Specificity:99.6248
AUC:86.5111


------------------------Epoch:42------------------------
Acc：94.9196
Dice: 85.0079
IoU: 73.9779
Precision:83.7434
Recall:86.4390
Specificity:99.2788
AUC:87.3078


------------------------Epoch:43------------------------
Acc：93.5774
Dice: 74.1867
IoU: 59.2120
Precision:89.3539
Recall:63.6818
Specificity:99.7072
AUC:74.6818


------------------------Epoch:44------------------------
Acc：93.6183
Dice: 76.8277
IoU: 62.4319
Precision:94.1083
Recall:64.9492
Specificity:99.8619
AUC:75.8890


------------------------Epoch:45------------------------
Acc：94.6396
Dice: 83.6642
IoU: 71.9818
Precision:92.0770
Recall:76.6969
Specificity:99.7668
AUC:77.7357


------------------------Epoch:46------------------------
Acc：93.5610
Dice: 78.7523
IoU: 65.0222
Precision:92.6779
Recall:68.5304
Specificity:99.8048
AUC:81.5437


------------------------Epoch:47------------------------
Acc：92.8562
Dice: 76.8636
IoU: 62.5224
Precision:72.6196
Recall:82.0802
Specificity:98.4781
AUC:78.8074


------------------------Epoch:48------------------------
Acc：94.6780
Dice: 80.3239
IoU: 67.2486
Precision:88.5016
Recall:73.8248
Specificity:99.6808
AUC:73.3252


------------------------Epoch:49------------------------
Acc：93.8949
Dice: 78.6599
IoU: 64.9200
Precision:96.3500
Recall:66.5456
Specificity:99.8972
AUC:76.7010


------------------------Epoch:50------------------------
Acc：93.2202
Dice: 77.4623
IoU: 63.3034
Precision:90.7510
Recall:67.6080
Specificity:99.7697
AUC:79.3373


------------------------Epoch:51------------------------
Acc：94.3475
Dice: 81.4680
IoU: 68.8022
Precision:90.9009
Recall:73.8266
Specificity:99.7365
AUC:78.7641


------------------------Epoch:52------------------------
Acc：94.9506
Dice: 84.6624
IoU: 73.4281
Precision:85.1979
Recall:84.1688
Specificity:99.3787
AUC:82.4554


------------------------Epoch:53------------------------
Acc：93.4896
Dice: 78.8283
IoU: 65.0860
Precision:87.6184
Recall:71.6827
Specificity:99.6222
AUC:62.9377


------------------------Epoch:54------------------------
Acc：95.4944
Dice: 84.9998
IoU: 73.9290
Precision:92.7781
Recall:78.4698
Specificity:99.7918
AUC:77.0611


------------------------Epoch:55------------------------
Acc：93.1806
Dice: 76.8782
IoU: 62.5411
Precision:91.4130
Recall:66.4159
Specificity:99.7775
AUC:65.9201


------------------------Epoch:56------------------------
Acc：94.8295
Dice: 83.4667
IoU: 71.7130
Precision:91.9093
Recall:76.5103
Specificity:99.7258
AUC:69.8507


------------------------Epoch:57------------------------
Acc：94.6441
Dice: 83.5904
IoU: 71.8836
Precision:92.1471
Recall:76.6305
Specificity:99.7284
AUC:76.4702


------------------------Epoch:58------------------------
Acc：95.0893
Dice: 82.7741
IoU: 70.7136
Precision:94.2443
Recall:73.8796
Specificity:99.8134
AUC:73.9968


------------------------Epoch:59------------------------
Acc：94.5297
Dice: 82.3230
IoU: 70.0502
Precision:86.2648
Recall:78.7831
Specificity:99.5133
AUC:74.0856


------------------------Epoch:60------------------------
Acc：94.7508
Dice: 82.2154
IoU: 69.8199
Precision:95.3262
Recall:72.2923
Specificity:99.8735
AUC:74.1165


------------------------Epoch:61------------------------
Acc：94.3093
Dice: 81.4826
IoU: 68.8712
Precision:93.0175
Recall:72.6174
Specificity:99.7917
AUC:81.1748


------------------------Epoch:62------------------------
Acc：93.8397
Dice: 78.7411
IoU: 65.0059
Precision:93.7240
Recall:67.9412
Specificity:99.8367
AUC:75.4210


------------------------Epoch:63------------------------
Acc：93.8318
Dice: 80.7935
IoU: 67.8363
Precision:87.2517
Recall:75.2390
Specificity:99.5871
AUC:62.7193


------------------------Epoch:64------------------------
Acc：92.8026
Dice: 74.9447
IoU: 60.0214
Precision:95.0710
Recall:61.9371
Specificity:99.8938
AUC:63.3472


------------------------Epoch:65------------------------
Acc：95.2192
Dice: 83.1635
IoU: 71.2328
Precision:91.4190
Recall:76.3141
Specificity:99.6850
AUC:80.4268


------------------------Epoch:66------------------------
Acc：94.9567
Dice: 83.6371
IoU: 71.8886
Precision:93.7939
Recall:75.5083
Specificity:99.7720
AUC:81.1682


------------------------Epoch:67------------------------
Acc：94.8431
Dice: 83.3393
IoU: 71.4826
Precision:93.1879
Recall:75.4111
Specificity:99.7761
AUC:82.2650


------------------------Epoch:68------------------------
Acc：95.1284
Dice: 84.0558
IoU: 72.5368
Precision:93.4281
Recall:76.4113
Specificity:99.8089
AUC:77.8505


------------------------Epoch:69------------------------
Acc：94.8640
Dice: 81.9849
IoU: 69.5034
Precision:94.2215
Recall:72.5849
Specificity:99.8445
AUC:89.7364


------------------------Epoch:70------------------------
Acc：95.5494
Dice: 85.7013
IoU: 74.9989
Precision:92.4127
Recall:79.9300
Specificity:99.6975
AUC:86.1993


------------------------Epoch:71------------------------
Acc：93.6838
Dice: 77.5378
IoU: 63.3853
Precision:95.7088
Recall:65.2209
Specificity:99.8907
AUC:66.9291


------------------------Epoch:72------------------------
Acc：93.6901
Dice: 78.9084
IoU: 65.2256
Precision:96.5173
Recall:66.7892
Specificity:99.8995
AUC:71.5064


------------------------Epoch:73------------------------
Acc：94.8185
Dice: 82.3319
IoU: 70.0774
Precision:95.4016
Recall:72.5031
Specificity:99.8785
AUC:78.7266


------------------------Epoch:74------------------------
Acc：94.9437
Dice: 84.9412
IoU: 73.9238
Precision:91.8568
Recall:79.0293
Specificity:99.7712
AUC:74.0192


------------------------Epoch:75------------------------
Acc：95.8534
Dice: 86.7627
IoU: 76.6511
Precision:95.4008
Recall:79.5793
Specificity:99.8637
AUC:77.6611


------------------------Epoch:76------------------------
Acc：93.1931
Dice: 76.3149
IoU: 61.7514
Precision:95.2124
Recall:63.7611
Specificity:99.8525
AUC:67.3087


------------------------Epoch:77------------------------
Acc：96.4605
Dice: 88.7349
IoU: 79.7531
Precision:90.2571
Recall:87.2891
Specificity:99.5784
AUC:91.3072
-----> Saving weight_point......
Found better model! Saving to weight_point.pth.tar with IoU Index: 79.7530746459961


------------------------Epoch:78------------------------
Acc：95.7570
Dice: 86.2146
IoU: 75.8109
Precision:94.6427
Recall:79.1911
Specificity:99.8353
AUC:85.0385


------------------------Epoch:79------------------------
Acc：94.6712
Dice: 83.1109
IoU: 71.1533
Precision:89.3257
Recall:77.7660
Specificity:99.6323
AUC:83.7000


------------------------Epoch:80------------------------
Acc：93.8656
Dice: 78.0608
IoU: 64.1519
Precision:96.7957
Recall:65.5465
Specificity:99.8996
AUC:76.2346


------------------------Epoch:81------------------------
Acc：93.7731
Dice: 77.8581
IoU: 63.8552
Precision:96.3746
Recall:65.3932
Specificity:99.9084
AUC:73.1432


------------------------Epoch:82------------------------
Acc：93.2374
Dice: 77.5949
IoU: 63.5282
Precision:96.8467
Recall:64.8768
Specificity:99.9029
AUC:65.8317


------------------------Epoch:83------------------------
Acc：93.6370
Dice: 79.5301
IoU: 66.1415
Precision:95.6761
Recall:68.1826
Specificity:99.8785
AUC:73.0090


------------------------Epoch:84------------------------
Acc：94.6080
Dice: 82.0218
IoU: 69.5563
Precision:95.2161
Recall:72.0688
Specificity:99.8675
AUC:67.8128


------------------------Epoch:85------------------------
Acc：94.8873
Dice: 82.7368
IoU: 70.6171
Precision:95.4972
Recall:73.0512
Specificity:99.8388
AUC:76.6779


------------------------Epoch:86------------------------
Acc：94.1179
Dice: 80.4669
IoU: 67.3942
Precision:96.3216
Recall:69.1799
Specificity:99.8972
AUC:74.4154


------------------------Epoch:87------------------------
Acc：95.0548
Dice: 85.5028
IoU: 74.7345
Precision:94.6417
Recall:78.0301
Specificity:99.8257
AUC:77.2789


------------------------Epoch:88------------------------
Acc：95.9381
Dice: 87.5444
IoU: 77.8644
Precision:89.0154
Recall:86.2702
Specificity:99.4483
AUC:89.8881


------------------------Epoch:89------------------------
Acc：94.6041
Dice: 82.6390
IoU: 70.5289
Precision:94.4537
Recall:73.5668
Specificity:99.8314
AUC:76.5251


------------------------Epoch:90------------------------
Acc：95.8751
Dice: 87.1435
IoU: 77.2353
Precision:92.6600
Recall:82.3584
Specificity:99.6736
AUC:74.5726


------------------------Epoch:91------------------------
Acc：94.6125
Dice: 81.8795
IoU: 69.4104
Precision:95.7450
Recall:71.6218
Specificity:99.8755
AUC:84.8471


------------------------Epoch:92------------------------
Acc：95.1154
Dice: 82.6115
IoU: 70.3989
Precision:96.1833
Recall:72.4309
Specificity:99.8740
AUC:76.2353


------------------------Epoch:93------------------------
Acc：95.2015
Dice: 85.8956
IoU: 75.3447
Precision:94.5060
Recall:78.8106
Specificity:99.8182
AUC:78.2892


------------------------Epoch:94------------------------
Acc：95.5525
Dice: 86.5208
IoU: 76.2769
Precision:92.0401
Recall:81.6851
Specificity:99.7234
AUC:87.1613


------------------------Epoch:95------------------------
Acc：94.7657
Dice: 82.1725
IoU: 69.7890
Precision:96.4805
Recall:71.6198
Specificity:99.8830
AUC:72.4118


------------------------Epoch:96------------------------
Acc：93.2920
Dice: 76.2346
IoU: 61.6616
Precision:84.3649
Recall:69.6575
Specificity:99.3188
AUC:71.3087


------------------------Epoch:97------------------------
Acc：94.2944
Dice: 81.0032
IoU: 68.1840
Precision:95.3356
Recall:70.5287
Specificity:99.8614
AUC:80.7528


------------------------Epoch:98------------------------
Acc：95.5089
Dice: 85.6638
IoU: 74.9375
Precision:97.1836
Recall:76.6003
Specificity:99.9105
AUC:78.9199


------------------------Epoch:99------------------------
Acc：94.5780
Dice: 81.0678
IoU: 68.1898
Precision:97.6020
Recall:69.3538
Specificity:99.9246
AUC:76.3063

<<<-------------------第3折结束----------------->>>
Mean Accuracy:93.56851196289062
Mean IoU:65.81634521484375
Mean Dice:79.07080841064453

****************************Fold:4********************************


------------------------Epoch:0------------------------
Acc：87.5588
Dice: 61.3912
IoU: 44.3254
Precision:61.1392
Recall:61.9601
Specificity:98.4527
AUC:82.1767


------------------------Epoch:1------------------------
Acc：89.3664
Dice: 58.4061
IoU: 41.2642
Precision:79.7130
Recall:46.1720
Specificity:99.5689
AUC:69.5325


------------------------Epoch:2------------------------
Acc：90.4545
Dice: 67.3998
IoU: 50.8464
Precision:74.3215
Recall:61.7997
Specificity:99.2027
AUC:76.4239


------------------------Epoch:3------------------------
Acc：90.8484
Dice: 66.2189
IoU: 49.5829
Precision:74.9251
Recall:59.4091
Specificity:99.2054
AUC:70.5944


------------------------Epoch:4------------------------
Acc：91.2859
Dice: 69.0901
IoU: 52.8397
Precision:76.7883
Recall:62.9185
Specificity:99.2389
AUC:79.1895


------------------------Epoch:5------------------------
Acc：91.5452
Dice: 70.6296
IoU: 54.6350
Precision:77.9998
Recall:64.6345
Specificity:99.3376
AUC:76.8587


------------------------Epoch:6------------------------
Acc：92.2112
Dice: 74.9538
IoU: 59.9759
Precision:75.6039
Recall:74.4275
Specificity:99.0926
AUC:79.7697


------------------------Epoch:7------------------------
Acc：91.9040
Dice: 75.8184
IoU: 61.0821
Precision:71.9583
Recall:80.2410
Specificity:98.7843
AUC:84.6652


------------------------Epoch:8------------------------
Acc：92.8357
Dice: 78.5909
IoU: 64.7958
Precision:75.5568
Recall:82.0171
Specificity:99.0479
AUC:82.2172


------------------------Epoch:9------------------------
Acc：92.1439
Dice: 76.3972
IoU: 61.8781
Precision:72.4334
Recall:80.9385
Specificity:98.7759
AUC:86.0589


------------------------Epoch:10------------------------
Acc：92.6363
Dice: 76.2988
IoU: 61.7358
Precision:74.5915
Recall:78.1698
Specificity:98.9524
AUC:82.9343


------------------------Epoch:11------------------------
Acc：92.6105
Dice: 76.6011
IoU: 62.1096
Precision:78.0574
Recall:75.3426
Specificity:99.2075
AUC:70.6718


------------------------Epoch:12------------------------
Acc：92.6367
Dice: 74.7096
IoU: 59.6972
Precision:82.8422
Recall:68.0626
Specificity:99.4697
AUC:65.8466


------------------------Epoch:13------------------------
Acc：92.8284
Dice: 75.4730
IoU: 60.6505
Precision:78.8170
Recall:72.6797
Specificity:99.3237
AUC:80.2881


------------------------Epoch:14------------------------
Acc：92.9197
Dice: 78.0165
IoU: 63.9726
Precision:78.3179
Recall:77.7885
Specificity:99.1694
AUC:84.0115


------------------------Epoch:15------------------------
Acc：92.9813
Dice: 77.9929
IoU: 64.0125
Precision:76.3448
Recall:79.7481
Specificity:99.0480
AUC:90.6027


------------------------Epoch:16------------------------
Acc：93.5256
Dice: 79.4905
IoU: 65.9985
Precision:76.9121
Recall:82.3012
Specificity:99.0244
AUC:80.7100


------------------------Epoch:17------------------------
Acc：93.1625
Dice: 79.1109
IoU: 65.5078
Precision:78.3901
Recall:79.9210
Specificity:99.2019
AUC:82.2918


------------------------Epoch:18------------------------
Acc：89.9909
Dice: 72.6424
IoU: 57.0870
Precision:65.6325
Recall:81.6652
Specificity:98.4048
AUC:85.7449


------------------------Epoch:19------------------------
Acc：93.9813
Dice: 80.5444
IoU: 67.4697
Precision:82.0003
Recall:79.1786
Specificity:99.3420
AUC:83.3133


------------------------Epoch:20------------------------
Acc：93.4812
Dice: 78.2906
IoU: 64.3688
Precision:76.9718
Recall:79.8002
Specificity:99.0594
AUC:85.0091


------------------------Epoch:21------------------------
Acc：93.6244
Dice: 82.0036
IoU: 69.5912
Precision:76.9474
Recall:87.8090
Specificity:99.0195
AUC:80.1024


------------------------Epoch:22------------------------
Acc：93.0795
Dice: 78.8795
IoU: 65.1519
Precision:79.5996
Recall:78.3007
Specificity:99.3372
AUC:80.2144


------------------------Epoch:23------------------------
Acc：94.4511
Dice: 82.9173
IoU: 70.8674
Precision:83.0798
Recall:82.7652
Specificity:99.3731
AUC:78.8654


------------------------Epoch:24------------------------
Acc：94.3893
Dice: 83.4255
IoU: 71.6088
Precision:81.5866
Recall:85.4031
Specificity:99.2511
AUC:75.5322


------------------------Epoch:25------------------------
Acc：94.3018
Dice: 82.9910
IoU: 70.9825
Precision:81.7759
Recall:84.2830
Specificity:99.2421
AUC:87.9944


------------------------Epoch:26------------------------
Acc：93.3232
Dice: 80.9314
IoU: 67.9873
Precision:80.1483
Recall:81.7723
Specificity:99.2094
AUC:82.8204


------------------------Epoch:27------------------------
Acc：94.1856
Dice: 81.2634
IoU: 68.4490
Precision:82.2078
Recall:80.3753
Specificity:99.2749
AUC:84.2354


------------------------Epoch:28------------------------
Acc：92.3569
Dice: 73.2529
IoU: 57.8550
Precision:92.8831
Recall:60.5084
Specificity:99.8406
AUC:77.0432


------------------------Epoch:29------------------------
Acc：93.4250
Dice: 80.1726
IoU: 66.9498
Precision:82.7901
Recall:77.7446
Specificity:99.4026
AUC:73.5735


------------------------Epoch:30------------------------
Acc：94.9959
Dice: 84.3352
IoU: 72.9576
Precision:88.8892
Recall:80.3289
Specificity:99.5653
AUC:85.3660


------------------------Epoch:31------------------------
Acc：94.6723
Dice: 80.6154
IoU: 67.6008
Precision:86.1615
Recall:75.8147
Specificity:99.5402
AUC:71.0473


------------------------Epoch:32------------------------
Acc：92.6048
Dice: 74.2481
IoU: 59.1181
Precision:95.7517
Recall:60.7289
Specificity:99.8683
AUC:64.5233


------------------------Epoch:33------------------------
Acc：94.5615
Dice: 83.8859
IoU: 72.2963
Precision:84.2433
Recall:83.5572
Specificity:99.3517
AUC:84.1626


------------------------Epoch:34------------------------
Acc：91.7130
Dice: 72.0740
IoU: 56.4408
Precision:87.6691
Recall:61.2827
Specificity:99.7047
AUC:58.0472


------------------------Epoch:35------------------------
Acc：94.9599
Dice: 83.5175
IoU: 71.7837
Precision:89.0493
Recall:78.6704
Specificity:99.6307
AUC:83.7851


------------------------Epoch:36------------------------
Acc：94.7627
Dice: 84.0340
IoU: 72.4795
Precision:85.4768
Recall:82.6646
Specificity:99.4538
AUC:77.4706


------------------------Epoch:37------------------------
Acc：94.0297
Dice: 79.5564
IoU: 66.0732
Precision:88.7555
Recall:72.0944
Specificity:99.6352
AUC:83.5200


------------------------Epoch:38------------------------
Acc：94.7985
Dice: 80.6597
IoU: 67.6569
Precision:90.8714
Recall:72.5735
Specificity:99.7527
AUC:87.6740


------------------------Epoch:39------------------------
Acc：95.1571
Dice: 83.8613
IoU: 72.2251
Precision:92.3208
Recall:76.8308
Specificity:99.7734
AUC:79.6462


------------------------Epoch:40------------------------
Acc：93.9413
Dice: 78.6018
IoU: 64.7564
Precision:93.1936
Recall:67.9745
Specificity:99.8010
AUC:78.7229


------------------------Epoch:41------------------------
Acc：93.1751
Dice: 72.5975
IoU: 57.0836
Precision:92.9047
Recall:59.6497
Specificity:99.8344
AUC:74.4568


------------------------Epoch:42------------------------
Acc：94.3137
Dice: 81.4852
IoU: 68.7809
Precision:90.9617
Recall:73.8163
Specificity:99.7113
AUC:69.9791


------------------------Epoch:43------------------------
Acc：94.5956
Dice: 81.5680
IoU: 68.9364
Precision:89.3543
Recall:75.0542
Specificity:99.6538
AUC:81.2441


------------------------Epoch:44------------------------
Acc：95.2590
Dice: 84.0977
IoU: 72.6417
Precision:88.4811
Recall:80.1442
Specificity:99.5827
AUC:82.4516


------------------------Epoch:45------------------------
Acc：94.5648
Dice: 81.1608
IoU: 68.3100
Precision:93.0885
Recall:71.9792
Specificity:99.8170
AUC:74.7515


------------------------Epoch:46------------------------
Acc：95.4222
Dice: 84.2951
IoU: 72.8857
Precision:90.6067
Recall:78.8234
Specificity:99.6347
AUC:83.6069


------------------------Epoch:47------------------------
Acc：94.2337
Dice: 82.6289
IoU: 70.4456
Precision:89.3313
Recall:76.9610
Specificity:99.5724
AUC:66.4379


------------------------Epoch:48------------------------
Acc：94.8676
Dice: 82.3813
IoU: 70.1551
Precision:92.2984
Recall:74.4719
Specificity:99.7539
AUC:76.1518


------------------------Epoch:49------------------------
Acc：95.1347
Dice: 84.2590
IoU: 72.8355
Precision:88.5424
Recall:80.3968
Specificity:99.5888
AUC:77.1612


------------------------Epoch:50------------------------
Acc：94.6012
Dice: 81.2116
IoU: 68.4072
Precision:95.0492
Recall:70.9578
Specificity:99.8389
AUC:70.8223


------------------------Epoch:51------------------------
Acc：95.6963
Dice: 85.6162
IoU: 74.9012
Precision:88.0096
Recall:83.3899
Specificity:99.5279
AUC:78.6587


------------------------Epoch:52------------------------
Acc：95.5235
Dice: 86.0575
IoU: 75.5496
Precision:92.7187
Recall:80.2998
Specificity:99.7657
AUC:75.5554


------------------------Epoch:53------------------------
Acc：95.6466
Dice: 86.4629
IoU: 76.1897
Precision:91.4227
Recall:82.0394
Specificity:99.6976
AUC:82.2523


------------------------Epoch:54------------------------
Acc：94.8274
Dice: 82.3168
IoU: 69.9709
Precision:94.2890
Recall:73.0482
Specificity:99.8575
AUC:79.4330


------------------------Epoch:55------------------------
Acc：93.4270
Dice: 77.6296
IoU: 63.5286
Precision:95.3045
Recall:65.5414
Specificity:99.8803
AUC:67.1825


------------------------Epoch:56------------------------
Acc：94.9806
Dice: 82.8101
IoU: 70.7044
Precision:93.6716
Recall:74.2414
Specificity:99.7952
AUC:73.2533


------------------------Epoch:57------------------------
Acc：95.1578
Dice: 84.8414
IoU: 73.6866
Precision:90.7197
Recall:79.7039
Specificity:99.6528
AUC:81.4026


------------------------Epoch:58------------------------
Acc：94.8348
Dice: 82.6062
IoU: 70.4176
Precision:96.2237
Recall:72.4158
Specificity:99.8860
AUC:77.6990


------------------------Epoch:59------------------------
Acc：94.9243
Dice: 82.8884
IoU: 70.7969
Precision:89.2424
Recall:77.3908
Specificity:99.5315
AUC:86.8086


------------------------Epoch:60------------------------
Acc：95.2404
Dice: 85.0639
IoU: 74.0562
Precision:84.3990
Recall:85.9160
Specificity:99.2338
AUC:77.4369


------------------------Epoch:61------------------------
Acc：94.0361
Dice: 79.7617
IoU: 66.3988
Precision:93.4330
Recall:69.6235
Specificity:99.8093
AUC:72.9255


------------------------Epoch:62------------------------
Acc：94.5746
Dice: 79.5197
IoU: 66.1394
Precision:90.6472
Recall:70.9646
Specificity:99.7004
AUC:70.1322


------------------------Epoch:63------------------------
Acc：94.9937
Dice: 82.5151
IoU: 70.2755
Precision:95.7885
Recall:72.5210
Specificity:99.8672
AUC:73.6941


------------------------Epoch:64------------------------
Acc：94.5265
Dice: 81.6215
IoU: 69.0078
Precision:93.5787
Recall:72.4228
Specificity:99.7847
AUC:74.2933


------------------------Epoch:65------------------------
Acc：94.8316
Dice: 83.2811
IoU: 71.3658
Precision:94.5721
Recall:74.4084
Specificity:99.8358
AUC:76.5031


------------------------Epoch:66------------------------
Acc：95.3914
Dice: 84.5335
IoU: 73.2907
Precision:90.7624
Recall:79.2000
Specificity:99.6555
AUC:83.4140


------------------------Epoch:67------------------------
Acc：95.4829
Dice: 85.1465
IoU: 74.1851
Precision:94.7324
Recall:77.3667
Specificity:99.8327
AUC:81.2056


------------------------Epoch:68------------------------
Acc：95.6754
Dice: 85.5424
IoU: 74.7642
Precision:91.0453
Recall:80.6813
Specificity:99.7041
AUC:79.4055


------------------------Epoch:69------------------------
Acc：95.6789
Dice: 85.7357
IoU: 75.0407
Precision:94.3061
Recall:78.6000
Specificity:99.8126
AUC:81.4651


------------------------Epoch:70------------------------
Acc：95.8895
Dice: 86.5797
IoU: 76.3791
Precision:93.0918
Recall:80.9666
Specificity:99.7375
AUC:89.2328


------------------------Epoch:71------------------------
Acc：95.8111
Dice: 87.3981
IoU: 77.6240
Precision:91.3077
Recall:83.8400
Specificity:99.6274
AUC:83.5422


------------------------Epoch:72------------------------
Acc：95.2124
Dice: 86.6729
IoU: 76.5436
Precision:93.1263
Recall:81.1356
Specificity:99.7445
AUC:76.8863


------------------------Epoch:73------------------------
Acc：95.2922
Dice: 85.0963
IoU: 74.1342
Precision:95.8367
Recall:76.5926
Specificity:99.8692
AUC:65.4828


------------------------Epoch:74------------------------
Acc：95.3647
Dice: 83.3096
IoU: 71.4488
Precision:96.4955
Recall:73.3360
Specificity:99.9037
AUC:74.7699


------------------------Epoch:75------------------------
Acc：95.6271
Dice: 86.0875
IoU: 75.6193
Precision:93.1786
Recall:80.0455
Specificity:99.7547
AUC:76.6615


------------------------Epoch:76------------------------
Acc：95.0452
Dice: 85.0739
IoU: 74.1085
Precision:94.9404
Recall:77.2051
Specificity:99.8058
AUC:69.4012


------------------------Epoch:77------------------------
Acc：93.4733
Dice: 75.2430
IoU: 60.4613
Precision:95.6347
Recall:62.1119
Specificity:99.8988
AUC:72.4393


------------------------Epoch:78------------------------
Acc：93.0349
Dice: 72.3341
IoU: 56.7326
Precision:98.3685
Recall:57.2636
Specificity:99.9613
AUC:62.0734


------------------------Epoch:79------------------------
Acc：92.9556
Dice: 68.6111
IoU: 52.5874
Precision:97.4989
Recall:53.2950
Specificity:99.9441
AUC:64.7995


------------------------Epoch:80------------------------
Acc：93.9813
Dice: 80.7400
IoU: 67.7186
Precision:96.5989
Recall:69.3766
Specificity:99.8892
AUC:61.6491


------------------------Epoch:81------------------------
Acc：95.5545
Dice: 85.4482
IoU: 74.6461
Precision:96.6645
Recall:76.6146
Specificity:99.8840
AUC:72.8705


------------------------Epoch:82------------------------
Acc：95.4266
Dice: 85.4181
IoU: 74.5733
Precision:95.9946
Recall:76.9892
Specificity:99.8403
AUC:81.7121


------------------------Epoch:83------------------------
Acc：95.3439
Dice: 84.3516
IoU: 72.9587
Precision:95.7479
Recall:75.3989
Specificity:99.8615
AUC:71.8046


------------------------Epoch:84------------------------
Acc：91.1443
Dice: 67.2210
IoU: 50.7732
Precision:96.2920
Recall:51.7945
Specificity:99.9056
AUC:62.4515


------------------------Epoch:85------------------------
Acc：95.0013
Dice: 84.0764
IoU: 72.5751
Precision:94.5864
Recall:75.7483
Specificity:99.8124
AUC:73.6870


------------------------Epoch:86------------------------
Acc：94.2663
Dice: 80.0741
IoU: 66.8413
Precision:95.6672
Recall:68.9150
Specificity:99.8421
AUC:76.3463


------------------------Epoch:87------------------------
Acc：94.3546
Dice: 79.4764
IoU: 66.0108
Precision:94.8841
Recall:68.4217
Specificity:99.8173
AUC:70.7109


------------------------Epoch:88------------------------
Acc：95.5675
Dice: 85.4430
IoU: 74.6031
Precision:92.5159
Recall:79.4686
Specificity:99.6317
AUC:73.5138


------------------------Epoch:89------------------------
Acc：95.6801
Dice: 86.5093
IoU: 76.2792
Precision:96.0184
Recall:78.7622
Specificity:99.8664
AUC:72.0459


------------------------Epoch:90------------------------
Acc：95.2138
Dice: 84.4238
IoU: 73.0853
Precision:96.4590
Recall:75.1075
Specificity:99.8643
AUC:68.1223


------------------------Epoch:91------------------------
Acc：93.9334
Dice: 79.9727
IoU: 66.6923
Precision:96.3873
Recall:68.4015
Specificity:99.8970
AUC:58.3196


------------------------Epoch:92------------------------
Acc：95.3473
Dice: 86.0581
IoU: 75.5666
Precision:97.5529
Recall:77.0332
Specificity:99.9233
AUC:76.9130


------------------------Epoch:93------------------------
Acc：94.2015
Dice: 77.2639
IoU: 63.1019
Precision:94.6581
Recall:65.3585
Specificity:99.8002
AUC:75.9302


------------------------Epoch:94------------------------
Acc：96.1522
Dice: 88.5217
IoU: 79.4287
Precision:96.5160
Recall:81.7852
Specificity:99.8579
AUC:78.3149


------------------------Epoch:95------------------------
Acc：95.5877
Dice: 86.6734
IoU: 76.5126
Precision:95.8349
Recall:79.1589
Specificity:99.8531
AUC:81.1859


------------------------Epoch:96------------------------
Acc：94.3095
Dice: 81.1133
IoU: 68.2824
Precision:97.7793
Recall:69.3625
Specificity:99.9274
AUC:74.4982


------------------------Epoch:97------------------------
Acc：95.0927
Dice: 82.2504
IoU: 69.9023
Precision:93.6192
Recall:73.3734
Specificity:99.7614
AUC:76.4419


------------------------Epoch:98------------------------
Acc：94.3581
Dice: 83.3094
IoU: 71.4508
Precision:95.2514
Recall:74.1112
Specificity:99.8190
AUC:72.9991


------------------------Epoch:99------------------------
Acc：93.7942
Dice: 78.6288
IoU: 64.9371
Precision:97.0425
Recall:66.2603
Specificity:99.9075
AUC:63.5815

<<<-------------------第4折结束----------------->>>
Mean Accuracy:94.03877258300781
Mean IoU:67.38996124267578
Mean Dice:80.22309112548828


训练完成！！！输出最终结果--------->
Mean Acc：93.8702163696289
Mean Dice: 79.76504516601562
Mean IoU: 66.7867202758789
Mean Precision:88.65179443359375
Mean Recall:74.09647369384766
Mean Specificity:99.55563354492188
Mean AUC:80.13631989883686
