nohup: 忽略输入
****************************Fold:0********************************


------------------------Epoch:0------------------------
Acc：9.4582
Dice: 17.5739
IoU: 9.6337
Precision:9.6337
Recall:100.0000
Specificity:0.0000
AUC:50.0000
Found better model! Saving to weight_point.pth.tar with IoU Index: 9.633708000183105


------------------------Epoch:1------------------------
Acc：9.4816
Dice: 17.7246
IoU: 9.7248
Precision:9.7248
Recall:99.9980
Specificity:0.0569
AUC:50.0049
Found better model! Saving to weight_point.pth.tar with IoU Index: 9.724754333496094


------------------------Epoch:2------------------------
Acc：90.1917
Dice: 2.3994
IoU: 1.2144
Precision:28.5440
Recall:1.2524
Specificity:99.7146
AUC:50.2582


------------------------Epoch:3------------------------
Acc：90.5156
Dice: 10.4423
IoU: 5.5090
Precision:52.5537
Recall:5.7971
Specificity:99.5387
AUC:52.3780


------------------------Epoch:4------------------------
Acc：92.0842
Dice: 39.3977
IoU: 24.5328
Precision:67.0042
Recall:27.9078
Specificity:98.8027
AUC:64.2153
Found better model! Saving to weight_point.pth.tar with IoU Index: 24.532798767089844


------------------------Epoch:5------------------------
Acc：92.8531
Dice: 54.7685
IoU: 37.7288
Precision:70.5814
Recall:44.7626
Specificity:98.3282
AUC:68.4545
Found better model! Saving to weight_point.pth.tar with IoU Index: 37.728824615478516


------------------------Epoch:6------------------------
Acc：93.1066
Dice: 60.8556
IoU: 43.7370
Precision:67.9798
Recall:55.2171
Specificity:97.6999
AUC:79.2578
Found better model! Saving to weight_point.pth.tar with IoU Index: 43.737030029296875


------------------------Epoch:7------------------------
Acc：88.2702
Dice: 58.2040
IoU: 41.1284
Precision:47.7191
Recall:75.3196
Specificity:92.8607
AUC:82.9353


------------------------Epoch:8------------------------
Acc：90.8287
Dice: 61.7228
IoU: 44.6434
Precision:48.9326
Recall:83.7116
Specificity:92.0594
AUC:86.2551
Found better model! Saving to weight_point.pth.tar with IoU Index: 44.64341354370117


------------------------Epoch:9------------------------
Acc：91.9869
Dice: 67.1354
IoU: 50.5496
Precision:57.2433
Recall:81.1739
Specificity:94.5699
AUC:85.2628
Found better model! Saving to weight_point.pth.tar with IoU Index: 50.54963684082031


------------------------Epoch:10------------------------
Acc：91.0025
Dice: 61.1293
IoU: 44.0483
Precision:47.7659
Recall:85.3196
Specificity:91.3582
AUC:86.7836


------------------------Epoch:11------------------------
Acc：91.0784
Dice: 63.5325
IoU: 46.5571
Precision:50.4852
Recall:85.8135
Specificity:92.3367
AUC:86.4309


------------------------Epoch:12------------------------
Acc：89.2860
Dice: 56.7856
IoU: 39.7131
Precision:42.4035
Recall:86.6446
Specificity:88.8304
AUC:87.7162


------------------------Epoch:13------------------------
Acc：91.4014
Dice: 64.1049
IoU: 47.1793
Precision:50.9984
Recall:86.4594
Specificity:92.3187
AUC:87.3351


------------------------Epoch:14------------------------
Acc：90.3737
Dice: 60.4650
IoU: 43.3754
Precision:46.2051
Recall:88.0690
Specificity:90.2832
AUC:87.5947


------------------------Epoch:15------------------------
Acc：93.2172
Dice: 69.0699
IoU: 52.7546
Precision:58.6677
Recall:84.0712
Specificity:94.6105
AUC:86.8665
Found better model! Saving to weight_point.pth.tar with IoU Index: 52.75464630126953


------------------------Epoch:16------------------------
Acc：91.5456
Dice: 64.1559
IoU: 47.2442
Precision:50.7973
Recall:87.4642
Specificity:92.1023
AUC:86.8683


------------------------Epoch:17------------------------
Acc：92.0358
Dice: 67.4646
IoU: 50.9036
Precision:55.6181
Recall:85.7469
Specificity:93.6448
AUC:87.3819


------------------------Epoch:18------------------------
Acc：93.1277
Dice: 69.3017
IoU: 53.0246
Precision:58.6894
Recall:84.6551
Specificity:94.5616
AUC:87.6705
Found better model! Saving to weight_point.pth.tar with IoU Index: 53.02458953857422


------------------------Epoch:19------------------------
Acc：93.2280
Dice: 69.9050
IoU: 53.7339
Precision:59.6394
Recall:84.5584
Specificity:94.7214
AUC:86.2425
Found better model! Saving to weight_point.pth.tar with IoU Index: 53.73386001586914


------------------------Epoch:20------------------------
Acc：92.2391
Dice: 67.8400
IoU: 51.3318
Precision:55.4163
Recall:87.4733
Specificity:93.5527
AUC:88.5837


------------------------Epoch:21------------------------
Acc：92.7108
Dice: 68.3441
IoU: 51.9129
Precision:57.1632
Recall:85.0310
Specificity:94.0551
AUC:87.8578


------------------------Epoch:22------------------------
Acc：93.1641
Dice: 68.3882
IoU: 51.9683
Precision:57.6008
Recall:84.4160
Specificity:94.1925
AUC:86.1763


------------------------Epoch:23------------------------
Acc：92.8553
Dice: 68.5661
IoU: 52.1708
Precision:56.8832
Recall:86.4183
Specificity:93.9643
AUC:87.8690


------------------------Epoch:24------------------------
Acc：93.3354
Dice: 70.4298
IoU: 54.3565
Precision:59.6146
Recall:86.1211
Specificity:94.6861
AUC:87.6906
Found better model! Saving to weight_point.pth.tar with IoU Index: 54.35649871826172


------------------------Epoch:25------------------------
Acc：93.6132
Dice: 71.4558
IoU: 55.5885
Precision:62.0240
Recall:84.2998
Specificity:95.2525
AUC:87.9007
Found better model! Saving to weight_point.pth.tar with IoU Index: 55.5885124206543


------------------------Epoch:26------------------------
Acc：93.5127
Dice: 70.5227
IoU: 54.4673
Precision:61.2306
Recall:83.1679
Specificity:95.1545
AUC:87.2484


------------------------Epoch:27------------------------
Acc：93.8835
Dice: 71.7640
IoU: 55.9632
Precision:61.7969
Recall:85.6603
Specificity:95.1321
AUC:87.9391
Found better model! Saving to weight_point.pth.tar with IoU Index: 55.96324920654297


------------------------Epoch:28------------------------
Acc：93.9404
Dice: 72.5453
IoU: 56.9185
Precision:63.4092
Recall:84.7944
Specificity:95.5239
AUC:88.1342
Found better model! Saving to weight_point.pth.tar with IoU Index: 56.91850280761719


------------------------Epoch:29------------------------
Acc：93.7667
Dice: 72.3342
IoU: 56.6602
Precision:63.1737
Recall:84.6246
Specificity:95.4276
AUC:87.7171


------------------------Epoch:30------------------------
Acc：94.1728
Dice: 72.8758
IoU: 57.3267
Precision:63.5927
Recall:85.3998
Specificity:95.6380
AUC:87.5750
Found better model! Saving to weight_point.pth.tar with IoU Index: 57.326744079589844


------------------------Epoch:31------------------------
Acc：94.6419
Dice: 74.3774
IoU: 59.2073
Precision:66.9641
Recall:83.6559
Specificity:96.2969
AUC:88.2547
Found better model! Saving to weight_point.pth.tar with IoU Index: 59.20725631713867


------------------------Epoch:32------------------------
Acc：94.4344
Dice: 74.3592
IoU: 59.1844
Precision:66.3382
Recall:84.6151
Specificity:96.1132
AUC:88.2195


------------------------Epoch:33------------------------
Acc：94.5123
Dice: 74.4413
IoU: 59.2923
Precision:67.8340
Recall:82.4836
Specificity:96.4900
AUC:87.2055
Found better model! Saving to weight_point.pth.tar with IoU Index: 59.292266845703125


------------------------Epoch:34------------------------
Acc：94.2583
Dice: 73.7581
IoU: 58.4261
Precision:65.9742
Recall:83.6257
Specificity:96.0329
AUC:89.2304


------------------------Epoch:35------------------------
Acc：94.2471
Dice: 74.3224
IoU: 59.1418
Precision:66.2866
Recall:84.5756
Specificity:96.0592
AUC:88.9247


------------------------Epoch:36------------------------
Acc：94.1007
Dice: 72.8648
IoU: 57.3130
Precision:65.6174
Recall:81.9131
Specificity:96.0495
AUC:88.2596


------------------------Epoch:37------------------------
Acc：94.4672
Dice: 74.5694
IoU: 59.4514
Precision:66.1983
Recall:85.3756
Specificity:96.1175
AUC:88.9876
Found better model! Saving to weight_point.pth.tar with IoU Index: 59.45138931274414


------------------------Epoch:38------------------------
Acc：94.4038
Dice: 73.9583
IoU: 58.6780
Precision:64.9461
Recall:85.9382
Specificity:95.7406
AUC:88.7211


------------------------Epoch:39------------------------
Acc：94.8638
Dice: 75.2765
IoU: 60.3549
Precision:69.7998
Recall:81.6858
Specificity:96.7901
AUC:88.6947
Found better model! Saving to weight_point.pth.tar with IoU Index: 60.354923248291016


------------------------Epoch:40------------------------
Acc：95.0388
Dice: 75.9071
IoU: 61.1699
Precision:69.5952
Recall:83.4925
Specificity:96.7514
AUC:88.5238
Found better model! Saving to weight_point.pth.tar with IoU Index: 61.169857025146484


------------------------Epoch:41------------------------
Acc：94.5602
Dice: 74.1317
IoU: 58.8968
Precision:65.1691
Recall:85.9890
Specificity:95.8580
AUC:89.4446


------------------------Epoch:42------------------------
Acc：94.5518
Dice: 74.7164
IoU: 59.6396
Precision:67.2379
Recall:84.0869
Specificity:96.3189
AUC:87.8851


------------------------Epoch:43------------------------
Acc：94.8523
Dice: 75.1387
IoU: 60.1778
Precision:68.9708
Recall:82.5180
Specificity:96.6669
AUC:89.2839


------------------------Epoch:44------------------------
Acc：94.8372
Dice: 74.8333
IoU: 59.7873
Precision:67.5722
Recall:83.8679
Specificity:96.3352
AUC:88.9192


------------------------Epoch:45------------------------
Acc：94.7162
Dice: 75.2698
IoU: 60.3463
Precision:68.7709
Recall:83.1254
Specificity:96.5145
AUC:89.2711


------------------------Epoch:46------------------------
Acc：94.6592
Dice: 74.6739
IoU: 59.5837
Precision:67.7025
Recall:83.2539
Specificity:96.3168
AUC:88.8888


------------------------Epoch:47------------------------
Acc：94.8039
Dice: 75.5712
IoU: 60.7359
Precision:69.0658
Recall:83.4315
Specificity:96.5953
AUC:88.7290


------------------------Epoch:48------------------------
Acc：94.9271
Dice: 75.8848
IoU: 61.1407
Precision:68.3653
Recall:85.3072
Specificity:96.3162
AUC:88.5500


------------------------Epoch:49------------------------
Acc：94.8664
Dice: 76.5426
IoU: 62.0013
Precision:70.4780
Recall:83.7521
Specificity:96.8200
AUC:89.6194
Found better model! Saving to weight_point.pth.tar with IoU Index: 62.00132369995117


------------------------Epoch:50------------------------
Acc：94.9623
Dice: 76.3065
IoU: 61.6905
Precision:68.8010
Recall:85.6604
Specificity:96.5447
AUC:89.5129


------------------------Epoch:51------------------------
Acc：95.1452
Dice: 76.6726
IoU: 62.1709
Precision:70.8069
Recall:83.5993
Specificity:96.8454
AUC:89.1642
Found better model! Saving to weight_point.pth.tar with IoU Index: 62.17094802856445


------------------------Epoch:52------------------------
Acc：94.8691
Dice: 76.0453
IoU: 61.3508
Precision:69.0071
Recall:84.6867
Specificity:96.5055
AUC:89.0753


------------------------Epoch:53------------------------
Acc：94.9086
Dice: 76.1644
IoU: 61.5055
Precision:68.9198
Recall:85.1184
Specificity:96.5016
AUC:89.2393


------------------------Epoch:54------------------------
Acc：95.0702
Dice: 76.8865
IoU: 62.4547
Precision:70.8920
Recall:83.9894
Specificity:96.8655
AUC:88.9354
Found better model! Saving to weight_point.pth.tar with IoU Index: 62.4547233581543


------------------------Epoch:55------------------------
Acc：95.2106
Dice: 76.7401
IoU: 62.2605
Precision:70.3060
Recall:84.4739
Specificity:96.8732
AUC:89.2090


------------------------Epoch:56------------------------
Acc：95.2619
Dice: 77.4778
IoU: 63.2380
Precision:71.0432
Recall:85.1953
Specificity:96.9328
AUC:89.6693
Found better model! Saving to weight_point.pth.tar with IoU Index: 63.23798751831055


------------------------Epoch:57------------------------
Acc：95.0498
Dice: 76.4879
IoU: 61.9274
Precision:69.0919
Recall:85.6869
Specificity:96.5267
AUC:89.3374


------------------------Epoch:58------------------------
Acc：95.3131
Dice: 77.3938
IoU: 63.1246
Precision:71.7909
Recall:83.9539
Specificity:96.9936
AUC:89.0003


------------------------Epoch:59------------------------
Acc：94.9902
Dice: 76.6480
IoU: 62.1404
Precision:69.5258
Recall:85.4035
Specificity:96.6629
AUC:89.0601


------------------------Epoch:60------------------------
Acc：95.1036
Dice: 76.3630
IoU: 61.7640
Precision:69.8348
Recall:84.2486
Specificity:96.7499
AUC:89.1360


------------------------Epoch:61------------------------
Acc：95.3720
Dice: 77.5656
IoU: 63.3534
Precision:72.0294
Recall:84.0530
Specificity:96.9875
AUC:88.3876
Found better model! Saving to weight_point.pth.tar with IoU Index: 63.35335922241211


------------------------Epoch:62------------------------
Acc：94.9185
Dice: 75.9625
IoU: 61.2438
Precision:69.4014
Recall:83.8938
Specificity:96.6900
AUC:89.3247


------------------------Epoch:63------------------------
Acc：95.2382
Dice: 76.3190
IoU: 61.7074
Precision:69.3868
Recall:84.8416
Specificity:96.5943
AUC:89.1114


------------------------Epoch:64------------------------
Acc：95.2880
Dice: 77.2907
IoU: 62.9881
Precision:72.2722
Recall:83.0707
Specificity:97.0389
AUC:88.2850


------------------------Epoch:65------------------------
Acc：95.3660
Dice: 77.5230
IoU: 63.2960
Precision:72.5885
Recall:83.1931
Specificity:97.0961
AUC:88.7097


------------------------Epoch:66------------------------
Acc：95.2878
Dice: 77.3171
IoU: 63.0224
Precision:71.2563
Recall:84.5155
Specificity:96.8713
AUC:89.1870


------------------------Epoch:67------------------------
Acc：95.4577
Dice: 77.8039
IoU: 63.6724
Precision:72.3272
Recall:84.1789
Specificity:97.1441
AUC:89.6673
Found better model! Saving to weight_point.pth.tar with IoU Index: 63.6723747253418


------------------------Epoch:68------------------------
Acc：95.5186
Dice: 77.7744
IoU: 63.6319
Precision:72.4763
Recall:83.9230
Specificity:97.1124
AUC:89.1122


------------------------Epoch:69------------------------
Acc：95.5124
Dice: 77.7314
IoU: 63.5747
Precision:72.3923
Recall:83.9297
Specificity:97.1267
AUC:89.1638


------------------------Epoch:70------------------------
Acc：95.4080
Dice: 77.7598
IoU: 63.6124
Precision:71.9929
Recall:84.5684
Specificity:96.9539
AUC:88.7683


------------------------Epoch:71------------------------
Acc：95.6617
Dice: 78.7128
IoU: 64.9004
Precision:74.2923
Recall:83.7056
Specificity:97.4075
AUC:88.5181
Found better model! Saving to weight_point.pth.tar with IoU Index: 64.90043640136719


------------------------Epoch:72------------------------
Acc：95.5032
Dice: 78.1911
IoU: 64.1920
Precision:73.8510
Recall:83.0878
Specificity:97.2508
AUC:88.6511


------------------------Epoch:73------------------------
Acc：95.3430
Dice: 77.6379
IoU: 63.4538
Precision:72.8699
Recall:83.0817
Specificity:97.2183
AUC:88.0073


------------------------Epoch:74------------------------
Acc：95.4396
Dice: 77.3120
IoU: 63.0152
Precision:71.0105
Recall:84.8710
Specificity:96.8893
AUC:89.3392


------------------------Epoch:75------------------------
Acc：95.3644
Dice: 77.1700
IoU: 62.8267
Precision:71.5807
Recall:83.7223
Specificity:96.9652
AUC:89.2102


------------------------Epoch:76------------------------
Acc：95.4503
Dice: 77.7006
IoU: 63.5331
Precision:72.4372
Recall:83.8007
Specificity:97.1303
AUC:89.2259


------------------------Epoch:77------------------------
Acc：95.0952
Dice: 75.9583
IoU: 61.2363
Precision:69.9434
Recall:83.1647
Specificity:96.6863
AUC:87.8759


------------------------Epoch:78------------------------
Acc：95.5057
Dice: 78.0344
IoU: 63.9814
Precision:73.0087
Recall:83.8288
Specificity:97.0979
AUC:88.3893


------------------------Epoch:79------------------------
Acc：95.4836
Dice: 78.2021
IoU: 64.2072
Precision:71.9566
Recall:85.6447
Specificity:97.0015
AUC:89.7812


------------------------Epoch:80------------------------
Acc：95.7299
Dice: 78.4985
IoU: 64.6073
Precision:74.7502
Recall:82.6499
Specificity:97.4461
AUC:88.8951


------------------------Epoch:81------------------------
Acc：95.7521
Dice: 78.8285
IoU: 65.0599
Precision:74.3448
Recall:83.8980
Specificity:97.4534
AUC:88.4303
Found better model! Saving to weight_point.pth.tar with IoU Index: 65.0599365234375


------------------------Epoch:82------------------------
Acc：95.4607
Dice: 77.1463
IoU: 62.7960
Precision:71.9769
Recall:83.1302
Specificity:97.0201
AUC:89.4082


------------------------Epoch:83------------------------
Acc：95.5365
Dice: 78.4350
IoU: 64.5244
Precision:73.8258
Recall:83.6939
Specificity:97.2802
AUC:87.6652


------------------------Epoch:84------------------------
Acc：95.7690
Dice: 78.9358
IoU: 65.2054
Precision:75.3306
Recall:82.9270
Specificity:97.5675
AUC:87.7078
Found better model! Saving to weight_point.pth.tar with IoU Index: 65.20539093017578


------------------------Epoch:85------------------------
Acc：95.6405
Dice: 78.0938
IoU: 64.0606
Precision:73.1192
Recall:83.8075
Specificity:97.2633
AUC:89.2730


------------------------Epoch:86------------------------
Acc：95.5101
Dice: 78.5799
IoU: 64.7196
Precision:72.5949
Recall:85.6760
Specificity:97.1001
AUC:88.6851


------------------------Epoch:87------------------------
Acc：95.7842
Dice: 79.2475
IoU: 65.6312
Precision:76.0498
Recall:82.7320
Specificity:97.6744
AUC:88.4128
Found better model! Saving to weight_point.pth.tar with IoU Index: 65.6312255859375


------------------------Epoch:88------------------------
Acc：95.5855
Dice: 78.4795
IoU: 64.5814
Precision:73.9816
Recall:83.5753
Specificity:97.2222
AUC:89.0260


------------------------Epoch:89------------------------
Acc：95.8587
Dice: 79.2681
IoU: 65.6580
Precision:76.3777
Recall:82.4135
Specificity:97.7034
AUC:87.8044
Found better model! Saving to weight_point.pth.tar with IoU Index: 65.6579818725586


------------------------Epoch:90------------------------
Acc：95.7381
Dice: 78.5801
IoU: 64.7181
Precision:74.4710
Recall:83.2019
Specificity:97.4304
AUC:88.2274


------------------------Epoch:91------------------------
Acc：95.5981
Dice: 78.6122
IoU: 64.7612
Precision:73.8126
Recall:84.0954
Specificity:97.1987
AUC:89.3416


------------------------Epoch:92------------------------
Acc：95.5863
Dice: 78.0046
IoU: 63.9408
Precision:73.5855
Recall:83.0535
Specificity:97.2964
AUC:87.5998


------------------------Epoch:93------------------------
Acc：95.5096
Dice: 76.6617
IoU: 62.1558
Precision:75.7166
Recall:77.6412
Specificity:97.6898
AUC:86.4422


------------------------Epoch:94------------------------
Acc：95.6129
Dice: 78.6060
IoU: 64.7537
Precision:73.6157
Recall:84.3529
Specificity:97.2241
AUC:88.5370


------------------------Epoch:95------------------------
Acc：95.6385
Dice: 78.3100
IoU: 64.3521
Precision:73.3992
Recall:83.9393
Specificity:97.2745
AUC:89.4498


------------------------Epoch:96------------------------
Acc：95.8680
Dice: 79.2134
IoU: 65.5822
Precision:75.5654
Recall:83.2753
Specificity:97.5396
AUC:87.9357


------------------------Epoch:97------------------------
Acc：95.5160
Dice: 77.9874
IoU: 63.9177
Precision:73.3309
Recall:83.3055
Specificity:97.1381
AUC:88.7697


------------------------Epoch:98------------------------
Acc：95.8592
Dice: 79.1132
IoU: 65.4446
Precision:75.4193
Recall:83.2010
Specificity:97.5733
AUC:88.8381


------------------------Epoch:99------------------------
Acc：95.5556
Dice: 78.5453
IoU: 64.6734
Precision:72.8983
Recall:85.1762
Specificity:97.1707
AUC:88.3705

<<<-------------------第0折结束----------------->>>
Mean Accuracy:93.61216735839844
Mean IoU:59.563480377197266
Mean Dice:73.16100311279297

新的数据列已添加到Excel文件中。
****************************Fold:1********************************


------------------------Epoch:0------------------------
Acc：9.6207
Dice: 17.7824
IoU: 9.7590
Precision:9.7590
Recall:100.0000
Specificity:0.0000
AUC:50.0000


------------------------Epoch:1------------------------
Acc：9.6324
Dice: 17.8496
IoU: 9.7996
Precision:9.7996
Recall:100.0000
Specificity:0.0000
AUC:50.0000


------------------------Epoch:2------------------------
Acc：51.2533
Dice: 11.7015
IoU: 6.2144
Precision:7.0814
Recall:33.6864
Specificity:58.2387
AUC:44.6929


------------------------Epoch:3------------------------
Acc：86.1049
Dice: 3.8312
IoU: 1.9531
Precision:5.6156
Recall:2.9075
Specificity:95.6076
AUC:48.7555


------------------------Epoch:4------------------------
Acc：90.4589
Dice: 29.0263
IoU: 16.9793
Precision:48.4996
Recall:20.7173
Specificity:98.0482
AUC:58.2038


------------------------Epoch:5------------------------
Acc：92.5077
Dice: 49.3618
IoU: 32.7847
Precision:68.5118
Recall:38.6248
Specificity:98.4045
AUC:71.5757


------------------------Epoch:6------------------------
Acc：93.5874
Dice: 63.1862
IoU: 46.1845
Precision:72.7695
Recall:55.8587
Specificity:98.0944
AUC:78.1203


------------------------Epoch:7------------------------
Acc：92.5528
Dice: 66.8377
IoU: 50.2195
Precision:62.3712
Recall:72.2058
Specificity:96.1054
AUC:84.3321


------------------------Epoch:8------------------------
Acc：93.2576
Dice: 68.9894
IoU: 52.6619
Precision:62.7244
Recall:76.6553
Specificity:95.7157
AUC:84.1104


------------------------Epoch:9------------------------
Acc：92.2240
Dice: 65.4943
IoU: 48.7015
Precision:54.3108
Recall:82.6382
Specificity:93.4763
AUC:86.5386


------------------------Epoch:10------------------------
Acc：93.5132
Dice: 70.0678
IoU: 53.9275
Precision:62.5623
Recall:79.6493
Specificity:95.5840
AUC:85.2393


------------------------Epoch:11------------------------
Acc：93.5835
Dice: 70.3244
IoU: 54.2311
Precision:61.6260
Recall:81.9720
Specificity:95.2915
AUC:85.8756


------------------------Epoch:12------------------------
Acc：93.4336
Dice: 70.6603
IoU: 54.6334
Precision:62.3768
Recall:81.4817
Specificity:95.5420
AUC:87.0549


------------------------Epoch:13------------------------
Acc：94.0491
Dice: 72.2166
IoU: 56.5157
Precision:64.6101
Recall:81.8878
Specificity:95.9350
AUC:86.4700


------------------------Epoch:14------------------------
Acc：93.7265
Dice: 71.2620
IoU: 55.3552
Precision:62.7698
Recall:82.4219
Specificity:95.5192
AUC:87.2829


------------------------Epoch:15------------------------
Acc：93.4027
Dice: 68.0411
IoU: 51.5730
Precision:58.3609
Recall:81.9151
Specificity:94.6181
AUC:85.1905


------------------------Epoch:16------------------------
Acc：94.3581
Dice: 73.3210
IoU: 57.8810
Precision:66.8826
Recall:81.1370
Specificity:96.3864
AUC:87.0690


------------------------Epoch:17------------------------
Acc：94.0398
Dice: 72.2909
IoU: 56.6071
Precision:64.4894
Recall:82.2634
Specificity:95.8965
AUC:86.8131


------------------------Epoch:18------------------------
Acc：93.2009
Dice: 70.0618
IoU: 53.9196
Precision:59.3014
Recall:85.6536
Specificity:94.5159
AUC:87.9825


------------------------Epoch:19------------------------
Acc：93.9001
Dice: 72.0158
IoU: 56.2693
Precision:63.8412
Recall:82.6678
Specificity:95.6216
AUC:86.3391


------------------------Epoch:20------------------------
Acc：94.3354
Dice: 73.3099
IoU: 57.8656
Precision:65.8644
Recall:82.6732
Specificity:96.0547
AUC:87.7998


------------------------Epoch:21------------------------
Acc：94.2175
Dice: 73.8438
IoU: 58.5388
Precision:66.4866
Recall:83.0339
Specificity:96.1428
AUC:87.5635


------------------------Epoch:22------------------------
Acc：93.9409
Dice: 72.8395
IoU: 57.2840
Precision:64.1847
Recall:84.2187
Specificity:95.7054
AUC:87.2523


------------------------Epoch:23------------------------
Acc：94.3305
Dice: 73.5993
IoU: 58.2271
Precision:65.2463
Recall:84.4525
Specificity:95.8647
AUC:87.7486


------------------------Epoch:24------------------------
Acc：93.8919
Dice: 73.0723
IoU: 57.5728
Precision:63.9174
Recall:85.2948
Specificity:95.7017
AUC:88.3862


------------------------Epoch:25------------------------
Acc：94.2704
Dice: 73.0230
IoU: 57.5088
Precision:64.5515
Recall:84.1694
Specificity:95.7446
AUC:86.7498


------------------------Epoch:26------------------------
Acc：94.7232
Dice: 74.6399
IoU: 59.5410
Precision:69.2364
Recall:80.9627
Specificity:96.6857
AUC:87.6174


------------------------Epoch:27------------------------
Acc：94.3560
Dice: 74.0959
IoU: 58.8529
Precision:66.8636
Recall:83.0878
Specificity:96.2874
AUC:87.9412


------------------------Epoch:28------------------------
Acc：94.5871
Dice: 74.7311
IoU: 59.6594
Precision:67.8186
Recall:83.2335
Specificity:96.4373
AUC:87.3314


------------------------Epoch:29------------------------
Acc：94.3707
Dice: 73.3798
IoU: 57.9529
Precision:65.5094
Recall:83.4296
Specificity:95.9428
AUC:88.2372


------------------------Epoch:30------------------------
Acc：94.6476
Dice: 74.9150
IoU: 59.8913
Precision:66.7851
Recall:85.3428
Specificity:96.1205
AUC:88.5020


------------------------Epoch:31------------------------
Acc：94.5280
Dice: 74.6885
IoU: 59.6027
Precision:67.7509
Recall:83.2279
Specificity:96.3951
AUC:87.9670


------------------------Epoch:32------------------------
Acc：94.7223
Dice: 74.9121
IoU: 59.8876
Precision:67.9963
Recall:83.4456
Specificity:96.3597
AUC:87.6650


------------------------Epoch:33------------------------
Acc：94.6437
Dice: 75.1552
IoU: 60.1999
Precision:67.5187
Recall:84.7983
Specificity:96.2258
AUC:87.5195


------------------------Epoch:34------------------------
Acc：94.8899
Dice: 75.9319
IoU: 61.2036
Precision:69.0674
Recall:84.3180
Specificity:96.6386
AUC:88.7564


------------------------Epoch:35------------------------
Acc：94.7649
Dice: 74.5719
IoU: 59.4539
Precision:68.7505
Recall:81.4803
Specificity:96.6900
AUC:88.0239


------------------------Epoch:36------------------------
Acc：94.9764
Dice: 75.5842
IoU: 60.7516
Precision:69.2348
Recall:83.2544
Specificity:96.6546
AUC:87.7049


------------------------Epoch:37------------------------
Acc：94.7134
Dice: 75.5155
IoU: 60.6631
Precision:67.7485
Recall:85.3050
Specificity:96.2591
AUC:89.2093


------------------------Epoch:38------------------------
Acc：94.8595
Dice: 75.2524
IoU: 60.3238
Precision:68.0358
Recall:84.2024
Specificity:96.4091
AUC:88.7522


------------------------Epoch:39------------------------
Acc：94.7940
Dice: 75.8679
IoU: 61.1193
Precision:68.5866
Recall:84.9072
Specificity:96.4940
AUC:88.5154


------------------------Epoch:40------------------------
Acc：94.6151
Dice: 75.0043
IoU: 60.0056
Precision:66.8379
Recall:85.4751
Specificity:96.1271
AUC:88.8109


------------------------Epoch:41------------------------
Acc：94.9009
Dice: 75.7330
IoU: 60.9445
Precision:68.8130
Recall:84.2441
Specificity:96.4215
AUC:87.7693


------------------------Epoch:42------------------------
Acc：94.6525
Dice: 74.9334
IoU: 59.9150
Precision:66.4637
Recall:85.9039
Specificity:96.0913
AUC:89.0214


------------------------Epoch:43------------------------
Acc：95.2084
Dice: 76.7252
IoU: 62.2399
Precision:70.9272
Recall:83.5953
Specificity:96.8686
AUC:87.8271


------------------------Epoch:44------------------------
Acc：95.3155
Dice: 76.9687
IoU: 62.5608
Precision:71.8037
Recall:82.9511
Specificity:97.0952
AUC:88.2531


------------------------Epoch:45------------------------
Acc：95.0317
Dice: 76.5625
IoU: 62.0264
Precision:70.7671
Recall:83.4104
Specificity:96.7510
AUC:88.1119


------------------------Epoch:46------------------------
Acc：95.1473
Dice: 76.0575
IoU: 61.3652
Precision:69.4297
Recall:84.1418
Specificity:96.6567
AUC:87.9494


------------------------Epoch:47------------------------
Acc：95.4174
Dice: 77.4630
IoU: 63.2177
Precision:72.3264
Recall:83.4224
Specificity:97.1188
AUC:87.6807


------------------------Epoch:48------------------------
Acc：95.4240
Dice: 77.4090
IoU: 63.1467
Precision:72.6329
Recall:82.9085
Specificity:97.1841
AUC:86.9956


------------------------Epoch:49------------------------
Acc：94.8789
Dice: 76.1616
IoU: 61.5049
Precision:70.1742
Recall:83.2727
Specificity:96.7177
AUC:87.9294


------------------------Epoch:50------------------------
Acc：94.8185
Dice: 75.2025
IoU: 60.2598
Precision:68.7100
Recall:83.1021
Specificity:96.5043
AUC:87.3352


------------------------Epoch:51------------------------
Acc：94.9335
Dice: 76.1034
IoU: 61.4274
Precision:69.9550
Recall:83.4636
Specificity:96.7058
AUC:87.5486


------------------------Epoch:52------------------------
Acc：95.2416
Dice: 77.0211
IoU: 62.6301
Precision:71.9610
Recall:82.9087
Specificity:97.0259
AUC:87.2269


------------------------Epoch:53------------------------
Acc：95.0437
Dice: 76.6904
IoU: 62.1983
Precision:70.6052
Recall:83.9299
Specificity:96.7939
AUC:88.1892


------------------------Epoch:54------------------------
Acc：95.0367
Dice: 76.6994
IoU: 62.2112
Precision:69.9527
Recall:84.9085
Specificity:96.7331
AUC:87.8663


------------------------Epoch:55------------------------
Acc：95.2645
Dice: 77.3393
IoU: 63.0525
Precision:71.4669
Recall:84.2890
Specificity:96.9205
AUC:88.4112


------------------------Epoch:56------------------------
Acc：95.4642
Dice: 77.8289
IoU: 63.7060
Precision:72.1414
Recall:84.4996
Specificity:97.0499
AUC:89.1140


------------------------Epoch:57------------------------
Acc：95.3721
Dice: 77.2697
IoU: 62.9599
Precision:72.0087
Recall:83.4026
Specificity:97.0361
AUC:87.6817


------------------------Epoch:58------------------------
Acc：95.2637
Dice: 77.1640
IoU: 62.8218
Precision:70.7770
Recall:84.8489
Specificity:96.8795
AUC:88.1003


------------------------Epoch:59------------------------
Acc：95.2583
Dice: 77.0883
IoU: 62.7191
Precision:71.4300
Recall:83.7548
Specificity:96.9121
AUC:88.0734


------------------------Epoch:60------------------------
Acc：95.1611
Dice: 77.0820
IoU: 62.7118
Precision:71.0543
Recall:84.2459
Specificity:96.8582
AUC:88.3958


------------------------Epoch:61------------------------
Acc：94.9858
Dice: 76.9208
IoU: 62.4970
Precision:70.1133
Recall:85.2279
Specificity:96.5517
AUC:88.9043


------------------------Epoch:62------------------------
Acc：95.3737
Dice: 77.4497
IoU: 63.1992
Precision:71.6733
Recall:84.2758
Specificity:96.9902
AUC:88.1978


------------------------Epoch:63------------------------
Acc：95.5407
Dice: 77.8032
IoU: 63.6728
Precision:73.1377
Recall:83.1520
Specificity:97.2654
AUC:87.2794


------------------------Epoch:64------------------------
Acc：95.2736
Dice: 76.9149
IoU: 62.4893
Precision:71.3901
Recall:83.3881
Specificity:96.9397
AUC:88.6531


------------------------Epoch:65------------------------
Acc：95.4264
Dice: 77.9353
IoU: 63.8495
Precision:72.7038
Recall:83.9793
Specificity:97.1932
AUC:89.3054


------------------------Epoch:66------------------------
Acc：95.3428
Dice: 76.9777
IoU: 62.5724
Precision:70.5120
Recall:84.7991
Specificity:96.8140
AUC:88.3298


------------------------Epoch:67------------------------
Acc：95.3553
Dice: 77.7862
IoU: 63.6480
Precision:73.0124
Recall:83.2612
Specificity:97.1118
AUC:88.0837


------------------------Epoch:68------------------------
Acc：95.5547
Dice: 77.8181
IoU: 63.6908
Precision:72.4444
Recall:84.1068
Specificity:97.1391
AUC:88.0371


------------------------Epoch:69------------------------
Acc：95.4229
Dice: 77.2604
IoU: 62.9468
Precision:71.9130
Recall:83.4923
Specificity:97.0303
AUC:88.4940


------------------------Epoch:70------------------------
Acc：95.6761
Dice: 78.5778
IoU: 64.7175
Precision:74.1834
Recall:83.5593
Specificity:97.4100
AUC:87.7794


------------------------Epoch:71------------------------
Acc：95.3329
Dice: 77.6708
IoU: 63.4950
Precision:71.7693
Recall:84.6395
Specificity:96.9279
AUC:89.0067


------------------------Epoch:72------------------------
Acc：95.4986
Dice: 78.1677
IoU: 64.1620
Precision:72.8207
Recall:84.3827
Specificity:97.1401
AUC:88.5257


------------------------Epoch:73------------------------
Acc：95.6357
Dice: 78.5453
IoU: 64.6711
Precision:75.0750
Recall:82.3719
Specificity:97.4055
AUC:88.0979


------------------------Epoch:74------------------------
Acc：95.5853
Dice: 78.1869
IoU: 64.1864
Precision:73.7379
Recall:83.2350
Specificity:97.2435
AUC:88.2376


------------------------Epoch:75------------------------
Acc：95.8267
Dice: 78.5610
IoU: 64.6921
Precision:74.5509
Recall:83.0905
Specificity:97.4247
AUC:87.5370


------------------------Epoch:76------------------------
Acc：95.9386
Dice: 79.1410
IoU: 65.4829
Precision:75.1728
Recall:83.5702
Specificity:97.5662
AUC:88.7378


------------------------Epoch:77------------------------
Acc：95.5251
Dice: 78.4734
IoU: 64.5769
Precision:73.6137
Recall:84.0420
Specificity:97.3085
AUC:88.1230


------------------------Epoch:78------------------------
Acc：95.4997
Dice: 78.2470
IoU: 64.2677
Precision:73.6954
Recall:83.4101
Specificity:97.2705
AUC:88.7368


------------------------Epoch:79------------------------
Acc：95.9022
Dice: 79.0068
IoU: 65.3006
Precision:75.4926
Recall:82.9422
Specificity:97.5769
AUC:86.9057


------------------------Epoch:80------------------------
Acc：95.5595
Dice: 78.3466
IoU: 64.4022
Precision:74.1186
Recall:83.0961
Specificity:97.2815
AUC:88.7025


------------------------Epoch:81------------------------
Acc：95.4015
Dice: 77.8471
IoU: 63.7299
Precision:72.1698
Recall:84.5221
Specificity:96.9467
AUC:88.6203


------------------------Epoch:82------------------------
Acc：95.5171
Dice: 78.1982
IoU: 64.2031
Precision:73.2934
Recall:83.8993
Specificity:97.1738
AUC:86.9760


------------------------Epoch:83------------------------
Acc：95.6830
Dice: 78.3537
IoU: 64.4112
Precision:74.9489
Recall:82.1129
Specificity:97.4961
AUC:87.9501


------------------------Epoch:84------------------------
Acc：95.5276
Dice: 77.8877
IoU: 63.7855
Precision:73.0289
Recall:83.4580
Specificity:97.2128
AUC:88.1868


------------------------Epoch:85------------------------
Acc：95.5802
Dice: 78.3378
IoU: 64.3926
Precision:73.8438
Recall:83.4386
Specificity:97.3668
AUC:87.9193


------------------------Epoch:86------------------------
Acc：95.6945
Dice: 78.7470
IoU: 64.9457
Precision:74.4935
Recall:83.5256
Specificity:97.4060
AUC:88.8103


------------------------Epoch:87------------------------
Acc：95.5843
Dice: 78.2575
IoU: 64.2830
Precision:72.8635
Recall:84.5430
Specificity:97.1718
AUC:88.4154


------------------------Epoch:88------------------------
Acc：95.7904
Dice: 78.9365
IoU: 65.2035
Precision:75.9457
Recall:82.2136
Specificity:97.5980
AUC:87.5074


------------------------Epoch:89------------------------
Acc：95.6683
Dice: 78.3886
IoU: 64.4608
Precision:75.4923
Recall:81.5609
Specificity:97.5426
AUC:86.7202


------------------------Epoch:90------------------------
Acc：95.6373
Dice: 78.1879
IoU: 64.1914
Precision:73.9048
Recall:83.0245
Specificity:97.3850
AUC:87.4923


------------------------Epoch:91------------------------
Acc：95.8325
Dice: 79.2379
IoU: 65.6157
Precision:75.1810
Recall:83.7897
Specificity:97.4648
AUC:88.3832


------------------------Epoch:92------------------------
Acc：96.0061
Dice: 79.1758
IoU: 65.5309
Precision:76.8141
Recall:81.7078
Specificity:97.8145
AUC:87.8149


------------------------Epoch:93------------------------
Acc：95.6084
Dice: 78.4397
IoU: 64.5300
Precision:74.0317
Recall:83.4597
Specificity:97.2484
AUC:87.1963


------------------------Epoch:94------------------------
Acc：95.8886
Dice: 78.6899
IoU: 64.8674
Precision:75.6359
Recall:82.0312
Specificity:97.6563
AUC:87.7655


------------------------Epoch:95------------------------
Acc：95.8155
Dice: 78.9254
IoU: 65.1882
Precision:75.6025
Recall:82.5798
Specificity:97.5692
AUC:88.0509


------------------------Epoch:96------------------------
Acc：95.7467
Dice: 78.3559
IoU: 64.4170
Precision:76.1428
Recall:80.7214
Specificity:97.7356
AUC:86.9902


------------------------Epoch:97------------------------
Acc：95.7641
Dice: 78.4567
IoU: 64.5507
Precision:74.8433
Recall:82.4677
Specificity:97.4522
AUC:88.0184


------------------------Epoch:98------------------------
Acc：95.7452
Dice: 78.6689
IoU: 64.8389
Precision:74.6978
Recall:83.1202
Specificity:97.3896
AUC:87.9907


------------------------Epoch:99------------------------
Acc：95.7276
Dice: 78.5129
IoU: 64.6270
Precision:75.5366
Recall:81.7507
Specificity:97.5954
AUC:88.0780

<<<-------------------第1折结束----------------->>>
Mean Accuracy:95.64895629882812
Mean IoU:60.22187423706055
Mean Dice:73.53153991699219

****************************Fold:2********************************


------------------------Epoch:0------------------------
Acc：90.6567
Dice: 0.0000
IoU: 0.0000
Precision:0.0000
Recall:0.0000
Specificity:100.0000
AUC:50.0000


------------------------Epoch:1------------------------
Acc：90.5897
Dice: 0.0000
IoU: 0.0000
Precision:0.0000
Recall:0.0000
Specificity:100.0000
AUC:50.0000


------------------------Epoch:2------------------------
Acc：90.4386
Dice: 0.9803
IoU: 0.4926
Precision:87.5043
Recall:0.4930
Specificity:99.9930
AUC:50.1072


------------------------Epoch:3------------------------
Acc：92.3192
Dice: 32.9300
IoU: 19.7524
Precision:82.5907
Recall:20.6530
Specificity:99.6275
AUC:64.0783


------------------------Epoch:4------------------------
Acc：92.0906
Dice: 34.1115
IoU: 20.6047
Precision:76.4541
Recall:21.9938
Specificity:99.3906
AUC:64.5077


------------------------Epoch:5------------------------
Acc：92.4436
Dice: 50.0308
IoU: 33.3694
Precision:66.6559
Recall:40.0943
Specificity:98.2232
AUC:71.7284


------------------------Epoch:6------------------------
Acc：93.5583
Dice: 66.9913
IoU: 50.3771
Precision:67.3940
Recall:66.6211
Specificity:97.1760
AUC:80.9856


------------------------Epoch:7------------------------
Acc：94.1146
Dice: 68.7896
IoU: 52.4271
Precision:67.9687
Recall:69.6772
Specificity:97.0079
AUC:81.3349


------------------------Epoch:8------------------------
Acc：93.2957
Dice: 63.9517
IoU: 47.0153
Precision:60.8265
Recall:67.7138
Specificity:95.9302
AUC:79.5521


------------------------Epoch:9------------------------
Acc：93.5656
Dice: 69.6165
IoU: 53.3967
Precision:65.7472
Recall:73.9711
Specificity:96.4405
AUC:84.2158


------------------------Epoch:10------------------------
Acc：93.6495
Dice: 71.0499
IoU: 55.1098
Precision:64.3620
Recall:79.2901
Specificity:96.1170
AUC:85.6268


------------------------Epoch:11------------------------
Acc：93.7859
Dice: 70.5676
IoU: 54.5211
Precision:62.5820
Recall:81.0079
Specificity:95.5038
AUC:85.3796


------------------------Epoch:12------------------------
Acc：94.0645
Dice: 71.8598
IoU: 56.0878
Precision:65.9960
Recall:78.8711
Specificity:96.3641
AUC:85.0520


------------------------Epoch:13------------------------
Acc：94.2213
Dice: 72.6317
IoU: 57.0289
Precision:68.0738
Recall:77.8861
Specificity:96.5827
AUC:84.1588


------------------------Epoch:14------------------------
Acc：94.3562
Dice: 72.9250
IoU: 57.3920
Precision:67.3136
Recall:79.5965
Specificity:96.5349
AUC:84.8804


------------------------Epoch:15------------------------
Acc：94.3684
Dice: 72.4391
IoU: 56.7915
Precision:67.7925
Recall:77.7831
Specificity:96.6984
AUC:84.9516


------------------------Epoch:16------------------------
Acc：93.5967
Dice: 70.8984
IoU: 54.9180
Precision:61.3590
Recall:84.0594
Specificity:94.9982
AUC:87.1051


------------------------Epoch:17------------------------
Acc：94.5730
Dice: 73.5774
IoU: 58.1998
Precision:67.6814
Recall:80.6190
Specificity:96.4622
AUC:86.8454


------------------------Epoch:18------------------------
Acc：94.6527
Dice: 73.9060
IoU: 58.6159
Precision:68.2307
Recall:80.6263
Specificity:96.6671
AUC:86.1761


------------------------Epoch:19------------------------
Acc：94.6895
Dice: 73.6512
IoU: 58.2920
Precision:67.7742
Recall:80.6980
Specificity:96.5022
AUC:86.2436


------------------------Epoch:20------------------------
Acc：94.7096
Dice: 74.1827
IoU: 58.9616
Precision:69.3491
Recall:79.7918
Specificity:96.7339
AUC:85.5980


------------------------Epoch:21------------------------
Acc：94.5592
Dice: 74.0591
IoU: 58.8049
Precision:68.1329
Recall:81.1383
Specificity:96.4448
AUC:86.9423


------------------------Epoch:22------------------------
Acc：94.7614
Dice: 74.8614
IoU: 59.8252
Precision:69.9708
Recall:80.5217
Specificity:96.8303
AUC:86.0050


------------------------Epoch:23------------------------
Acc：94.7048
Dice: 74.9248
IoU: 59.9063
Precision:70.0911
Recall:80.4903
Specificity:96.7501
AUC:86.4350


------------------------Epoch:24------------------------
Acc：94.5838
Dice: 74.5400
IoU: 59.4142
Precision:67.8628
Recall:82.7001
Specificity:96.3828
AUC:87.3583


------------------------Epoch:25------------------------
Acc：94.8272
Dice: 74.4318
IoU: 59.2764
Precision:68.1792
Recall:81.9983
Specificity:96.4566
AUC:87.4467


------------------------Epoch:26------------------------
Acc：94.8443
Dice: 75.6597
IoU: 60.8542
Precision:70.8357
Recall:81.1889
Specificity:97.0201
AUC:87.4982


------------------------Epoch:27------------------------
Acc：95.0172
Dice: 75.0178
IoU: 60.0234
Precision:69.4854
Recall:81.5745
Specificity:96.7756
AUC:86.2854


------------------------Epoch:28------------------------
Acc：95.0585
Dice: 75.7424
IoU: 60.9580
Precision:71.5614
Recall:80.4430
Specificity:97.1490
AUC:87.5563


------------------------Epoch:29------------------------
Acc：95.0411
Dice: 75.6063
IoU: 60.7813
Precision:70.3737
Recall:81.7147
Specificity:96.9176
AUC:86.8016


------------------------Epoch:30------------------------
Acc：95.4129
Dice: 76.9973
IoU: 62.5996
Precision:74.1016
Recall:80.1393
Specificity:97.4172
AUC:87.0720


------------------------Epoch:31------------------------
Acc：94.8924
Dice: 76.3238
IoU: 61.7232
Precision:70.9676
Recall:82.5568
Specificity:96.9860
AUC:87.2949


------------------------Epoch:32------------------------
Acc：95.4858
Dice: 76.9831
IoU: 62.5804
Precision:72.9668
Recall:81.4745
Specificity:97.3532
AUC:87.9313


------------------------Epoch:33------------------------
Acc：95.1478
Dice: 75.9315
IoU: 61.2013
Precision:70.8468
Recall:81.8173
Specificity:96.9582
AUC:88.0414


------------------------Epoch:34------------------------
Acc：95.0069
Dice: 75.6954
IoU: 60.8951
Precision:68.9657
Recall:83.9477
Specificity:96.5811
AUC:87.7243


------------------------Epoch:35------------------------
Acc：95.3099
Dice: 76.8166
IoU: 62.3617
Precision:73.1889
Recall:80.8369
Specificity:97.3110
AUC:87.0758


------------------------Epoch:36------------------------
Acc：95.0835
Dice: 76.5614
IoU: 62.0286
Precision:70.1981
Recall:84.2148
Specificity:96.8275
AUC:87.7674


------------------------Epoch:37------------------------
Acc：95.1761
Dice: 76.7447
IoU: 62.2649
Precision:71.2813
Recall:83.1334
Specificity:96.9146
AUC:88.4609


------------------------Epoch:38------------------------
Acc：95.1364
Dice: 75.4030
IoU: 60.5191
Precision:73.4872
Recall:77.4266
Specificity:97.4491
AUC:86.0086


------------------------Epoch:39------------------------
Acc：95.4416
Dice: 76.8091
IoU: 62.3499
Precision:73.0150
Recall:81.0382
Specificity:97.3041
AUC:87.6006


------------------------Epoch:40------------------------
Acc：95.2961
Dice: 76.0254
IoU: 61.3238
Precision:72.3121
Recall:80.1563
Specificity:97.1461
AUC:87.8476


------------------------Epoch:41------------------------
Acc：95.0912
Dice: 76.1092
IoU: 61.4328
Precision:70.4302
Recall:82.8206
Specificity:96.7743
AUC:87.6672


------------------------Epoch:42------------------------
Acc：95.6120
Dice: 77.6554
IoU: 63.4749
Precision:76.1336
Recall:79.2617
Specificity:97.7291
AUC:86.2979


------------------------Epoch:43------------------------
Acc：95.1596
Dice: 76.7349
IoU: 62.2557
Precision:71.1798
Recall:83.2534
Specificity:96.9957
AUC:87.5111


------------------------Epoch:44------------------------
Acc：95.3280
Dice: 77.1896
IoU: 62.8531
Precision:72.2352
Recall:82.9362
Specificity:97.0263
AUC:87.2769


------------------------Epoch:45------------------------
Acc：95.1540
Dice: 76.8741
IoU: 62.4354
Precision:71.5038
Recall:83.1289
Specificity:96.8838
AUC:88.7488


------------------------Epoch:46------------------------
Acc：95.1742
Dice: 76.3180
IoU: 61.7057
Precision:69.3931
Recall:84.8189
Specificity:96.5665
AUC:89.2045


------------------------Epoch:47------------------------
Acc：95.0594
Dice: 76.4946
IoU: 61.9372
Precision:74.3110
Recall:78.8106
Specificity:97.3882
AUC:87.3588


------------------------Epoch:48------------------------
Acc：95.5131
Dice: 77.3555
IoU: 63.0734
Precision:72.8119
Recall:82.5167
Specificity:97.2599
AUC:88.3756


------------------------Epoch:49------------------------
Acc：95.3321
Dice: 77.2098
IoU: 62.8799
Precision:72.2498
Recall:82.9943
Specificity:97.0257
AUC:86.8049


------------------------Epoch:50------------------------
Acc：95.7367
Dice: 77.9905
IoU: 63.9250
Precision:78.0806
Recall:77.9141
Specificity:97.9991
AUC:85.9268


------------------------Epoch:51------------------------
Acc：95.5798
Dice: 77.5379
IoU: 63.3164
Precision:74.4852
Recall:80.9258
Specificity:97.4113
AUC:86.2700


------------------------Epoch:52------------------------
Acc：95.4439
Dice: 77.3700
IoU: 63.0942
Precision:73.8775
Recall:81.2256
Specificity:97.3806
AUC:87.2792


------------------------Epoch:53------------------------
Acc：95.2529
Dice: 77.1406
IoU: 62.7884
Precision:70.7420
Recall:84.8439
Specificity:96.7687
AUC:88.5313


------------------------Epoch:54------------------------
Acc：95.3568
Dice: 77.7511
IoU: 63.6032
Precision:73.5186
Recall:82.5240
Specificity:97.2213
AUC:87.4923


------------------------Epoch:55------------------------
Acc：95.6462
Dice: 77.2523
IoU: 62.9361
Precision:74.9059
Recall:79.7636
Specificity:97.6092
AUC:87.3106


------------------------Epoch:56------------------------
Acc：95.5907
Dice: 77.8777
IoU: 63.7708
Precision:73.5342
Recall:82.8308
Specificity:97.2072
AUC:87.1860


------------------------Epoch:57------------------------
Acc：95.6988
Dice: 78.4860
IoU: 64.5930
Precision:75.2113
Recall:82.1242
Specificity:97.5520
AUC:86.5976


------------------------Epoch:58------------------------
Acc：95.4408
Dice: 78.1128
IoU: 64.0878
Precision:73.7179
Recall:83.0807
Specificity:97.2509
AUC:88.1880


------------------------Epoch:59------------------------
Acc：95.3068
Dice: 77.3777
IoU: 63.1039
Precision:72.0860
Recall:83.5597
Specificity:96.9977
AUC:87.4093


------------------------Epoch:60------------------------
Acc：95.8706
Dice: 78.7950
IoU: 65.0100
Precision:75.0701
Recall:82.9470
Specificity:97.5062
AUC:88.0236


------------------------Epoch:61------------------------
Acc：95.7118
Dice: 78.2652
IoU: 64.2917
Precision:74.0140
Recall:83.0900
Specificity:97.2920
AUC:87.7620


------------------------Epoch:62------------------------
Acc：95.8984
Dice: 78.9769
IoU: 65.2581
Precision:76.0897
Recall:82.1310
Specificity:97.6037
AUC:87.6325


------------------------Epoch:63------------------------
Acc：95.3390
Dice: 77.6994
IoU: 63.5315
Precision:71.7150
Recall:84.7935
Specificity:96.8520
AUC:89.2600


------------------------Epoch:64------------------------
Acc：95.4631
Dice: 77.9204
IoU: 63.8301
Precision:73.2158
Recall:83.3472
Specificity:97.1561
AUC:86.7842


------------------------Epoch:65------------------------
Acc：95.8137
Dice: 78.8523
IoU: 65.0894
Precision:75.8526
Recall:82.1315
Specificity:97.6279
AUC:87.4843


------------------------Epoch:66------------------------
Acc：95.7847
Dice: 78.5097
IoU: 64.6226
Precision:75.1707
Recall:82.1878
Specificity:97.5749
AUC:87.9609


------------------------Epoch:67------------------------
Acc：95.7140
Dice: 78.5275
IoU: 64.6470
Precision:75.1262
Recall:82.2578
Specificity:97.5524
AUC:88.6281


------------------------Epoch:68------------------------
Acc：95.6463
Dice: 78.3505
IoU: 64.4087
Precision:73.7082
Recall:83.6532
Specificity:97.2836
AUC:87.8509


------------------------Epoch:69------------------------
Acc：95.8614
Dice: 79.1684
IoU: 65.5231
Precision:77.2852
Recall:81.1766
Specificity:97.8396
AUC:86.9134


------------------------Epoch:70------------------------
Acc：95.8642
Dice: 79.2595
IoU: 65.6459
Precision:75.8741
Recall:82.9904
Specificity:97.6126
AUC:88.0304


------------------------Epoch:71------------------------
Acc：95.5630
Dice: 78.0155
IoU: 63.9589
Precision:74.1807
Recall:82.3162
Specificity:97.3666
AUC:86.7159


------------------------Epoch:72------------------------
Acc：95.9658
Dice: 78.7783
IoU: 64.9871
Precision:76.8758
Recall:80.8367
Specificity:97.7602
AUC:86.8471


------------------------Epoch:73------------------------
Acc：95.7922
Dice: 78.6765
IoU: 64.8508
Precision:76.4308
Recall:81.0937
Specificity:97.7296
AUC:86.8820


------------------------Epoch:74------------------------
Acc：95.7137
Dice: 78.6889
IoU: 64.8695
Precision:76.4756
Recall:81.0515
Specificity:97.6962
AUC:87.0232


------------------------Epoch:75------------------------
Acc：95.7551
Dice: 78.6925
IoU: 64.8711
Precision:74.5904
Recall:83.2760
Specificity:97.4855
AUC:89.1986


------------------------Epoch:76------------------------
Acc：96.1273
Dice: 79.9805
IoU: 66.6429
Precision:77.4272
Recall:82.7514
Specificity:97.8586
AUC:87.4055
Found better model! Saving to weight_point.pth.tar with IoU Index: 66.64285278320312


------------------------Epoch:77------------------------
Acc：95.7136
Dice: 77.5603
IoU: 63.3468
Precision:75.2748
Recall:80.0059
Specificity:97.6078
AUC:88.1179


------------------------Epoch:78------------------------
Acc：95.5604
Dice: 78.0503
IoU: 64.0084
Precision:75.8472
Recall:80.4138
Specificity:97.6429
AUC:86.0958


------------------------Epoch:79------------------------
Acc：95.4419
Dice: 78.3065
IoU: 64.3489
Precision:73.0403
Recall:84.4348
Specificity:97.0673
AUC:88.0182


------------------------Epoch:80------------------------
Acc：95.9430
Dice: 79.2843
IoU: 65.6802
Precision:77.3211
Recall:81.3775
Specificity:97.8434
AUC:87.3750


------------------------Epoch:81------------------------
Acc：95.9082
Dice: 79.2511
IoU: 65.6334
Precision:75.6949
Recall:83.1994
Specificity:97.5597
AUC:88.0970


------------------------Epoch:82------------------------
Acc：95.8355
Dice: 78.3327
IoU: 64.3827
Precision:76.8685
Recall:79.8631
Specificity:97.8130
AUC:87.8388


------------------------Epoch:83------------------------
Acc：96.0198
Dice: 79.2311
IoU: 65.6056
Precision:75.9408
Recall:82.8801
Specificity:97.6307
AUC:87.8858


------------------------Epoch:84------------------------
Acc：95.7583
Dice: 78.9517
IoU: 65.2380
Precision:77.4919
Recall:80.5276
Specificity:97.8998
AUC:85.0988


------------------------Epoch:85------------------------
Acc：96.0037
Dice: 79.6364
IoU: 66.1670
Precision:77.4183
Recall:82.0487
Specificity:97.8109
AUC:86.5865


------------------------Epoch:86------------------------
Acc：95.8542
Dice: 78.6449
IoU: 64.8066
Precision:76.1546
Recall:81.3160
Specificity:97.7015
AUC:87.8906


------------------------Epoch:87------------------------
Acc：95.6322
Dice: 77.8406
IoU: 63.7212
Precision:74.7636
Recall:81.2053
Specificity:97.3846
AUC:88.3239


------------------------Epoch:88------------------------
Acc：95.8404
Dice: 79.3973
IoU: 65.8362
Precision:75.4562
Recall:83.7849
Specificity:97.5361
AUC:88.6806


------------------------Epoch:89------------------------
Acc：95.9751
Dice: 79.4639
IoU: 65.9269
Precision:76.3859
Recall:82.8299
Specificity:97.6888
AUC:87.9636


------------------------Epoch:90------------------------
Acc：96.0232
Dice: 79.4093
IoU: 65.8528
Precision:77.7168
Recall:81.2041
Specificity:97.8975
AUC:87.1760


------------------------Epoch:91------------------------
Acc：95.7151
Dice: 77.9526
IoU: 63.8707
Precision:74.8678
Recall:81.3557
Specificity:97.5032
AUC:87.2447


------------------------Epoch:92------------------------
Acc：95.8990
Dice: 79.3943
IoU: 65.8319
Precision:77.7942
Recall:81.0659
Specificity:97.8783
AUC:87.9816


------------------------Epoch:93------------------------
Acc：96.1837
Dice: 80.1706
IoU: 66.9064
Precision:78.0518
Recall:82.4726
Specificity:97.9227
AUC:87.0715
Found better model! Saving to weight_point.pth.tar with IoU Index: 66.90638732910156


------------------------Epoch:94------------------------
Acc：95.8786
Dice: 79.1083
IoU: 65.4374
Precision:76.8087
Recall:81.5568
Specificity:97.7637
AUC:88.7613


------------------------Epoch:95------------------------
Acc：95.7701
Dice: 78.0488
IoU: 64.0008
Precision:74.1065
Recall:82.4695
Specificity:97.4029
AUC:88.6285


------------------------Epoch:96------------------------
Acc：95.7818
Dice: 78.8933
IoU: 65.1495
Precision:76.4686
Recall:81.5305
Specificity:97.6884
AUC:86.1696


------------------------Epoch:97------------------------
Acc：96.0059
Dice: 79.4405
IoU: 65.8968
Precision:76.7618
Recall:82.3579
Specificity:97.7600
AUC:87.0299


------------------------Epoch:98------------------------
Acc：95.8414
Dice: 79.0577
IoU: 65.3704
Precision:76.5196
Recall:81.7930
Specificity:97.7005
AUC:87.5040


------------------------Epoch:99------------------------
Acc：95.6907
Dice: 77.9441
IoU: 63.8594
Precision:75.7047
Recall:80.3299
Specificity:97.6696
AUC:88.0262

<<<-------------------第2折结束----------------->>>
Mean Accuracy:95.05164337158203
Mean IoU:59.192283630371094
Mean Dice:73.1958999633789

****************************Fold:3********************************


------------------------Epoch:0------------------------
Acc：9.4468
Dice: 17.4350
IoU: 9.5501
Precision:9.5501
Recall:100.0000
Specificity:0.0000
AUC:50.0000


------------------------Epoch:1------------------------
Acc：89.3032
Dice: 0.9669
IoU: 0.4859
Precision:4.8913
Recall:0.5367
Specificity:99.0161
AUC:49.7273


------------------------Epoch:2------------------------
Acc：90.5331
Dice: 0.0294
IoU: 0.0147
Precision:71.4286
Recall:0.0147
Specificity:99.9994
AUC:50.0000


------------------------Epoch:3------------------------
Acc：90.1917
Dice: 10.7552
IoU: 5.6846
Precision:44.8475
Recall:6.1184
Specificity:99.2774
AUC:52.0974


------------------------Epoch:4------------------------
Acc：92.7860
Dice: 52.3829
IoU: 35.4911
Precision:72.4287
Recall:41.0906
Specificity:98.5064
AUC:67.3679


------------------------Epoch:5------------------------
Acc：93.1009
Dice: 52.7872
IoU: 35.8688
Precision:76.3777
Recall:40.3680
Specificity:98.8461
AUC:66.9183


------------------------Epoch:6------------------------
Acc：92.5660
Dice: 64.2630
IoU: 47.3669
Precision:61.9535
Recall:66.7513
Specificity:96.3292
AUC:78.2158


------------------------Epoch:7------------------------
Acc：92.1106
Dice: 64.8797
IoU: 48.0192
Precision:54.7165
Recall:79.8052
Specificity:93.7472
AUC:84.8071


------------------------Epoch:8------------------------
Acc：93.3507
Dice: 69.3475
IoU: 53.0893
Precision:63.3140
Recall:76.6587
Specificity:95.9874
AUC:83.2526


------------------------Epoch:9------------------------
Acc：93.3297
Dice: 68.7033
IoU: 52.3273
Precision:59.9306
Recall:80.6823
Specificity:95.0752
AUC:84.3504


------------------------Epoch:10------------------------
Acc：93.8501
Dice: 71.1481
IoU: 55.2185
Precision:64.9293
Recall:78.7085
Specificity:96.0317
AUC:85.1032


------------------------Epoch:11------------------------
Acc：94.3328
Dice: 72.4444
IoU: 56.7965
Precision:66.6095
Recall:79.4352
Specificity:96.4074
AUC:85.2165


------------------------Epoch:12------------------------
Acc：93.7139
Dice: 71.7673
IoU: 55.9698
Precision:64.4923
Recall:80.8967
Specificity:95.8835
AUC:87.6268


------------------------Epoch:13------------------------
Acc：94.0677
Dice: 71.5904
IoU: 55.7523
Precision:64.8225
Recall:79.9519
Specificity:96.1239
AUC:86.1914


------------------------Epoch:14------------------------
Acc：94.1677
Dice: 72.6946
IoU: 57.1050
Precision:65.4520
Recall:81.7446
Specificity:96.1036
AUC:87.1085


------------------------Epoch:15------------------------
Acc：94.4540
Dice: 73.5336
IoU: 58.1488
Precision:67.9311
Recall:80.1636
Specificity:96.5652
AUC:85.7329


------------------------Epoch:16------------------------
Acc：94.3329
Dice: 73.6359
IoU: 58.2735
Precision:66.0642
Recall:83.2193
Specificity:96.0839
AUC:86.9392


------------------------Epoch:17------------------------
Acc：94.6165
Dice: 74.1572
IoU: 58.9326
Precision:69.8151
Recall:79.0858
Specificity:96.9700
AUC:87.5131


------------------------Epoch:18------------------------
Acc：94.7588
Dice: 74.7017
IoU: 59.6206
Precision:69.2766
Recall:81.0622
Specificity:96.7340
AUC:86.9699


------------------------Epoch:19------------------------
Acc：94.7755
Dice: 74.1818
IoU: 58.9610
Precision:70.5655
Recall:78.1896
Specificity:97.0451
AUC:86.5147


------------------------Epoch:20------------------------
Acc：94.8648
Dice: 75.2767
IoU: 60.3589
Precision:70.1705
Recall:81.1995
Specificity:96.9026
AUC:86.6609


------------------------Epoch:21------------------------
Acc：94.8617
Dice: 75.0592
IoU: 60.0780
Precision:69.8769
Recall:81.0733
Specificity:96.8999
AUC:87.5577


------------------------Epoch:22------------------------
Acc：94.9583
Dice: 75.3202
IoU: 60.4115
Precision:68.9771
Recall:82.9738
Specificity:96.6715
AUC:87.7457


------------------------Epoch:23------------------------
Acc：94.9184
Dice: 75.5774
IoU: 60.7445
Precision:71.0159
Recall:80.7742
Specificity:96.9431
AUC:87.0798


------------------------Epoch:24------------------------
Acc：94.6509
Dice: 75.0301
IoU: 60.0388
Precision:68.4787
Recall:82.9898
Specificity:96.4496
AUC:87.8798


------------------------Epoch:25------------------------
Acc：95.1613
Dice: 75.4515
IoU: 60.5809
Precision:71.7766
Recall:79.5933
Specificity:97.1798
AUC:85.4430


------------------------Epoch:26------------------------
Acc：94.7733
Dice: 75.1411
IoU: 60.1823
Precision:70.3600
Recall:80.6308
Specificity:96.8564
AUC:86.9217


------------------------Epoch:27------------------------
Acc：95.0262
Dice: 75.6743
IoU: 60.8679
Precision:69.7428
Recall:82.7532
Specificity:96.7042
AUC:87.5328


------------------------Epoch:28------------------------
Acc：95.0226
Dice: 75.6536
IoU: 60.8426
Precision:71.5320
Recall:80.2816
Specificity:97.0799
AUC:87.3948


------------------------Epoch:29------------------------
Acc：94.9237
Dice: 75.4103
IoU: 60.5273
Precision:69.2374
Recall:82.8284
Specificity:96.6305
AUC:87.5224


------------------------Epoch:30------------------------
Acc：94.9778
Dice: 76.0440
IoU: 61.3478
Precision:69.9425
Recall:83.3138
Specificity:96.7092
AUC:89.1351


------------------------Epoch:31------------------------
Acc：95.1182
Dice: 76.1437
IoU: 61.4782
Precision:70.1087
Recall:83.3462
Specificity:96.8327
AUC:87.8637


------------------------Epoch:32------------------------
Acc：95.0247
Dice: 76.3246
IoU: 61.7160
Precision:70.7222
Recall:82.8909
Specificity:96.9710
AUC:88.7974


------------------------Epoch:33------------------------
Acc：95.0787
Dice: 75.6687
IoU: 60.8606
Precision:70.2166
Recall:82.0691
Specificity:96.8167
AUC:87.8459


------------------------Epoch:34------------------------
Acc：95.1226
Dice: 76.8186
IoU: 62.3648
Precision:70.6358
Recall:84.2054
Specificity:96.8506
AUC:88.2058


------------------------Epoch:35------------------------
Acc：95.0972
Dice: 75.9343
IoU: 61.2050
Precision:70.0059
Recall:83.0040
Specificity:96.7672
AUC:87.7146


------------------------Epoch:36------------------------
Acc：95.0844
Dice: 76.3728
IoU: 61.7790
Precision:69.9926
Recall:84.0453
Specificity:96.7855
AUC:88.3692


------------------------Epoch:37------------------------
Acc：95.2941
Dice: 76.9880
IoU: 62.5867
Precision:71.3555
Recall:83.6071
Specificity:96.9877
AUC:88.2676


------------------------Epoch:38------------------------
Acc：95.2312
Dice: 76.7067
IoU: 62.2170
Precision:71.1737
Recall:83.1772
Specificity:96.9893
AUC:88.4619


------------------------Epoch:39------------------------
Acc：95.3702
Dice: 77.2627
IoU: 62.9557
Precision:73.6283
Recall:81.2919
Specificity:97.3692
AUC:86.6767


------------------------Epoch:40------------------------
Acc：95.4784
Dice: 77.7115
IoU: 63.5505
Precision:73.3751
Recall:82.6151
Specificity:97.2901
AUC:87.5401


------------------------Epoch:41------------------------
Acc：95.3888
Dice: 77.1583
IoU: 62.8120
Precision:72.0799
Recall:83.0245
Specificity:97.1338
AUC:88.2196


------------------------Epoch:42------------------------
Acc：95.4832
Dice: 77.4374
IoU: 63.1822
Precision:71.6706
Recall:84.2639
Specificity:97.0325
AUC:88.1652


------------------------Epoch:43------------------------
Acc：95.3728
Dice: 77.1258
IoU: 62.7703
Precision:72.5361
Recall:82.3404
Specificity:97.2005
AUC:88.1678


------------------------Epoch:44------------------------
Acc：95.0967
Dice: 76.6382
IoU: 62.1263
Precision:71.5827
Recall:82.4806
Specificity:96.9342
AUC:87.6363


------------------------Epoch:45------------------------
Acc：95.2010
Dice: 76.9546
IoU: 62.5421
Precision:71.6067
Recall:83.1724
Specificity:96.9883
AUC:88.8036


------------------------Epoch:46------------------------
Acc：95.6113
Dice: 78.0249
IoU: 63.9696
Precision:74.0567
Recall:82.4664
Specificity:97.3867
AUC:87.7082


------------------------Epoch:47------------------------
Acc：95.5280
Dice: 77.7679
IoU: 63.6241
Precision:73.4533
Recall:82.6324
Specificity:97.3397
AUC:88.3591


------------------------Epoch:48------------------------
Acc：95.4685
Dice: 77.5589
IoU: 63.3440
Precision:72.8167
Recall:83.0095
Specificity:97.1337
AUC:87.7670


------------------------Epoch:49------------------------
Acc：95.5544
Dice: 78.3145
IoU: 64.3654
Precision:74.0096
Recall:83.1562
Specificity:97.4179
AUC:88.0307


------------------------Epoch:50------------------------
Acc：95.3725
Dice: 77.6312
IoU: 63.4405
Precision:72.2055
Recall:83.9981
Specificity:97.0059
AUC:87.9800


------------------------Epoch:51------------------------
Acc：95.2295
Dice: 77.4015
IoU: 63.1367
Precision:71.5756
Recall:84.2659
Specificity:96.8980
AUC:88.8109


------------------------Epoch:52------------------------
Acc：95.3722
Dice: 77.6442
IoU: 63.4579
Precision:72.0743
Recall:84.1659
Specificity:96.9776
AUC:88.9708


------------------------Epoch:53------------------------
Acc：95.6939
Dice: 78.3030
IoU: 64.3435
Precision:74.8497
Recall:82.0955
Specificity:97.5358
AUC:88.4974


------------------------Epoch:54------------------------
Acc：95.3152
Dice: 77.2752
IoU: 62.9671
Precision:72.5875
Recall:82.6384
Specificity:97.1302
AUC:87.7066


------------------------Epoch:55------------------------
Acc：95.5769
Dice: 77.1586
IoU: 62.8138
Precision:75.5850
Recall:78.8134
Specificity:97.6956
AUC:86.3130


------------------------Epoch:56------------------------
Acc：95.5433
Dice: 77.6962
IoU: 63.5273
Precision:73.7198
Recall:82.1692
Specificity:97.2541
AUC:87.6276


------------------------Epoch:57------------------------
Acc：95.4481
Dice: 78.2173
IoU: 64.2283
Precision:73.2747
Recall:83.8800
Specificity:97.2033
AUC:89.0867


------------------------Epoch:58------------------------
Acc：95.5118
Dice: 77.8299
IoU: 63.7076
Precision:72.9488
Recall:83.4669
Specificity:97.2171
AUC:87.4706


------------------------Epoch:59------------------------
Acc：95.7055
Dice: 78.3869
IoU: 64.4573
Precision:75.3694
Recall:81.6735
Specificity:97.6117
AUC:87.7475


------------------------Epoch:60------------------------
Acc：95.5674
Dice: 77.6863
IoU: 63.5140
Precision:73.5558
Recall:82.3679
Specificity:97.2351
AUC:87.5008


------------------------Epoch:61------------------------
Acc：95.8545
Dice: 78.2922
IoU: 64.3281
Precision:76.0351
Recall:80.7114
Specificity:97.7320
AUC:87.5710


------------------------Epoch:62------------------------
Acc：95.3978
Dice: 77.5526
IoU: 63.3386
Precision:73.7933
Recall:81.7400
Specificity:97.3977
AUC:87.0978


------------------------Epoch:63------------------------
Acc：95.7899
Dice: 78.6135
IoU: 64.7649
Precision:74.8312
Recall:82.8354
Specificity:97.5231
AUC:87.6148


------------------------Epoch:64------------------------
Acc：95.6723
Dice: 78.6338
IoU: 64.7927
Precision:74.8838
Recall:82.8282
Specificity:97.4726
AUC:87.3116


------------------------Epoch:65------------------------
Acc：95.7519
Dice: 78.8072
IoU: 65.0266
Precision:75.1563
Recall:82.8486
Specificity:97.4770
AUC:88.5531


------------------------Epoch:66------------------------
Acc：95.3934
Dice: 77.4521
IoU: 63.2020
Precision:73.2806
Recall:82.1707
Specificity:97.2282
AUC:87.3392


------------------------Epoch:67------------------------
Acc：95.6195
Dice: 77.6477
IoU: 63.4625
Precision:75.0229
Recall:80.4778
Specificity:97.5411
AUC:87.7246


------------------------Epoch:68------------------------
Acc：95.6778
Dice: 78.5034
IoU: 64.6137
Precision:73.4874
Recall:84.3008
Specificity:97.1642
AUC:88.5431


------------------------Epoch:69------------------------
Acc：95.6852
Dice: 78.6417
IoU: 64.8032
Precision:74.7223
Recall:83.0185
Specificity:97.4374
AUC:87.9661


------------------------Epoch:70------------------------
Acc：95.6533
Dice: 78.1055
IoU: 64.0765
Precision:74.2270
Recall:82.4685
Specificity:97.3923
AUC:87.4842


------------------------Epoch:71------------------------
Acc：95.7083
Dice: 78.4832
IoU: 64.5880
Precision:75.7532
Recall:81.4289
Specificity:97.5817
AUC:87.7334


------------------------Epoch:72------------------------
Acc：95.7808
Dice: 78.6860
IoU: 64.8643
Precision:75.3824
Recall:82.3299
Specificity:97.6055
AUC:87.2528


------------------------Epoch:73------------------------
Acc：95.8106
Dice: 78.6364
IoU: 64.7940
Precision:77.0429
Recall:80.3097
Specificity:97.7444
AUC:87.8978


------------------------Epoch:74------------------------
Acc：95.7920
Dice: 78.8067
IoU: 65.0257
Precision:73.6325
Recall:84.8245
Specificity:97.2123
AUC:88.4868


------------------------Epoch:75------------------------
Acc：95.5743
Dice: 78.9710
IoU: 65.2501
Precision:75.5963
Recall:82.6889
Specificity:97.3918
AUC:88.0784


------------------------Epoch:76------------------------
Acc：96.0030
Dice: 78.9961
IoU: 65.2841
Precision:76.4776
Recall:81.7266
Specificity:97.7508
AUC:87.5946


------------------------Epoch:77------------------------
Acc：95.9702
Dice: 79.3405
IoU: 65.7565
Precision:77.6231
Recall:81.1621
Specificity:97.8022
AUC:87.4517


------------------------Epoch:78------------------------
Acc：95.7069
Dice: 78.8037
IoU: 65.0234
Precision:74.4444
Recall:83.7402
Specificity:97.3964
AUC:88.0285


------------------------Epoch:79------------------------
Acc：95.6651
Dice: 78.9423
IoU: 65.2138
Precision:74.8680
Recall:83.5169
Specificity:97.4358
AUC:87.7825


------------------------Epoch:80------------------------
Acc：95.9533
Dice: 79.3301
IoU: 65.7502
Precision:78.4619
Recall:80.2642
Specificity:97.9999
AUC:85.6397


------------------------Epoch:81------------------------
Acc：95.8971
Dice: 78.2938
IoU: 64.3302
Precision:76.7247
Recall:79.9297
Specificity:97.8271
AUC:88.6371


------------------------Epoch:82------------------------
Acc：95.8991
Dice: 78.5468
IoU: 64.6730
Precision:74.9087
Recall:82.6357
Specificity:97.5251
AUC:87.0724


------------------------Epoch:83------------------------
Acc：95.6853
Dice: 78.5035
IoU: 64.6166
Precision:75.1128
Recall:82.2664
Specificity:97.5492
AUC:86.9338


------------------------Epoch:84------------------------
Acc：95.9853
Dice: 79.3957
IoU: 65.8330
Precision:77.1493
Recall:81.8064
Specificity:97.7673
AUC:87.5291


------------------------Epoch:85------------------------
Acc：96.0147
Dice: 78.9280
IoU: 65.1912
Precision:77.9222
Recall:79.9856
Specificity:97.9620
AUC:87.2409


------------------------Epoch:86------------------------
Acc：95.6815
Dice: 78.5067
IoU: 64.6188
Precision:75.8179
Recall:81.3971
Specificity:97.6372
AUC:88.3770


------------------------Epoch:87------------------------
Acc：95.9198
Dice: 79.3934
IoU: 65.8300
Precision:75.3135
Recall:83.9915
Specificity:97.5196
AUC:87.9202


------------------------Epoch:88------------------------
Acc：95.8580
Dice: 79.0696
IoU: 65.3854
Precision:76.6086
Recall:81.7138
Specificity:97.7085
AUC:87.8437


------------------------Epoch:89------------------------
Acc：95.7815
Dice: 78.6426
IoU: 64.8041
Precision:77.5131
Recall:79.8295
Specificity:97.8820
AUC:86.7733


------------------------Epoch:90------------------------
Acc：95.8405
Dice: 78.5049
IoU: 64.6161
Precision:76.3812
Recall:80.7745
Specificity:97.7085
AUC:87.4632


------------------------Epoch:91------------------------
Acc：95.7300
Dice: 78.5755
IoU: 64.7132
Precision:77.8372
Recall:79.3723
Specificity:97.8437
AUC:86.0476


------------------------Epoch:92------------------------
Acc：95.5855
Dice: 77.0327
IoU: 62.6452
Precision:75.9289
Recall:78.1902
Specificity:97.6928
AUC:86.2766


------------------------Epoch:93------------------------
Acc：95.6471
Dice: 78.1982
IoU: 64.2017
Precision:73.3653
Recall:83.7479
Specificity:97.2291
AUC:88.2798


------------------------Epoch:94------------------------
Acc：96.0881
Dice: 79.6423
IoU: 66.1727
Precision:77.0813
Recall:82.4195
Specificity:97.8215
AUC:87.6177


------------------------Epoch:95------------------------
Acc：95.8775
Dice: 78.7375
IoU: 64.9322
Precision:78.3585
Recall:79.1584
Specificity:97.9308
AUC:86.3209


------------------------Epoch:96------------------------
Acc：96.1037
Dice: 79.6281
IoU: 66.1542
Precision:78.6612
Recall:80.6547
Specificity:98.0479
AUC:86.8361


------------------------Epoch:97------------------------
Acc：95.7804
Dice: 78.9380
IoU: 65.2047
Precision:75.9749
Recall:82.1662
Specificity:97.5807
AUC:88.2029


------------------------Epoch:98------------------------
Acc：96.2298
Dice: 79.9509
IoU: 66.6012
Precision:80.4062
Recall:79.5316
Specificity:98.2311
AUC:86.4313


------------------------Epoch:99------------------------
Acc：95.8115
Dice: 78.3485
IoU: 64.4068
Precision:79.5416
Recall:77.2040
Specificity:98.1451
AUC:85.7720

<<<-------------------第3折结束----------------->>>
Mean Accuracy:94.20742797851562
Mean IoU:59.46589279174805
Mean Dice:73.4726791381836

****************************Fold:4********************************


------------------------Epoch:0------------------------
Acc：90.3517
Dice: 0.0000
IoU: 0.0000
Precision:0.0000
Recall:0.0000
Specificity:100.0000
AUC:50.0000


------------------------Epoch:1------------------------
Acc：90.3417
Dice: 0.0000
IoU: 0.0000
Precision:0.0000
Recall:0.0000
Specificity:100.0000
AUC:50.0000


------------------------Epoch:2------------------------
Acc：90.3633
Dice: 0.0029
IoU: 0.0015
Precision:100.0000
Recall:0.0015
Specificity:100.0000
AUC:50.0000


------------------------Epoch:3------------------------
Acc：90.3285
Dice: 1.6664
IoU: 0.8403
Precision:76.2483
Recall:0.8427
Specificity:99.9735
AUC:50.2578


------------------------Epoch:4------------------------
Acc：91.4967
Dice: 35.9996
IoU: 21.9528
Precision:72.5250
Recall:23.9442
Specificity:99.1457
AUC:60.6491


------------------------Epoch:5------------------------
Acc：93.0558
Dice: 49.5333
IoU: 32.9283
Precision:82.2387
Recall:35.4408
Specificity:99.3280
AUC:65.7128


------------------------Epoch:6------------------------
Acc：94.1135
Dice: 61.8548
IoU: 44.8165
Precision:84.1792
Recall:48.9149
Specificity:99.1988
AUC:69.9673


------------------------Epoch:7------------------------
Acc：94.6927
Dice: 69.7217
IoU: 53.5183
Precision:75.1654
Recall:65.0482
Specificity:98.0577
AUC:79.6679


------------------------Epoch:8------------------------
Acc：94.6904
Dice: 71.6938
IoU: 55.8789
Precision:73.8318
Recall:69.6775
Specificity:97.7559
AUC:82.5702


------------------------Epoch:9------------------------
Acc：93.9990
Dice: 71.2722
IoU: 55.3695
Precision:65.1116
Recall:78.7650
Specificity:96.1306
AUC:84.3833


------------------------Epoch:10------------------------
Acc：91.0248
Dice: 65.4130
IoU: 48.6100
Precision:52.7644
Recall:86.0460
Specificity:93.0822
AUC:87.7831


------------------------Epoch:11------------------------
Acc：93.8667
Dice: 70.6309
IoU: 54.5975
Precision:62.7181
Recall:80.9251
Specificity:95.5178
AUC:85.9865


------------------------Epoch:12------------------------
Acc：94.1889
Dice: 71.8921
IoU: 56.1187
Precision:65.0238
Recall:80.4650
Specificity:95.9888
AUC:85.8742


------------------------Epoch:13------------------------
Acc：93.1200
Dice: 70.4572
IoU: 54.3940
Precision:60.1855
Recall:84.9568
Specificity:94.9062
AUC:88.3668


------------------------Epoch:14------------------------
Acc：94.0022
Dice: 72.0876
IoU: 56.3571
Precision:64.3617
Recall:81.9716
Specificity:95.7906
AUC:86.6370


------------------------Epoch:15------------------------
Acc：94.2910
Dice: 73.3494
IoU: 57.9149
Precision:65.7290
Recall:83.0017
Specificity:96.0292
AUC:87.5636


------------------------Epoch:16------------------------
Acc：93.9249
Dice: 73.1479
IoU: 57.6703
Precision:65.2940
Recall:83.1497
Specificity:95.9541
AUC:87.8573


------------------------Epoch:17------------------------
Acc：93.9727
Dice: 71.9787
IoU: 56.2243
Precision:64.4793
Recall:81.4975
Specificity:95.7316
AUC:86.1828


------------------------Epoch:18------------------------
Acc：94.2419
Dice: 72.6972
IoU: 57.1059
Precision:65.2724
Recall:82.0620
Specificity:96.0123
AUC:87.0567


------------------------Epoch:19------------------------
Acc：93.9665
Dice: 72.7928
IoU: 57.2245
Precision:63.9218
Recall:84.5602
Specificity:95.6337
AUC:87.5634


------------------------Epoch:20------------------------
Acc：94.4122
Dice: 73.7752
IoU: 58.4476
Precision:65.9062
Recall:83.8197
Specificity:95.9705
AUC:87.6949


------------------------Epoch:21------------------------
Acc：94.2281
Dice: 73.3532
IoU: 57.9195
Precision:64.7595
Recall:84.6080
Specificity:95.7679
AUC:88.4325


------------------------Epoch:22------------------------
Acc：94.1324
Dice: 72.7578
IoU: 57.1815
Precision:63.4594
Recall:85.2950
Specificity:95.4718
AUC:88.8741


------------------------Epoch:23------------------------
Acc：94.8379
Dice: 75.4524
IoU: 60.5820
Precision:68.8248
Recall:83.5017
Specificity:96.5729
AUC:88.4761


------------------------Epoch:24------------------------
Acc：94.9694
Dice: 75.2058
IoU: 60.2647
Precision:69.4508
Recall:82.0365
Specificity:96.7805
AUC:87.0145


------------------------Epoch:25------------------------
Acc：94.7940
Dice: 75.3887
IoU: 60.4993
Precision:67.8140
Recall:84.8833
Specificity:96.3975
AUC:89.0766


------------------------Epoch:26------------------------
Acc：94.3769
Dice: 74.1131
IoU: 58.8728
Precision:64.7405
Recall:86.7055
Specificity:95.6235
AUC:89.1296


------------------------Epoch:27------------------------
Acc：94.2475
Dice: 74.0752
IoU: 58.8255
Precision:65.4943
Recall:85.2531
Specificity:95.7962
AUC:89.0156


------------------------Epoch:28------------------------
Acc：95.0005
Dice: 75.7115
IoU: 60.9196
Precision:69.2960
Recall:83.4637
Specificity:96.7385
AUC:87.3019


------------------------Epoch:29------------------------
Acc：94.9344
Dice: 75.8997
IoU: 61.1608
Precision:69.3802
Recall:83.7883
Specificity:96.6672
AUC:88.3119


------------------------Epoch:30------------------------
Acc：94.8761
Dice: 75.2959
IoU: 60.3796
Precision:68.8306
Recall:83.1538
Specificity:96.4697
AUC:87.5146


------------------------Epoch:31------------------------
Acc：94.5073
Dice: 74.9211
IoU: 59.8995
Precision:66.2450
Recall:86.2427
Specificity:95.8813
AUC:88.8174


------------------------Epoch:32------------------------
Acc：94.8078
Dice: 74.7244
IoU: 59.6493
Precision:66.7903
Recall:84.8380
Specificity:96.1564
AUC:89.2256


------------------------Epoch:33------------------------
Acc：95.1324
Dice: 75.9077
IoU: 61.1705
Precision:70.7860
Recall:81.8446
Specificity:96.9226
AUC:87.9168


------------------------Epoch:34------------------------
Acc：95.2035
Dice: 76.9761
IoU: 62.5707
Precision:70.5285
Recall:84.7700
Specificity:96.8141
AUC:88.1683


------------------------Epoch:35------------------------
Acc：94.5720
Dice: 75.1409
IoU: 60.1808
Precision:66.4666
Recall:86.4479
Specificity:95.8819
AUC:89.6964


------------------------Epoch:36------------------------
Acc：95.0519
Dice: 75.9715
IoU: 61.2533
Precision:69.4993
Recall:83.8115
Specificity:96.6121
AUC:88.3296


------------------------Epoch:37------------------------
Acc：95.0238
Dice: 76.2177
IoU: 61.5744
Precision:69.0829
Recall:85.0315
Specificity:96.5952
AUC:88.5548


------------------------Epoch:38------------------------
Acc：94.9754
Dice: 76.0145
IoU: 61.3093
Precision:69.2033
Recall:84.3415
Specificity:96.5240
AUC:88.9948


------------------------Epoch:39------------------------
Acc：95.3115
Dice: 77.4641
IoU: 63.2177
Precision:71.9503
Recall:83.9326
Specificity:96.9845
AUC:88.2125


------------------------Epoch:40------------------------
Acc：94.7078
Dice: 76.1267
IoU: 61.4556
Precision:68.2842
Recall:86.0393
Specificity:96.1964
AUC:88.8964


------------------------Epoch:41------------------------
Acc：95.2628
Dice: 76.7448
IoU: 62.2650
Precision:70.8504
Recall:83.7667
Specificity:96.8081
AUC:88.1017


------------------------Epoch:42------------------------
Acc：94.9484
Dice: 76.7277
IoU: 62.2435
Precision:70.1767
Recall:84.6344
Specificity:96.6074
AUC:89.1366


------------------------Epoch:43------------------------
Acc：95.3680
Dice: 77.2574
IoU: 62.9430
Precision:71.7749
Recall:83.6896
Specificity:97.0333
AUC:88.0320


------------------------Epoch:44------------------------
Acc：95.1087
Dice: 76.6126
IoU: 62.0918
Precision:71.1234
Recall:83.0531
Specificity:96.8463
AUC:87.6966


------------------------Epoch:45------------------------
Acc：95.3057
Dice: 77.2762
IoU: 62.9681
Precision:70.3517
Recall:85.7485
Specificity:96.7054
AUC:88.9112


------------------------Epoch:46------------------------
Acc：94.9847
Dice: 76.5215
IoU: 61.9715
Precision:68.7601
Recall:86.2879
Specificity:96.4101
AUC:89.4477


------------------------Epoch:47------------------------
Acc：95.3078
Dice: 76.5153
IoU: 61.9638
Precision:69.8363
Recall:84.7031
Specificity:96.6701
AUC:88.1245


------------------------Epoch:48------------------------
Acc：95.3558
Dice: 77.1794
IoU: 62.8393
Precision:72.1096
Recall:83.0467
Specificity:97.0933
AUC:88.1853


------------------------Epoch:49------------------------
Acc：95.4469
Dice: 77.3620
IoU: 63.0821
Precision:72.9019
Recall:82.4409
Specificity:97.2104
AUC:87.5815


------------------------Epoch:50------------------------
Acc：95.2194
Dice: 77.2662
IoU: 62.9552
Precision:71.2057
Recall:84.4630
Specificity:96.8820
AUC:89.1185


------------------------Epoch:51------------------------
Acc：95.3716
Dice: 77.7770
IoU: 63.6356
Precision:71.4408
Recall:85.4273
Specificity:96.8934
AUC:88.1623


------------------------Epoch:52------------------------
Acc：94.9728
Dice: 76.3736
IoU: 61.7788
Precision:69.4589
Recall:84.8388
Specificity:96.6379
AUC:88.6295


------------------------Epoch:53------------------------
Acc：95.6618
Dice: 78.2196
IoU: 64.2324
Precision:74.4365
Recall:82.4440
Specificity:97.4242
AUC:87.2697


------------------------Epoch:54------------------------
Acc：95.4362
Dice: 77.5394
IoU: 63.3187
Precision:73.4698
Recall:82.1002
Specificity:97.3165
AUC:88.0088


------------------------Epoch:55------------------------
Acc：95.1410
Dice: 77.0258
IoU: 62.6379
Precision:70.8436
Recall:84.4470
Specificity:96.7392
AUC:87.4268


------------------------Epoch:56------------------------
Acc：95.4148
Dice: 77.7342
IoU: 63.5789
Precision:71.0711
Recall:85.7812
Specificity:96.9187
AUC:90.0020


------------------------Epoch:57------------------------
Acc：95.2552
Dice: 77.0334
IoU: 62.6476
Precision:72.4742
Recall:82.2503
Specificity:97.0888
AUC:86.9021


------------------------Epoch:58------------------------
Acc：95.4167
Dice: 77.3719
IoU: 63.0948
Precision:72.5850
Recall:82.8830
Specificity:97.1210
AUC:87.9878


------------------------Epoch:59------------------------
Acc：95.6093
Dice: 78.2592
IoU: 64.2858
Precision:73.7325
Recall:83.4401
Specificity:97.3318
AUC:87.2191


------------------------Epoch:60------------------------
Acc：95.2481
Dice: 77.4967
IoU: 63.2621
Precision:71.4463
Recall:84.7055
Specificity:96.9138
AUC:88.2507


------------------------Epoch:61------------------------
Acc：95.4075
Dice: 77.8517
IoU: 63.7354
Precision:72.6258
Recall:83.8998
Specificity:97.0704
AUC:89.2094


------------------------Epoch:62------------------------
Acc：95.5723
Dice: 78.0121
IoU: 63.9508
Precision:74.2483
Recall:82.2222
Specificity:97.3285
AUC:87.6348


------------------------Epoch:63------------------------
Acc：95.6397
Dice: 78.7002
IoU: 64.8818
Precision:73.4259
Recall:84.8230
Specificity:97.2089
AUC:88.7011


------------------------Epoch:64------------------------
Acc：95.5513
Dice: 78.1054
IoU: 64.0762
Precision:72.2511
Recall:85.0167
Specificity:97.0033
AUC:89.4223


------------------------Epoch:65------------------------
Acc：95.4583
Dice: 77.7550
IoU: 63.6072
Precision:71.8612
Recall:84.7375
Specificity:97.0205
AUC:88.3656


------------------------Epoch:66------------------------
Acc：95.7034
Dice: 78.2900
IoU: 64.3251
Precision:74.1976
Recall:82.8743
Specificity:97.4109
AUC:88.7599


------------------------Epoch:67------------------------
Acc：95.5062
Dice: 77.7197
IoU: 63.5596
Precision:73.4068
Recall:82.5957
Specificity:97.3082
AUC:87.8692


------------------------Epoch:68------------------------
Acc：95.6012
Dice: 78.1033
IoU: 64.0736
Precision:74.3708
Recall:82.2491
Specificity:97.4123
AUC:88.2852


------------------------Epoch:69------------------------
Acc：95.4406
Dice: 78.0564
IoU: 64.0115
Precision:73.2783
Recall:83.5372
Specificity:97.1385
AUC:87.8537


------------------------Epoch:70------------------------
Acc：95.9974
Dice: 79.4400
IoU: 65.8939
Precision:75.7123
Recall:83.5955
Specificity:97.6198
AUC:88.0077


------------------------Epoch:71------------------------
Acc：95.5857
Dice: 78.3708
IoU: 64.4351
Precision:73.5599
Recall:83.9232
Specificity:97.2051
AUC:87.5877


------------------------Epoch:72------------------------
Acc：95.2575
Dice: 77.8708
IoU: 63.7650
Precision:71.9838
Recall:84.8287
Specificity:96.9818
AUC:88.2684


------------------------Epoch:73------------------------
Acc：95.6838
Dice: 78.4600
IoU: 64.5566
Precision:75.6292
Recall:81.5267
Specificity:97.5411
AUC:87.6114


------------------------Epoch:74------------------------
Acc：95.6724
Dice: 77.9935
IoU: 63.9257
Precision:74.5538
Recall:81.7760
Specificity:97.4634
AUC:88.4970


------------------------Epoch:75------------------------
Acc：95.4411
Dice: 78.1425
IoU: 64.1276
Precision:73.0044
Recall:84.1079
Specificity:97.1444
AUC:87.8492


------------------------Epoch:76------------------------
Acc：95.7025
Dice: 78.2985
IoU: 64.3366
Precision:74.8405
Recall:82.1034
Specificity:97.4058
AUC:88.8684


------------------------Epoch:77------------------------
Acc：95.6438
Dice: 78.4669
IoU: 64.5661
Precision:75.1663
Recall:82.1336
Specificity:97.4393
AUC:86.7155


------------------------Epoch:78------------------------
Acc：96.0155
Dice: 79.5443
IoU: 66.0372
Precision:75.4495
Recall:84.1764
Specificity:97.5536
AUC:87.8526


------------------------Epoch:79------------------------
Acc：95.6671
Dice: 78.3868
IoU: 64.4558
Precision:75.6275
Recall:81.3836
Specificity:97.5609
AUC:87.7935


------------------------Epoch:80------------------------
Acc：95.9265
Dice: 79.8308
IoU: 66.4355
Precision:76.2323
Recall:83.8008
Specificity:97.6818
AUC:88.5358


------------------------Epoch:81------------------------
Acc：95.9313
Dice: 78.9324
IoU: 65.1970
Precision:75.3974
Recall:82.8571
Specificity:97.5438
AUC:88.1601


------------------------Epoch:82------------------------
Acc：95.5786
Dice: 78.5841
IoU: 64.7252
Precision:74.2613
Recall:83.4724
Specificity:97.2835
AUC:87.8674


------------------------Epoch:83------------------------
Acc：95.8747
Dice: 79.3085
IoU: 65.7134
Precision:75.4918
Recall:83.5852
Specificity:97.5273
AUC:87.6927


------------------------Epoch:84------------------------
Acc：95.7439
Dice: 79.0764
IoU: 65.3944
Precision:75.5438
Recall:82.9677
Specificity:97.5281
AUC:88.6716


------------------------Epoch:85------------------------
Acc：95.8914
Dice: 79.5025
IoU: 65.9799
Precision:75.2504
Recall:84.2940
Specificity:97.5168
AUC:88.6145


------------------------Epoch:86------------------------
Acc：95.8589
Dice: 78.9616
IoU: 65.2369
Precision:74.8321
Recall:83.6161
Specificity:97.4788
AUC:88.4449


------------------------Epoch:87------------------------
Acc：95.9200
Dice: 79.2806
IoU: 65.6737
Precision:75.0960
Recall:83.9754
Specificity:97.5067
AUC:89.2212


------------------------Epoch:88------------------------
Acc：95.6152
Dice: 78.5931
IoU: 64.7366
Precision:74.0699
Recall:83.7470
Specificity:97.2772
AUC:87.9109


------------------------Epoch:89------------------------
Acc：95.7667
Dice: 79.1012
IoU: 65.4308
Precision:74.9290
Recall:83.7861
Specificity:97.4603
AUC:88.2262


------------------------Epoch:90------------------------
Acc：95.9728
Dice: 79.7351
IoU: 66.3000
Precision:75.2602
Recall:84.8348
Specificity:97.4686
AUC:88.4962


------------------------Epoch:91------------------------
Acc：95.8108
Dice: 78.3798
IoU: 64.4465
Precision:73.9327
Recall:83.4049
Specificity:97.4074
AUC:89.6500


------------------------Epoch:92------------------------
Acc：95.7201
Dice: 79.0899
IoU: 65.4192
Precision:76.0712
Recall:82.3997
Specificity:97.6417
AUC:86.7399


------------------------Epoch:93------------------------
Acc：96.0505
Dice: 79.6476
IoU: 66.1800
Precision:77.2652
Recall:82.2248
Specificity:97.7918
AUC:87.4644


------------------------Epoch:94------------------------
Acc：95.8937
Dice: 79.4360
IoU: 65.8880
Precision:76.0528
Recall:83.1731
Specificity:97.5729
AUC:87.9522


------------------------Epoch:95------------------------
Acc：96.0159
Dice: 79.8350
IoU: 66.4386
Precision:75.9229
Recall:84.2098
Specificity:97.5955
AUC:88.5719


------------------------Epoch:96------------------------
Acc：96.1066
Dice: 79.9742
IoU: 66.6323
Precision:76.5147
Recall:83.7995
Specificity:97.7093
AUC:88.2696


------------------------Epoch:97------------------------
Acc：95.7416
Dice: 79.3627
IoU: 65.7863
Precision:75.0633
Recall:84.2197
Specificity:97.3169
AUC:88.8019


------------------------Epoch:98------------------------
Acc：95.9591
Dice: 79.3629
IoU: 65.7871
Precision:75.8163
Recall:83.3019
Specificity:97.5994
AUC:88.0201


------------------------Epoch:99------------------------
Acc：95.7906
Dice: 79.3489
IoU: 65.7680
Precision:76.8935
Recall:81.9932
Specificity:97.6997
AUC:87.8332

<<<-------------------第4折结束----------------->>>
Mean Accuracy:95.8968734741211
Mean IoU:59.22143020629883
Mean Dice:73.73889923095703


训练完成！！！输出最终结果--------->
Mean Acc：95.4638168334961
Mean Dice: 73.4348678588867
Mean IoU: 59.5633850097656
Mean Precision:78.1391041381836
Mean Recall:79.35166931152344
Mean Specificity:98.3841094970703
Mean AUC:85.6834200309718
