nohup: 忽略输入
****************************Fold:0********************************


------------------------Epoch:0------------------------
Acc：97.3632
Dice: 94.6923
IoU: 90.9267
Precision:94.2974
Recall:95.1066
Specificity:99.2115
AUC:95.8880
Found better model! Saving to weight_point.pth.tar with IoU Index: 90.9267349243164


------------------------Epoch:1------------------------
Acc：98.1028
Dice: 95.4252
IoU: 91.2593
Precision:97.5321
Recall:93.4100
Specificity:99.6921
AUC:96.7590
Found better model! Saving to weight_point.pth.tar with IoU Index: 91.25927734375


------------------------Epoch:2------------------------
Acc：98.8285
Dice: 97.3805
IoU: 94.8953
Precision:97.0831
Recall:97.6838
Specificity:99.6027
AUC:97.8182
Found better model! Saving to weight_point.pth.tar with IoU Index: 94.89534759521484


------------------------Epoch:3------------------------
Acc：99.0023
Dice: 97.7129
IoU: 95.5300
Precision:97.4429
Recall:97.9853
Specificity:99.6579
AUC:98.3843
Found better model! Saving to weight_point.pth.tar with IoU Index: 95.52995300292969


------------------------Epoch:4------------------------
Acc：98.8038
Dice: 97.9725
IoU: 96.0266
Precision:97.9806
Recall:97.9689
Specificity:99.7215
AUC:97.2073
Found better model! Saving to weight_point.pth.tar with IoU Index: 96.02664947509766


------------------------Epoch:5------------------------
Acc：99.1140
Dice: 98.1707
IoU: 96.4075
Precision:97.8175
Recall:98.5294
Specificity:99.6957
AUC:97.8135
Found better model! Saving to weight_point.pth.tar with IoU Index: 96.4074935913086


------------------------Epoch:6------------------------
Acc：98.9989
Dice: 97.6623
IoU: 95.4346
Precision:97.0675
Recall:98.2646
Specificity:99.6078
AUC:98.4574


------------------------Epoch:7------------------------
Acc：99.1072
Dice: 98.1861
IoU: 96.4372
Precision:97.6564
Recall:98.7241
Specificity:99.6800
AUC:97.9217
Found better model! Saving to weight_point.pth.tar with IoU Index: 96.43719482421875


------------------------Epoch:8------------------------
Acc：98.9211
Dice: 97.7197
IoU: 95.5422
Precision:96.8409
Recall:98.6171
Specificity:99.5661
AUC:98.6415


------------------------Epoch:9------------------------
Acc：99.0889
Dice: 98.1597
IoU: 96.3863
Precision:97.7315
Recall:98.5944
Specificity:99.6864
AUC:97.7775


------------------------Epoch:10------------------------
Acc：99.0276
Dice: 97.9242
IoU: 95.9337
Precision:96.6909
Recall:99.1917
Specificity:99.5540
AUC:98.4981


------------------------Epoch:11------------------------
Acc：98.8461
Dice: 97.3947
IoU: 94.9269
Precision:96.6224
Recall:98.1797
Specificity:99.5602
AUC:97.5064


------------------------Epoch:12------------------------
Acc：99.1452
Dice: 98.1305
IoU: 96.3302
Precision:97.3031
Recall:98.9743
Specificity:99.6352
AUC:98.4417


------------------------Epoch:13------------------------
Acc：99.1424
Dice: 98.2423
IoU: 96.5456
Precision:97.4072
Recall:99.0933
Specificity:99.6606
AUC:98.6723
Found better model! Saving to weight_point.pth.tar with IoU Index: 96.54560852050781


------------------------Epoch:14------------------------
Acc：98.9936
Dice: 97.9261
IoU: 95.9372
Precision:96.4898
Recall:99.4079
Specificity:99.5312
AUC:98.7094


------------------------Epoch:15------------------------
Acc：98.9819
Dice: 98.0961
IoU: 96.2644
Precision:97.5035
Recall:98.6975
Specificity:99.6589
AUC:97.3383


------------------------Epoch:16------------------------
Acc：99.1833
Dice: 98.2573
IoU: 96.5749
Precision:97.2186
Recall:99.3200
Specificity:99.6309
AUC:98.7581
Found better model! Saving to weight_point.pth.tar with IoU Index: 96.57488250732422


------------------------Epoch:17------------------------
Acc：99.2446
Dice: 98.4427
IoU: 96.9334
Precision:98.2860
Recall:98.6016
Specificity:99.7673
AUC:97.9235
Found better model! Saving to weight_point.pth.tar with IoU Index: 96.93338775634766


------------------------Epoch:18------------------------
Acc：99.1553
Dice: 98.1852
IoU: 96.4358
Precision:97.2276
Recall:99.1644
Specificity:99.6185
AUC:98.3951


------------------------Epoch:19------------------------
Acc：99.0828
Dice: 98.1157
IoU: 96.3010
Precision:98.8126
Recall:97.4312
Specificity:99.8308
AUC:97.1107


------------------------Epoch:20------------------------
Acc：99.0693
Dice: 98.0533
IoU: 96.1817
Precision:96.7464
Recall:99.3981
Specificity:99.5586
AUC:98.9831


------------------------Epoch:21------------------------
Acc：99.1858
Dice: 98.1938
IoU: 96.4523
Precision:97.4315
Recall:98.9701
Specificity:99.6504
AUC:99.0488


------------------------Epoch:22------------------------
Acc：99.2383
Dice: 98.3741
IoU: 96.8008
Precision:97.5953
Recall:99.1678
Specificity:99.6704
AUC:98.9017


------------------------Epoch:23------------------------
Acc：98.5736
Dice: 96.8335
IoU: 93.8689
Precision:95.6690
Recall:98.0271
Specificity:99.4265
AUC:97.5969


------------------------Epoch:24------------------------
Acc：99.1625
Dice: 98.4634
IoU: 96.9738
Precision:98.0409
Recall:98.8918
Specificity:99.7326
AUC:97.1651
Found better model! Saving to weight_point.pth.tar with IoU Index: 96.97384643554688


------------------------Epoch:25------------------------
Acc：99.2466
Dice: 98.3414
IoU: 96.7374
Precision:97.7453
Recall:98.9473
Specificity:99.6871
AUC:98.6998


------------------------Epoch:26------------------------
Acc：99.1590
Dice: 98.1160
IoU: 96.3033
Precision:97.5526
Recall:98.6877
Specificity:99.6545
AUC:98.8145


------------------------Epoch:27------------------------
Acc：99.2228
Dice: 98.3049
IoU: 96.6671
Precision:97.4464
Recall:99.1804
Specificity:99.6490
AUC:98.8551


------------------------Epoch:28------------------------
Acc：99.2717
Dice: 98.3995
IoU: 96.8501
Precision:98.0018
Recall:98.8037
Specificity:99.7132
AUC:98.8681


------------------------Epoch:29------------------------
Acc：98.1856
Dice: 96.0829
IoU: 92.4654
Precision:99.3916
Recall:92.9891
Specificity:99.9176
AUC:90.5806


------------------------Epoch:30------------------------
Acc：99.1889
Dice: 98.2204
IoU: 96.5037
Precision:97.2185
Recall:99.2461
Specificity:99.6172
AUC:98.5066


------------------------Epoch:31------------------------
Acc：98.5864
Dice: 97.7781
IoU: 95.6546
Precision:96.0917
Recall:99.5277
Specificity:99.4779
AUC:95.6797


------------------------Epoch:32------------------------
Acc：99.1604
Dice: 98.4314
IoU: 96.9117
Precision:98.4699
Recall:98.3937
Specificity:99.7953
AUC:94.4720


------------------------Epoch:33------------------------
Acc：99.0948
Dice: 97.9874
IoU: 96.0561
Precision:96.5656
Recall:99.4547
Specificity:99.5179
AUC:98.6998


------------------------Epoch:34------------------------
Acc：99.0461
Dice: 98.3352
IoU: 96.7259
Precision:97.8900
Recall:98.7877
Specificity:99.7006
AUC:95.0920


------------------------Epoch:35------------------------
Acc：96.9572
Dice: 94.5388
IoU: 89.6495
Precision:90.7261
Recall:98.6964
Specificity:98.7847
AUC:97.0922


------------------------Epoch:36------------------------
Acc：99.1910
Dice: 98.1718
IoU: 96.4099
Precision:97.4357
Recall:98.9211
Specificity:99.6463
AUC:98.9311


------------------------Epoch:37------------------------
Acc：99.1652
Dice: 98.0193
IoU: 96.1197
Precision:97.8546
Recall:98.1847
Specificity:99.6993
AUC:98.8878


------------------------Epoch:38------------------------
Acc：99.2838
Dice: 98.4802
IoU: 97.0061
Precision:98.3342
Recall:98.6283
Specificity:99.7670
AUC:98.7098
Found better model! Saving to weight_point.pth.tar with IoU Index: 97.0060806274414


------------------------Epoch:39------------------------
Acc：99.1412
Dice: 98.1397
IoU: 96.3481
Precision:96.8817
Recall:99.4323
Specificity:99.5822
AUC:98.7538


------------------------Epoch:40------------------------
Acc：98.9489
Dice: 97.8549
IoU: 95.8011
Precision:96.1370
Recall:99.6374
Specificity:99.4796
AUC:98.9307


------------------------Epoch:41------------------------
Acc：99.3076
Dice: 98.5200
IoU: 97.0833
Precision:98.1997
Recall:98.8442
Specificity:99.7523
AUC:98.7613
Found better model! Saving to weight_point.pth.tar with IoU Index: 97.08329010009766


------------------------Epoch:42------------------------
Acc：99.2767
Dice: 98.4543
IoU: 96.9563
Precision:97.9239
Recall:98.9918
Specificity:99.7131
AUC:99.0522


------------------------Epoch:43------------------------
Acc：99.3005
Dice: 98.4966
IoU: 97.0381
Precision:97.9025
Recall:99.0995
Specificity:99.7150
AUC:99.0240


------------------------Epoch:44------------------------
Acc：99.2797
Dice: 98.4744
IoU: 96.9947
Precision:98.6436
Recall:98.3073
Specificity:99.8143
AUC:98.7417


------------------------Epoch:45------------------------
Acc：99.1863
Dice: 98.2353
IoU: 96.5326
Precision:97.8665
Recall:98.6081
Specificity:99.7098
AUC:97.6726


------------------------Epoch:46------------------------
Acc：99.0286
Dice: 98.1901
IoU: 96.4452
Precision:96.9336
Recall:99.4810
Specificity:99.6037
AUC:98.7700


------------------------Epoch:47------------------------
Acc：99.2789
Dice: 98.4789
IoU: 97.0035
Precision:98.0373
Recall:98.9267
Specificity:99.7309
AUC:98.7020


------------------------Epoch:48------------------------
Acc：99.1887
Dice: 98.2600
IoU: 96.5803
Precision:97.0952
Recall:99.4550
Specificity:99.6034
AUC:98.8011


------------------------Epoch:49------------------------
Acc：99.0757
Dice: 98.2603
IoU: 96.5809
Precision:97.1897
Recall:99.3574
Specificity:99.6107
AUC:94.3424


------------------------Epoch:50------------------------
Acc：99.2585
Dice: 98.5749
IoU: 97.1901
Precision:98.2276
Recall:98.9261
Specificity:99.7632
AUC:97.0770
Found better model! Saving to weight_point.pth.tar with IoU Index: 97.19010925292969


------------------------Epoch:51------------------------
Acc：99.0971
Dice: 98.1239
IoU: 96.3179
Precision:96.8652
Recall:99.4179
Specificity:99.5684
AUC:96.9769


------------------------Epoch:52------------------------
Acc：99.0356
Dice: 97.8621
IoU: 95.8154
Precision:96.3552
Recall:99.4196
Specificity:99.4948
AUC:98.9076


------------------------Epoch:53------------------------
Acc：99.3403
Dice: 98.5329
IoU: 97.1086
Precision:98.4090
Recall:98.6584
Specificity:99.7813
AUC:99.0377


------------------------Epoch:54------------------------
Acc：99.2905
Dice: 98.4267
IoU: 96.9029
Precision:97.5739
Recall:99.2965
Specificity:99.6636
AUC:99.0615


------------------------Epoch:55------------------------
Acc：99.2540
Dice: 98.3550
IoU: 96.7637
Precision:97.3399
Recall:99.3928
Specificity:99.6450
AUC:99.2370


------------------------Epoch:56------------------------
Acc：99.3061
Dice: 98.4953
IoU: 97.0355
Precision:97.7342
Recall:99.2696
Specificity:99.6962
AUC:99.1775


------------------------Epoch:57------------------------
Acc：99.3207
Dice: 98.4669
IoU: 96.9809
Precision:97.8385
Recall:99.1058
Specificity:99.6933
AUC:98.9385


------------------------Epoch:58------------------------
Acc：99.2414
Dice: 98.3615
IoU: 96.7762
Precision:97.3387
Recall:99.4073
Specificity:99.6451
AUC:98.9877


------------------------Epoch:59------------------------
Acc：99.3309
Dice: 98.5209
IoU: 97.0853
Precision:97.7558
Recall:99.2994
Specificity:99.6963
AUC:99.0182


------------------------Epoch:60------------------------
Acc：98.8506
Dice: 97.4631
IoU: 95.0532
Precision:95.3178
Recall:99.7096
Specificity:99.3625
AUC:99.0236


------------------------Epoch:61------------------------
Acc：99.3434
Dice: 98.5907
IoU: 97.2207
Precision:98.4772
Recall:98.7053
Specificity:99.8011
AUC:98.9398
Found better model! Saving to weight_point.pth.tar with IoU Index: 97.22066497802734


------------------------Epoch:62------------------------
Acc：99.2825
Dice: 98.3944
IoU: 96.8401
Precision:97.5129
Recall:99.2939
Specificity:99.6597
AUC:99.3482


------------------------Epoch:63------------------------
Acc：99.1041
Dice: 98.3558
IoU: 96.7653
Precision:97.7147
Recall:99.0066
Specificity:99.7029
AUC:99.0678


------------------------Epoch:64------------------------
Acc：99.1169
Dice: 98.1024
IoU: 96.2761
Precision:96.7401
Recall:99.5054
Specificity:99.5573
AUC:99.0966


------------------------Epoch:65------------------------
Acc：99.2390
Dice: 98.4009
IoU: 96.8522
Precision:99.1318
Recall:97.6816
Specificity:99.8821
AUC:98.4656


------------------------Epoch:66------------------------
Acc：99.3082
Dice: 98.5380
IoU: 97.1183
Precision:97.7878
Recall:99.3009
Specificity:99.7049
AUC:98.7582


------------------------Epoch:67------------------------
Acc：99.3303
Dice: 98.5371
IoU: 97.1166
Precision:98.1516
Recall:98.9277
Specificity:99.7416
AUC:98.8034


------------------------Epoch:68------------------------
Acc：99.2502
Dice: 98.3532
IoU: 96.7601
Precision:97.3200
Recall:99.4099
Specificity:99.6400
AUC:99.0305


------------------------Epoch:69------------------------
Acc：99.1599
Dice: 98.2484
IoU: 96.5578
Precision:97.1161
Recall:99.4092
Specificity:99.6130
AUC:98.5997


------------------------Epoch:70------------------------
Acc：99.3193
Dice: 98.5307
IoU: 97.1044
Precision:97.8351
Recall:99.2376
Specificity:99.7046
AUC:98.7806


------------------------Epoch:71------------------------
Acc：99.1726
Dice: 98.5074
IoU: 97.0589
Precision:98.5920
Recall:98.4245
Specificity:99.8087
AUC:94.9809


------------------------Epoch:72------------------------
Acc：99.1740
Dice: 98.4606
IoU: 96.9686
Precision:97.8311
Recall:99.1005
Specificity:99.6979
AUC:95.2272


------------------------Epoch:73------------------------
Acc：99.3414
Dice: 98.5405
IoU: 97.1233
Precision:98.3278
Recall:98.7558
Specificity:99.7666
AUC:99.0785


------------------------Epoch:74------------------------
Acc：99.2920
Dice: 98.4638
IoU: 96.9746
Precision:97.6212
Recall:99.3228
Specificity:99.6769
AUC:98.7387


------------------------Epoch:75------------------------
Acc：99.3687
Dice: 98.5616
IoU: 97.1647
Precision:98.1759
Recall:98.9532
Specificity:99.7284
AUC:99.0461


------------------------Epoch:76------------------------
Acc：99.3431
Dice: 98.6328
IoU: 97.3026
Precision:97.9650
Recall:99.3106
Specificity:99.7263
AUC:98.2713
Found better model! Saving to weight_point.pth.tar with IoU Index: 97.30264282226562


------------------------Epoch:77------------------------
Acc：99.3051
Dice: 98.5325
IoU: 97.1078
Precision:97.6599
Recall:99.4221
Specificity:99.6882
AUC:98.9771


------------------------Epoch:78------------------------
Acc：99.3828
Dice: 98.6824
IoU: 97.3992
Precision:98.4022
Recall:98.9651
Specificity:99.7857
AUC:99.1255
Found better model! Saving to weight_point.pth.tar with IoU Index: 97.39921569824219


------------------------Epoch:79------------------------
Acc：99.3486
Dice: 98.5951
IoU: 97.2295
Precision:97.9064
Recall:99.2945
Specificity:99.7198
AUC:99.1262


------------------------Epoch:80------------------------
Acc：99.2980
Dice: 98.4932
IoU: 97.0316
Precision:97.5970
Recall:99.4077
Specificity:99.6725
AUC:98.9187


------------------------Epoch:81------------------------
Acc：99.4057
Dice: 98.7488
IoU: 97.5285
Precision:98.6822
Recall:98.8165
Specificity:99.8224
AUC:99.0334
Found better model! Saving to weight_point.pth.tar with IoU Index: 97.52849578857422


------------------------Epoch:82------------------------
Acc：99.3741
Dice: 98.7305
IoU: 97.4930
Precision:98.5360
Recall:98.9272
Specificity:99.7974
AUC:98.0808


------------------------Epoch:83------------------------
Acc：99.2792
Dice: 98.4139
IoU: 96.8779
Precision:97.3465
Recall:99.5062
Specificity:99.6447
AUC:99.2335


------------------------Epoch:84------------------------
Acc：99.3933
Dice: 98.7131
IoU: 97.4590
Precision:98.5756
Recall:98.8516
Specificity:99.8154
AUC:99.2236


------------------------Epoch:85------------------------
Acc：99.3746
Dice: 98.6226
IoU: 97.2830
Precision:98.0527
Recall:99.2003
Specificity:99.7355
AUC:99.3190


------------------------Epoch:86------------------------
Acc：99.2893
Dice: 98.4621
IoU: 96.9712
Precision:97.4831
Recall:99.4621
Specificity:99.6608
AUC:99.0126


------------------------Epoch:87------------------------
Acc：99.4045
Dice: 98.7521
IoU: 97.5350
Precision:98.6926
Recall:98.8124
Specificity:99.8262
AUC:98.9359
Found better model! Saving to weight_point.pth.tar with IoU Index: 97.53495788574219


------------------------Epoch:88------------------------
Acc：99.3742
Dice: 98.7110
IoU: 97.4552
Precision:98.4429
Recall:98.9820
Specificity:99.7846
AUC:98.0462


------------------------Epoch:89------------------------
Acc：99.3813
Dice: 98.7192
IoU: 97.4709
Precision:98.7121
Recall:98.7273
Specificity:99.8276
AUC:98.4976


------------------------Epoch:90------------------------
Acc：99.3248
Dice: 98.5556
IoU: 97.1525
Precision:97.9561
Recall:99.1641
Specificity:99.7197
AUC:98.9753


------------------------Epoch:91------------------------
Acc：99.3663
Dice: 98.6187
IoU: 97.2755
Precision:98.0522
Recall:99.1935
Specificity:99.7250
AUC:98.8351


------------------------Epoch:92------------------------
Acc：99.3391
Dice: 98.5788
IoU: 97.1977
Precision:97.8265
Recall:99.3441
Specificity:99.7070
AUC:99.3039


------------------------Epoch:93------------------------
Acc：99.4024
Dice: 98.6996
IoU: 97.4328
Precision:98.1855
Recall:99.2202
Specificity:99.7513
AUC:99.1060


------------------------Epoch:94------------------------
Acc：99.3511
Dice: 98.6117
IoU: 97.2616
Precision:97.9183
Recall:99.3163
Specificity:99.7162
AUC:98.7842


------------------------Epoch:95------------------------
Acc：99.4018
Dice: 98.7307
IoU: 97.4935
Precision:98.3441
Recall:99.1215
Specificity:99.7744
AUC:99.0560


------------------------Epoch:96------------------------
Acc：99.3835
Dice: 98.6633
IoU: 97.3621
Precision:98.0322
Recall:99.3040
Specificity:99.7318
AUC:99.2081


------------------------Epoch:97------------------------
Acc：99.3281
Dice: 98.5066
IoU: 97.0577
Precision:97.5703
Recall:99.4626
Specificity:99.6703
AUC:99.0832


------------------------Epoch:98------------------------
Acc：99.4069
Dice: 98.7505
IoU: 97.5319
Precision:98.2873
Recall:99.2190
Specificity:99.7703
AUC:99.0580


------------------------Epoch:99------------------------
Acc：99.4358
Dice: 98.7326
IoU: 97.4974
Precision:98.6597
Recall:98.8058
Specificity:99.8184
AUC:99.1996

<<<-------------------第0折结束----------------->>>
Mean Accuracy:99.13957214355469
Mean IoU:96.460693359375
Mean Dice:98.19310760498047

新的数据列已添加到Excel文件中。
****************************Fold:1********************************


------------------------Epoch:0------------------------
Acc：97.0009
Dice: 93.1594
IoU: 87.1990
Precision:95.7268
Recall:90.7796
Specificity:99.3447
AUC:94.0572


------------------------Epoch:1------------------------
Acc：98.0183
Dice: 96.0077
IoU: 92.3286
Precision:97.5516
Recall:94.5138
Specificity:99.6745
AUC:95.0725


------------------------Epoch:2------------------------
Acc：98.5757
Dice: 96.4214
IoU: 93.1103
Precision:97.0977
Recall:95.7603
Specificity:99.6203
AUC:97.5713


------------------------Epoch:3------------------------
Acc：98.7773
Dice: 96.9598
IoU: 94.1188
Precision:97.6986
Recall:96.2363
Specificity:99.6875
AUC:97.7988


------------------------Epoch:4------------------------
Acc：98.9495
Dice: 97.8554
IoU: 95.8015
Precision:98.4019
Recall:97.3164
Specificity:99.7760
AUC:97.8849


------------------------Epoch:5------------------------
Acc：98.3578
Dice: 95.7754
IoU: 91.9293
Precision:97.6218
Recall:94.0135
Specificity:99.6896
AUC:98.6763


------------------------Epoch:6------------------------
Acc：99.1323
Dice: 98.1145
IoU: 96.2992
Precision:97.9348
Recall:98.2965
Specificity:99.7229
AUC:98.7846


------------------------Epoch:7------------------------
Acc：99.1232
Dice: 97.9486
IoU: 95.9820
Precision:97.7401
Recall:98.1584
Specificity:99.6857
AUC:98.3799


------------------------Epoch:8------------------------
Acc：99.0940
Dice: 97.9914
IoU: 96.0631
Precision:97.2349
Recall:98.7628
Specificity:99.6169
AUC:98.7658


------------------------Epoch:9------------------------
Acc：99.1607
Dice: 98.0987
IoU: 96.2694
Precision:97.4577
Recall:98.7513
Specificity:99.6440
AUC:98.7910


------------------------Epoch:10------------------------
Acc：98.9828
Dice: 98.0614
IoU: 96.1969
Precision:97.5595
Recall:98.5708
Specificity:99.6798
AUC:96.0223


------------------------Epoch:11------------------------
Acc：98.7221
Dice: 96.8451
IoU: 93.8970
Precision:97.4367
Recall:96.2645
Specificity:99.6629
AUC:98.5574


------------------------Epoch:12------------------------
Acc：98.6778
Dice: 97.1033
IoU: 94.3752
Precision:96.1782
Recall:98.0492
Specificity:99.4794
AUC:98.9744


------------------------Epoch:13------------------------
Acc：99.0688
Dice: 97.9912
IoU: 96.0622
Precision:96.5913
Recall:99.4338
Specificity:99.5457
AUC:98.7530


------------------------Epoch:14------------------------
Acc：99.1631
Dice: 98.1089
IoU: 96.2891
Precision:97.5651
Recall:98.6612
Specificity:99.6630
AUC:98.7191


------------------------Epoch:15------------------------
Acc：98.8774
Dice: 97.7536
IoU: 95.6084
Precision:96.7464
Recall:98.7839
Specificity:99.5493
AUC:98.6901


------------------------Epoch:16------------------------
Acc：98.9189
Dice: 97.6586
IoU: 95.4268
Precision:96.7673
Recall:98.5671
Specificity:99.5691
AUC:98.3163


------------------------Epoch:17------------------------
Acc：99.1904
Dice: 98.1416
IoU: 96.3533
Precision:97.3253
Recall:98.9767
Specificity:99.6066
AUC:98.6121


------------------------Epoch:18------------------------
Acc：99.1743
Dice: 98.3171
IoU: 96.6899
Precision:98.6683
Recall:97.9715
Specificity:99.8092
AUC:97.8536


------------------------Epoch:19------------------------
Acc：99.1189
Dice: 98.2479
IoU: 96.5570
Precision:97.5579
Recall:98.9502
Specificity:99.6625
AUC:98.9347


------------------------Epoch:20------------------------
Acc：98.9946
Dice: 98.1116
IoU: 96.2939
Precision:96.9894
Recall:99.2625
Specificity:99.5960
AUC:97.6314


------------------------Epoch:21------------------------
Acc：99.0304
Dice: 97.8571
IoU: 95.8055
Precision:96.2119
Recall:99.5625
Specificity:99.4771
AUC:98.8203


------------------------Epoch:22------------------------
Acc：99.1496
Dice: 98.1762
IoU: 96.4186
Precision:96.9112
Recall:99.4761
Specificity:99.5874
AUC:98.9612


------------------------Epoch:23------------------------
Acc：99.1593
Dice: 98.1171
IoU: 96.3047
Precision:96.8094
Recall:99.4623
Specificity:99.5665
AUC:99.1846


------------------------Epoch:24------------------------
Acc：99.2290
Dice: 98.1454
IoU: 96.3616
Precision:97.3208
Recall:98.9911
Specificity:99.5850
AUC:98.8050


------------------------Epoch:25------------------------
Acc：99.1767
Dice: 98.2700
IoU: 96.5993
Precision:97.2228
Recall:99.3417
Specificity:99.6237
AUC:99.1147


------------------------Epoch:26------------------------
Acc：99.2047
Dice: 98.1881
IoU: 96.4425
Precision:96.9435
Recall:99.4686
Specificity:99.5663
AUC:98.9897


------------------------Epoch:27------------------------
Acc：99.2437
Dice: 98.3514
IoU: 96.7568
Precision:97.3971
Recall:99.3264
Specificity:99.6461
AUC:98.8012


------------------------Epoch:28------------------------
Acc：99.1379
Dice: 98.3285
IoU: 96.7123
Precision:97.5878
Recall:99.0827
Specificity:99.6728
AUC:97.0434


------------------------Epoch:29------------------------
Acc：99.2613
Dice: 98.4049
IoU: 96.8604
Precision:97.5317
Recall:99.2957
Specificity:99.6618
AUC:98.7650


------------------------Epoch:30------------------------
Acc：99.1810
Dice: 98.2144
IoU: 96.4923
Precision:97.0211
Recall:99.4390
Specificity:99.6006
AUC:99.0501


------------------------Epoch:31------------------------
Acc：99.2925
Dice: 98.4541
IoU: 96.9557
Precision:97.6701
Recall:99.2526
Specificity:99.6805
AUC:99.2036


------------------------Epoch:32------------------------
Acc：99.2752
Dice: 98.4147
IoU: 96.8794
Precision:97.5065
Recall:99.3416
Specificity:99.6588
AUC:99.0719


------------------------Epoch:33------------------------
Acc：99.2793
Dice: 98.4396
IoU: 96.9277
Precision:97.5397
Recall:99.3582
Specificity:99.6643
AUC:98.6876


------------------------Epoch:34------------------------
Acc：99.2107
Dice: 98.3105
IoU: 96.6780
Precision:97.1699
Recall:99.4803
Specificity:99.6145
AUC:98.9858


------------------------Epoch:35------------------------
Acc：98.5555
Dice: 97.9719
IoU: 96.0270
Precision:96.5650
Recall:99.4235
Specificity:99.5425
AUC:94.5686


------------------------Epoch:36------------------------
Acc：99.1766
Dice: 98.0796
IoU: 96.2325
Precision:97.8730
Recall:98.2923
Specificity:99.6840
AUC:98.9307


------------------------Epoch:37------------------------
Acc：99.1846
Dice: 98.2304
IoU: 96.5229
Precision:97.1073
Recall:99.3812
Specificity:99.6136
AUC:99.0457


------------------------Epoch:38------------------------
Acc：99.2131
Dice: 98.3098
IoU: 96.6762
Precision:97.4692
Recall:99.1664
Specificity:99.6593
AUC:98.7464


------------------------Epoch:39------------------------
Acc：99.1890
Dice: 98.1827
IoU: 96.4312
Precision:97.1182
Recall:99.2724
Specificity:99.6068
AUC:98.7611


------------------------Epoch:40------------------------
Acc：99.1031
Dice: 98.0923
IoU: 96.2568
Precision:96.7496
Recall:99.4748
Specificity:99.5635
AUC:98.9765


------------------------Epoch:41------------------------
Acc：98.9098
Dice: 97.6943
IoU: 95.4960
Precision:96.5574
Recall:98.8592
Specificity:99.5320
AUC:97.4761


------------------------Epoch:42------------------------
Acc：99.1481
Dice: 98.1831
IoU: 96.4318
Precision:97.0556
Recall:99.3393
Specificity:99.5923
AUC:98.6396


------------------------Epoch:43------------------------
Acc：99.0742
Dice: 98.0311
IoU: 96.1388
Precision:96.4625
Recall:99.6526
Specificity:99.5300
AUC:99.1710


------------------------Epoch:44------------------------
Acc：99.3211
Dice: 98.5942
IoU: 97.2274
Precision:98.4357
Recall:98.7546
Specificity:99.7896
AUC:98.5724


------------------------Epoch:45------------------------
Acc：98.3589
Dice: 97.8038
IoU: 95.7045
Precision:96.1660
Recall:99.5013
Specificity:99.5215
AUC:93.5965


------------------------Epoch:46------------------------
Acc：99.1022
Dice: 98.0451
IoU: 96.1659
Precision:96.7306
Recall:99.3981
Specificity:99.5595
AUC:99.0982


------------------------Epoch:47------------------------
Acc：99.2085
Dice: 98.3042
IoU: 96.6653
Precision:97.7672
Recall:98.8497
Specificity:99.6893
AUC:98.9272


------------------------Epoch:48------------------------
Acc：97.8548
Dice: 97.4580
IoU: 95.0506
Precision:95.5714
Recall:99.4289
Specificity:99.4942
AUC:89.6398


------------------------Epoch:49------------------------
Acc：98.7297
Dice: 98.0214
IoU: 96.1254
Precision:96.7137
Recall:99.3712
Specificity:99.6203
AUC:99.2363


------------------------Epoch:50------------------------
Acc：99.3331
Dice: 98.5250
IoU: 97.0932
Precision:98.0016
Recall:99.0555
Specificity:99.7243
AUC:98.8216


------------------------Epoch:51------------------------
Acc：99.3077
Dice: 98.4979
IoU: 97.0407
Precision:97.9017
Recall:99.1034
Specificity:99.7100
AUC:98.9083


------------------------Epoch:52------------------------
Acc：99.3143
Dice: 98.5237
IoU: 97.0910
Precision:97.8141
Recall:99.2453
Specificity:99.6932
AUC:98.8041


------------------------Epoch:53------------------------
Acc：99.3373
Dice: 98.5172
IoU: 97.0782
Precision:97.7374
Recall:99.3116
Specificity:99.6890
AUC:99.1637


------------------------Epoch:54------------------------
Acc：99.3294
Dice: 98.5755
IoU: 97.1912
Precision:97.9964
Recall:99.1629
Specificity:99.7265
AUC:99.0874


------------------------Epoch:55------------------------
Acc：99.3594
Dice: 98.6306
IoU: 97.2984
Precision:98.3360
Recall:98.9287
Specificity:99.7704
AUC:98.9679


------------------------Epoch:56------------------------
Acc：99.3201
Dice: 98.5041
IoU: 97.0528
Precision:97.6821
Recall:99.3417
Specificity:99.6830
AUC:98.9830


------------------------Epoch:57------------------------
Acc：99.3747
Dice: 98.6841
IoU: 97.4024
Precision:98.2615
Recall:99.1114
Specificity:99.7692
AUC:99.0293


------------------------Epoch:58------------------------
Acc：99.1618
Dice: 98.1480
IoU: 96.3644
Precision:96.7516
Recall:99.5876
Specificity:99.5571
AUC:98.8500


------------------------Epoch:59------------------------
Acc：99.3409
Dice: 98.5759
IoU: 97.1920
Precision:98.3265
Recall:98.8276
Specificity:99.7715
AUC:98.8134


------------------------Epoch:60------------------------
Acc：99.3156
Dice: 98.5571
IoU: 97.1555
Precision:97.9056
Recall:99.2183
Specificity:99.7195
AUC:99.0543


------------------------Epoch:61------------------------
Acc：99.1796
Dice: 98.2446
IoU: 96.5504
Precision:96.9730
Recall:99.5516
Specificity:99.5952
AUC:98.5679


------------------------Epoch:62------------------------
Acc：99.1792
Dice: 98.2369
IoU: 96.5360
Precision:97.1080
Recall:99.3937
Specificity:99.6082
AUC:99.0855


------------------------Epoch:63------------------------
Acc：99.2634
Dice: 98.4217
IoU: 96.8929
Precision:97.7697
Recall:99.0847
Specificity:99.6937
AUC:99.0190


------------------------Epoch:64------------------------
Acc：99.2768
Dice: 98.4708
IoU: 96.9879
Precision:97.6711
Recall:99.2847
Specificity:99.6921
AUC:98.6830


------------------------Epoch:65------------------------
Acc：99.3651
Dice: 98.6731
IoU: 97.3809
Precision:98.7483
Recall:98.5986
Specificity:99.8390
AUC:98.7237


------------------------Epoch:66------------------------
Acc：99.2709
Dice: 98.4152
IoU: 96.8805
Precision:97.4252
Recall:99.4271
Specificity:99.6538
AUC:98.6637


------------------------Epoch:67------------------------
Acc：99.2652
Dice: 98.4403
IoU: 96.9290
Precision:97.5901
Recall:99.3074
Specificity:99.6713
AUC:98.7653


------------------------Epoch:68------------------------
Acc：99.3506
Dice: 98.4958
IoU: 97.0374
Precision:97.7608
Recall:99.2456
Specificity:99.6727
AUC:99.1728


------------------------Epoch:69------------------------
Acc：99.3519
Dice: 98.5921
IoU: 97.2236
Precision:98.0476
Recall:99.1438
Specificity:99.7349
AUC:98.6113


------------------------Epoch:70------------------------
Acc：98.4054
Dice: 97.9123
IoU: 95.9131
Precision:96.4964
Recall:99.3740
Specificity:99.5508
AUC:93.3888


------------------------Epoch:71------------------------
Acc：99.1357
Dice: 98.1811
IoU: 96.4276
Precision:99.0504
Recall:97.3270
Specificity:99.8793
AUC:97.9942


------------------------Epoch:72------------------------
Acc：99.3490
Dice: 98.6317
IoU: 97.3004
Precision:98.4495
Recall:98.8156
Specificity:99.7917
AUC:98.9266


------------------------Epoch:73------------------------
Acc：99.2791
Dice: 98.4341
IoU: 96.9170
Precision:97.4175
Recall:99.4734
Specificity:99.6575
AUC:98.8909


------------------------Epoch:74------------------------
Acc：99.3053
Dice: 98.5967
IoU: 97.2327
Precision:97.9846
Recall:99.2182
Specificity:99.7244
AUC:97.5730


------------------------Epoch:75------------------------
Acc：99.3545
Dice: 98.5940
IoU: 97.2273
Precision:97.9917
Recall:99.2049
Specificity:99.7293
AUC:99.1911


------------------------Epoch:76------------------------
Acc：99.3541
Dice: 98.6074
IoU: 97.2533
Precision:97.9775
Recall:99.2468
Specificity:99.7272
AUC:98.6538


------------------------Epoch:77------------------------
Acc：99.3430
Dice: 98.5980
IoU: 97.2350
Precision:98.1145
Recall:99.0876
Specificity:99.7442
AUC:98.8988


------------------------Epoch:78------------------------
Acc：99.2998
Dice: 98.5136
IoU: 97.0713
Precision:97.7681
Recall:99.2723
Specificity:99.6931
AUC:98.0312


------------------------Epoch:79------------------------
Acc：99.2222
Dice: 98.5036
IoU: 97.0518
Precision:97.9315
Recall:99.0846
Specificity:99.7119
AUC:98.0166


------------------------Epoch:80------------------------
Acc：99.3034
Dice: 98.5098
IoU: 97.0635
Precision:97.7970
Recall:99.2338
Specificity:99.7134
AUC:98.8407


------------------------Epoch:81------------------------
Acc：99.2050
Dice: 98.4931
IoU: 97.0313
Precision:97.8175
Recall:99.1793
Specificity:99.7106
AUC:96.0627


------------------------Epoch:82------------------------
Acc：99.2796
Dice: 98.6845
IoU: 97.4034
Precision:98.2505
Recall:99.1229
Specificity:99.7704
AUC:95.8406


------------------------Epoch:83------------------------
Acc：99.2449
Dice: 98.6739
IoU: 97.3828
Precision:98.7054
Recall:98.6429
Specificity:99.8346
AUC:94.9129


------------------------Epoch:84------------------------
Acc：99.2135
Dice: 98.4944
IoU: 97.0339
Precision:97.7110
Recall:99.2918
Specificity:99.6934
AUC:95.5081


------------------------Epoch:85------------------------
Acc：99.2066
Dice: 98.5171
IoU: 97.0779
Precision:97.8518
Recall:99.1927
Specificity:99.7126
AUC:95.2931


------------------------Epoch:86------------------------
Acc：99.3131
Dice: 98.6724
IoU: 97.3797
Precision:98.4279
Recall:98.9194
Specificity:99.7877
AUC:96.8444


------------------------Epoch:87------------------------
Acc：99.2980
Dice: 98.7667
IoU: 97.5635
Precision:98.6377
Recall:98.8966
Specificity:99.8223
AUC:95.4382
Found better model! Saving to weight_point.pth.tar with IoU Index: 97.56354522705078


------------------------Epoch:88------------------------
Acc：99.3469
Dice: 98.7032
IoU: 97.4398
Precision:98.3595
Recall:99.0503
Specificity:99.7839
AUC:98.2977


------------------------Epoch:89------------------------
Acc：98.3730
Dice: 96.6566
IoU: 93.5315
Precision:97.4415
Recall:95.8853
Specificity:99.6927
AUC:97.3840


------------------------Epoch:90------------------------
Acc：99.2802
Dice: 98.4816
IoU: 97.0094
Precision:97.7402
Recall:99.2361
Specificity:99.6883
AUC:97.2889


------------------------Epoch:91------------------------
Acc：99.3353
Dice: 98.5807
IoU: 97.2014
Precision:98.2822
Recall:98.8813
Specificity:99.7774
AUC:98.1821


------------------------Epoch:92------------------------
Acc：99.3430
Dice: 98.5797
IoU: 97.1994
Precision:97.9844
Recall:99.1833
Specificity:99.7297
AUC:98.7727


------------------------Epoch:93------------------------
Acc：99.2380
Dice: 98.4170
IoU: 96.8838
Precision:97.5332
Recall:99.3178
Specificity:99.6729
AUC:97.7135


------------------------Epoch:94------------------------
Acc：99.3816
Dice: 98.7321
IoU: 97.4961
Precision:98.4892
Recall:98.9767
Specificity:99.8009
AUC:98.0604


------------------------Epoch:95------------------------
Acc：99.3962
Dice: 98.7736
IoU: 97.5769
Precision:98.4900
Recall:99.0593
Specificity:99.8028
AUC:98.4633
Found better model! Saving to weight_point.pth.tar with IoU Index: 97.57688903808594


------------------------Epoch:96------------------------
Acc：99.2803
Dice: 98.5976
IoU: 97.2343
Precision:97.9430
Recall:99.2619
Specificity:99.7272
AUC:96.6148


------------------------Epoch:97------------------------
Acc：99.3245
Dice: 98.6264
IoU: 97.2902
Precision:97.9900
Recall:99.2721
Specificity:99.7353
AUC:98.2579


------------------------Epoch:98------------------------
Acc：99.3353
Dice: 98.6110
IoU: 97.2604
Precision:97.8951
Recall:99.3386
Specificity:99.7137
AUC:98.0273


------------------------Epoch:99------------------------
Acc：99.3579
Dice: 98.7317
IoU: 97.4953
Precision:98.3609
Recall:99.1059
Specificity:99.7836
AUC:97.4807

<<<-------------------第1折结束----------------->>>
Mean Accuracy:99.11140441894531
Mean IoU:96.39759826660156
Mean Dice:98.15951538085938

****************************Fold:2********************************


------------------------Epoch:0------------------------
Acc：97.6694
Dice: 95.6295
IoU: 91.6265
Precision:93.2456
Recall:98.1398
Specificity:99.1306
AUC:96.1232


------------------------Epoch:1------------------------
Acc：98.5099
Dice: 96.9501
IoU: 94.0832
Precision:95.6199
Recall:98.3261
Specificity:99.3762
AUC:96.2061


------------------------Epoch:2------------------------
Acc：97.8133
Dice: 95.0928
IoU: 90.6560
Precision:91.1130
Recall:99.4446
Specificity:98.6833
AUC:98.3689


------------------------Epoch:3------------------------
Acc：98.9528
Dice: 97.9502
IoU: 95.9836
Precision:97.7062
Recall:98.1990
Specificity:99.6761
AUC:95.3023


------------------------Epoch:4------------------------
Acc：98.9644
Dice: 97.9187
IoU: 95.9228
Precision:98.3907
Recall:97.4535
Specificity:99.7751
AUC:97.5336


------------------------Epoch:5------------------------
Acc：99.1484
Dice: 98.1533
IoU: 96.3744
Precision:97.9101
Recall:98.3994
Specificity:99.7123
AUC:98.6568


------------------------Epoch:6------------------------
Acc：99.0444
Dice: 97.8021
IoU: 95.7017
Precision:96.6344
Recall:99.0003
Specificity:99.5293
AUC:98.8279


------------------------Epoch:7------------------------
Acc：99.2084
Dice: 98.2874
IoU: 96.6330
Precision:97.6694
Recall:98.9156
Specificity:99.6790
AUC:98.8717


------------------------Epoch:8------------------------
Acc：99.1437
Dice: 98.2678
IoU: 96.5948
Precision:98.0256
Recall:98.5132
Specificity:99.7330
AUC:98.6879


------------------------Epoch:9------------------------
Acc：98.9361
Dice: 97.8886
IoU: 95.8663
Precision:98.1732
Recall:97.6066
Specificity:99.7441
AUC:98.0217


------------------------Epoch:10------------------------
Acc：99.0954
Dice: 98.0749
IoU: 96.2233
Precision:97.5256
Recall:98.6316
Specificity:99.6675
AUC:97.3189


------------------------Epoch:11------------------------
Acc：99.1883
Dice: 98.3339
IoU: 96.7226
Precision:98.1750
Recall:98.4950
Specificity:99.7532
AUC:98.3627


------------------------Epoch:12------------------------
Acc：99.1759
Dice: 98.2153
IoU: 96.4941
Precision:97.2381
Recall:99.2156
Specificity:99.6144
AUC:98.5766


------------------------Epoch:13------------------------
Acc：99.0156
Dice: 97.9444
IoU: 95.9719
Precision:98.9828
Recall:96.9287
Specificity:99.8609
AUC:97.9444


------------------------Epoch:14------------------------
Acc：99.1175
Dice: 98.1048
IoU: 96.2807
Precision:96.9640
Recall:99.2747
Specificity:99.5920
AUC:98.9333


------------------------Epoch:15------------------------
Acc：98.3818
Dice: 96.7798
IoU: 93.7631
Precision:94.0438
Recall:99.6836
Specificity:99.2090
AUC:98.5911


------------------------Epoch:16------------------------
Acc：99.1849
Dice: 98.1588
IoU: 96.3844
Precision:98.8277
Recall:97.5015
Specificity:99.8302
AUC:98.8605


------------------------Epoch:17------------------------
Acc：99.2173
Dice: 98.2501
IoU: 96.5618
Precision:97.4788
Recall:99.0348
Specificity:99.6542
AUC:98.7871


------------------------Epoch:18------------------------
Acc：99.2960
Dice: 98.4618
IoU: 96.9704
Precision:98.4251
Recall:98.4999
Specificity:99.7843
AUC:99.0131


------------------------Epoch:19------------------------
Acc：99.2147
Dice: 98.2904
IoU: 96.6389
Precision:97.4570
Recall:99.1404
Specificity:99.6510
AUC:98.3029


------------------------Epoch:20------------------------
Acc：98.9179
Dice: 97.8635
IoU: 95.8176
Precision:96.6258
Recall:99.1352
Specificity:99.5466
AUC:97.9011


------------------------Epoch:21------------------------
Acc：99.0338
Dice: 97.8133
IoU: 95.7219
Precision:96.5338
Recall:99.1292
Specificity:99.5293
AUC:98.3786


------------------------Epoch:22------------------------
Acc：98.7393
Dice: 97.2841
IoU: 94.7137
Precision:95.3755
Recall:99.2722
Specificity:99.3811
AUC:98.6271


------------------------Epoch:23------------------------
Acc：99.2009
Dice: 98.3075
IoU: 96.6715
Precision:98.7002
Recall:97.9207
Specificity:99.8140
AUC:98.5060


------------------------Epoch:24------------------------
Acc：99.2841
Dice: 98.4427
IoU: 96.9336
Precision:97.9207
Recall:98.9718
Specificity:99.7127
AUC:99.0907


------------------------Epoch:25------------------------
Acc：99.3256
Dice: 98.5468
IoU: 97.1353
Precision:98.4630
Recall:98.6320
Specificity:99.7911
AUC:98.9288


------------------------Epoch:26------------------------
Acc：98.9760
Dice: 97.9592
IoU: 96.0015
Precision:98.4851
Recall:97.4433
Specificity:99.7958
AUC:98.0075


------------------------Epoch:27------------------------
Acc：99.1753
Dice: 98.3546
IoU: 96.7628
Precision:98.3236
Recall:98.3871
Specificity:99.7719
AUC:96.4913


------------------------Epoch:28------------------------
Acc：99.1391
Dice: 98.1263
IoU: 96.3226
Precision:96.8873
Recall:99.3990
Specificity:99.5813
AUC:99.2313


------------------------Epoch:29------------------------
Acc：99.3039
Dice: 98.4789
IoU: 97.0038
Precision:97.8300
Recall:99.1383
Specificity:99.7034
AUC:98.9266


------------------------Epoch:30------------------------
Acc：99.1208
Dice: 98.1017
IoU: 96.2753
Precision:97.5565
Recall:98.6552
Specificity:99.6679
AUC:99.0489


------------------------Epoch:31------------------------
Acc：99.0816
Dice: 98.2551
IoU: 96.5709
Precision:97.6573
Recall:98.8628
Specificity:99.6764
AUC:94.0077


------------------------Epoch:32------------------------
Acc：99.2293
Dice: 98.3825
IoU: 96.8169
Precision:97.5490
Recall:99.2322
Specificity:99.6702
AUC:98.8521


------------------------Epoch:33------------------------
Acc：99.2216
Dice: 98.4105
IoU: 96.8710
Precision:97.5452
Recall:99.2924
Specificity:99.6750
AUC:98.6654


------------------------Epoch:34------------------------
Acc：99.0489
Dice: 97.8757
IoU: 95.8412
Precision:96.1317
Recall:99.6867
Specificity:99.4720
AUC:99.0758


------------------------Epoch:35------------------------
Acc：99.3155
Dice: 98.5369
IoU: 97.1163
Precision:98.1313
Recall:98.9474
Specificity:99.7455
AUC:98.9317


------------------------Epoch:36------------------------
Acc：99.3137
Dice: 98.5268
IoU: 97.0968
Precision:97.7458
Recall:99.3220
Specificity:99.6958
AUC:98.7158


------------------------Epoch:37------------------------
Acc：99.3503
Dice: 98.6016
IoU: 97.2421
Precision:98.2791
Recall:98.9278
Specificity:99.7607
AUC:98.6983


------------------------Epoch:38------------------------
Acc：99.2540
Dice: 98.4999
IoU: 97.0444
Precision:98.1144
Recall:98.8900
Specificity:99.7399
AUC:96.6556


------------------------Epoch:39------------------------
Acc：99.3385
Dice: 98.6011
IoU: 97.2410
Precision:98.3857
Recall:98.8187
Specificity:99.7778
AUC:98.7303


------------------------Epoch:40------------------------
Acc：98.9595
Dice: 97.7417
IoU: 95.5844
Precision:96.1333
Recall:99.4077
Specificity:99.4694
AUC:98.7758


------------------------Epoch:41------------------------
Acc：98.5953
Dice: 98.4635
IoU: 96.9767
Precision:98.0398
Recall:98.8949
Specificity:99.7540
AUC:92.9816


------------------------Epoch:42------------------------
Acc：99.0188
Dice: 97.9616
IoU: 96.0051
Precision:98.4147
Recall:97.5145
Specificity:99.7925
AUC:96.6626


------------------------Epoch:43------------------------
Acc：99.1817
Dice: 98.4965
IoU: 97.0379
Precision:97.9140
Recall:99.0875
Specificity:99.7214
AUC:98.0753


------------------------Epoch:44------------------------
Acc：99.1621
Dice: 98.0969
IoU: 96.2660
Precision:96.8168
Recall:99.4133
Specificity:99.5651
AUC:99.1733


------------------------Epoch:45------------------------
Acc：99.3529
Dice: 98.5385
IoU: 97.1196
Precision:98.5225
Recall:98.5556
Specificity:99.7918
AUC:98.8164


------------------------Epoch:46------------------------
Acc：99.3733
Dice: 98.6649
IoU: 97.3651
Precision:98.6576
Recall:98.6738
Specificity:99.8139
AUC:98.9954


------------------------Epoch:47------------------------
Acc：99.3357
Dice: 98.5331
IoU: 97.1090
Precision:97.9261
Recall:99.1496
Specificity:99.7093
AUC:99.1357


------------------------Epoch:48------------------------
Acc：99.2571
Dice: 98.3636
IoU: 96.7804
Precision:97.3266
Recall:99.4248
Specificity:99.6373
AUC:98.5269


------------------------Epoch:49------------------------
Acc：99.3401
Dice: 98.5883
IoU: 97.2162
Precision:98.2159
Recall:98.9657
Specificity:99.7503
AUC:98.5532


------------------------Epoch:50------------------------
Acc：99.3276
Dice: 98.4808
IoU: 97.0077
Precision:97.7650
Recall:99.2093
Specificity:99.6876
AUC:99.2011


------------------------Epoch:51------------------------
Acc：99.0271
Dice: 97.8510
IoU: 95.7937
Precision:96.1338
Recall:99.6333
Specificity:99.4747
AUC:98.6866


------------------------Epoch:52------------------------
Acc：99.1320
Dice: 98.4295
IoU: 96.9084
Precision:98.2988
Recall:98.5622
Specificity:99.7851
AUC:98.9565


------------------------Epoch:53------------------------
Acc：99.3344
Dice: 98.5343
IoU: 97.1113
Precision:98.3469
Recall:98.7242
Specificity:99.7719
AUC:98.6842


------------------------Epoch:54------------------------
Acc：99.2683
Dice: 98.3926
IoU: 96.8367
Precision:97.3134
Recall:99.4976
Specificity:99.6382
AUC:98.8891


------------------------Epoch:55------------------------
Acc：99.3700
Dice: 98.6531
IoU: 97.3422
Precision:98.1143
Recall:99.1987
Specificity:99.7495
AUC:99.0523


------------------------Epoch:56------------------------
Acc：99.3270
Dice: 98.5690
IoU: 97.1785
Precision:98.5033
Recall:98.6364
Specificity:99.7898
AUC:98.9340


------------------------Epoch:57------------------------
Acc：99.3486
Dice: 98.5588
IoU: 97.1593
Precision:97.7232
Recall:99.4108
Specificity:99.6821
AUC:99.0056


------------------------Epoch:58------------------------
Acc：99.2212
Dice: 98.2504
IoU: 96.5620
Precision:97.1221
Recall:99.4077
Specificity:99.6021
AUC:99.0645


------------------------Epoch:59------------------------
Acc：99.2664
Dice: 98.3667
IoU: 96.7864
Precision:97.2541
Recall:99.5066
Specificity:99.6282
AUC:99.1301


------------------------Epoch:60------------------------
Acc：98.8098
Dice: 96.9275
IoU: 94.0533
Precision:95.8146
Recall:98.0688
Specificity:99.4428
AUC:98.3162


------------------------Epoch:61------------------------
Acc：99.1976
Dice: 98.3136
IoU: 96.6838
Precision:97.2668
Recall:99.3847
Specificity:99.6316
AUC:98.3280


------------------------Epoch:62------------------------
Acc：99.3209
Dice: 98.4777
IoU: 97.0014
Precision:97.5471
Recall:99.4274
Specificity:99.6740
AUC:99.1375


------------------------Epoch:63------------------------
Acc：99.3034
Dice: 98.4722
IoU: 96.9910
Precision:97.4864
Recall:99.4796
Specificity:99.6608
AUC:98.9211


------------------------Epoch:64------------------------
Acc：98.3776
Dice: 97.2529
IoU: 94.6562
Precision:98.7248
Recall:95.8259
Specificity:99.8785
AUC:97.0692


------------------------Epoch:65------------------------
Acc：99.0250
Dice: 97.8751
IoU: 95.8402
Precision:96.2151
Recall:99.5954
Specificity:99.4823
AUC:98.4946


------------------------Epoch:66------------------------
Acc：99.2480
Dice: 98.3002
IoU: 96.6582
Precision:97.0385
Recall:99.5971
Specificity:99.5958
AUC:99.0127


------------------------Epoch:67------------------------
Acc：99.4007
Dice: 98.6475
IoU: 97.3317
Precision:98.1407
Recall:99.1613
Specificity:99.7359
AUC:99.0801


------------------------Epoch:68------------------------
Acc：99.3419
Dice: 98.5393
IoU: 97.1214
Precision:97.6979
Recall:99.3973
Specificity:99.6805
AUC:98.8292


------------------------Epoch:69------------------------
Acc：99.2893
Dice: 98.4226
IoU: 96.8948
Precision:97.4012
Recall:99.4677
Specificity:99.6457
AUC:98.7101


------------------------Epoch:70------------------------
Acc：99.0095
Dice: 97.7788
IoU: 95.6558
Precision:95.8791
Recall:99.7579
Specificity:99.4362
AUC:98.6859


------------------------Epoch:71------------------------
Acc：99.3478
Dice: 98.6791
IoU: 97.3927
Precision:98.6173
Recall:98.7423
Specificity:99.8091
AUC:97.6481


------------------------Epoch:72------------------------
Acc：99.3340
Dice: 98.6192
IoU: 97.2761
Precision:97.9240
Recall:99.3255
Specificity:99.7260
AUC:98.9232


------------------------Epoch:73------------------------
Acc：99.2160
Dice: 98.2617
IoU: 96.5839
Precision:96.9818
Recall:99.5781
Specificity:99.5845
AUC:98.5031


------------------------Epoch:74------------------------
Acc：99.3415
Dice: 98.7226
IoU: 97.4776
Precision:98.3712
Recall:99.0779
Specificity:99.7812
AUC:97.7322


------------------------Epoch:75------------------------
Acc：99.3431
Dice: 98.7115
IoU: 97.4558
Precision:98.7248
Recall:98.6991
Specificity:99.8323
AUC:98.2044


------------------------Epoch:76------------------------
Acc：99.3229
Dice: 98.5251
IoU: 97.0937
Precision:97.6735
Recall:99.3934
Specificity:99.6790
AUC:98.4852


------------------------Epoch:77------------------------
Acc：99.2227
Dice: 98.5287
IoU: 97.1007
Precision:97.7863
Recall:99.2847
Specificity:99.6903
AUC:94.8418


------------------------Epoch:78------------------------
Acc：99.3998
Dice: 98.7527
IoU: 97.5363
Precision:98.3337
Recall:99.1763
Specificity:99.7746
AUC:98.7300


------------------------Epoch:79------------------------
Acc：99.3406
Dice: 98.5859
IoU: 97.2117
Precision:97.6811
Recall:99.5091
Specificity:99.6843
AUC:98.2991


------------------------Epoch:80------------------------
Acc：99.3555
Dice: 98.5909
IoU: 97.2216
Precision:97.9505
Recall:99.2410
Specificity:99.7204
AUC:98.2611


------------------------Epoch:81------------------------
Acc：99.3037
Dice: 98.5191
IoU: 97.0819
Precision:97.8123
Recall:99.2374
Specificity:99.7027
AUC:98.6904


------------------------Epoch:82------------------------
Acc：99.2890
Dice: 98.5393
IoU: 97.1207
Precision:98.9553
Recall:98.1269
Specificity:99.8695
AUC:97.8819


------------------------Epoch:83------------------------
Acc：99.3924
Dice: 98.7563
IoU: 97.5432
Precision:98.5715
Recall:98.9423
Specificity:99.8135
AUC:98.5082


------------------------Epoch:84------------------------
Acc：99.4032
Dice: 98.7136
IoU: 97.4600
Precision:98.3120
Recall:99.1193
Specificity:99.7733
AUC:98.7552


------------------------Epoch:85------------------------
Acc：99.3769
Dice: 98.6559
IoU: 97.3479
Precision:98.0994
Recall:99.2207
Specificity:99.7332
AUC:98.3378


------------------------Epoch:86------------------------
Acc：99.3638
Dice: 98.5933
IoU: 97.2260
Precision:97.8652
Recall:99.3333
Specificity:99.7096
AUC:98.8633


------------------------Epoch:87------------------------
Acc：99.2618
Dice: 98.7317
IoU: 97.4954
Precision:98.3953
Recall:99.0712
Specificity:99.7884
AUC:97.7219


------------------------Epoch:88------------------------
Acc：99.2959
Dice: 98.4212
IoU: 96.8927
Precision:97.6059
Recall:99.2534
Specificity:99.6551
AUC:98.5644


------------------------Epoch:89------------------------
Acc：99.2189
Dice: 98.2129
IoU: 96.4897
Precision:97.5574
Recall:98.8793
Specificity:99.6582
AUC:98.2619


------------------------Epoch:90------------------------
Acc：99.2746
Dice: 98.4090
IoU: 96.8688
Precision:97.4650
Recall:99.3742
Specificity:99.6389
AUC:97.6779


------------------------Epoch:91------------------------
Acc：99.1945
Dice: 98.2369
IoU: 96.5359
Precision:97.0427
Recall:99.4637
Specificity:99.5925
AUC:98.8233


------------------------Epoch:92------------------------
Acc：99.3774
Dice: 98.6257
IoU: 97.2892
Precision:97.8707
Recall:99.3941
Specificity:99.7081
AUC:99.0697


------------------------Epoch:93------------------------
Acc：99.2972
Dice: 98.4620
IoU: 96.9716
Precision:97.5226
Recall:99.4224
Specificity:99.6476
AUC:98.1358


------------------------Epoch:94------------------------
Acc：99.2548
Dice: 98.2960
IoU: 96.6507
Precision:97.1946
Recall:99.4265
Specificity:99.5951
AUC:98.8060


------------------------Epoch:95------------------------
Acc：99.2768
Dice: 98.4329
IoU: 96.9148
Precision:97.5978
Recall:99.2841
Specificity:99.6644
AUC:98.1784


------------------------Epoch:96------------------------
Acc：98.9980
Dice: 98.1145
IoU: 96.2999
Precision:97.2747
Recall:98.9710
Specificity:99.6283
AUC:93.8491


------------------------Epoch:97------------------------
Acc：99.2483
Dice: 98.3908
IoU: 96.8337
Precision:97.5840
Recall:99.2120
Specificity:99.6703
AUC:97.1314


------------------------Epoch:98------------------------
Acc：99.3906
Dice: 98.7431
IoU: 97.5175
Precision:98.3980
Recall:99.0916
Specificity:99.7850
AUC:98.5767


------------------------Epoch:99------------------------
Acc：99.3526
Dice: 98.6402
IoU: 97.3173
Precision:97.9682
Recall:99.3232
Specificity:99.7219
AUC:98.0841

<<<-------------------第2折结束----------------->>>
Mean Accuracy:99.15966033935547
Mean IoU:96.53895568847656
Mean Dice:98.2353744506836

****************************Fold:3********************************


------------------------Epoch:0------------------------
Acc：97.8497
Dice: 95.9998
IoU: 92.3106
Precision:96.0942
Recall:95.9110
Specificity:99.5504
AUC:95.9340


------------------------Epoch:1------------------------
Acc：98.3600
Dice: 96.6864
IoU: 93.5883
Precision:95.1156
Recall:98.3155
Specificity:99.3282
AUC:97.2558


------------------------Epoch:2------------------------
Acc：98.0223
Dice: 95.9349
IoU: 92.1892
Precision:93.7228
Recall:98.2565
Specificity:99.1670
AUC:97.9342


------------------------Epoch:3------------------------
Acc：98.4203
Dice: 96.0328
IoU: 92.3922
Precision:98.1285
Recall:94.0340
Specificity:99.7499
AUC:97.8231


------------------------Epoch:4------------------------
Acc：99.0146
Dice: 97.8619
IoU: 95.8139
Precision:98.4509
Recall:97.2828
Specificity:99.7867
AUC:98.1499


------------------------Epoch:5------------------------
Acc：99.0403
Dice: 98.0506
IoU: 96.1762
Precision:98.4175
Recall:97.6894
Specificity:99.7696
AUC:98.2346


------------------------Epoch:6------------------------
Acc：99.1473
Dice: 98.1505
IoU: 96.3685
Precision:97.7939
Recall:98.5119
Specificity:99.6987
AUC:98.7250


------------------------Epoch:7------------------------
Acc：99.1844
Dice: 98.2796
IoU: 96.6178
Precision:97.6458
Recall:98.9241
Specificity:99.6785
AUC:98.8138


------------------------Epoch:8------------------------
Acc：99.1630
Dice: 98.2133
IoU: 96.4895
Precision:98.3799
Recall:98.0497
Specificity:99.7734
AUC:98.5638


------------------------Epoch:9------------------------
Acc：99.1482
Dice: 98.3354
IoU: 96.7255
Precision:98.1877
Recall:98.4855
Specificity:99.7522
AUC:97.9728


------------------------Epoch:10------------------------
Acc：99.1409
Dice: 98.2076
IoU: 96.4787
Precision:97.6034
Recall:98.8215
Specificity:99.6721
AUC:98.5529


------------------------Epoch:11------------------------
Acc：99.1505
Dice: 98.1033
IoU: 96.2781
Precision:97.8502
Recall:98.3598
Specificity:99.7022
AUC:98.8341


------------------------Epoch:12------------------------
Acc：99.1027
Dice: 98.2910
IoU: 96.6398
Precision:97.9957
Recall:98.5904
Specificity:99.7256
AUC:97.9094


------------------------Epoch:13------------------------
Acc：99.2225
Dice: 98.3199
IoU: 96.6957
Precision:97.6433
Recall:99.0089
Specificity:99.6720
AUC:99.0170


------------------------Epoch:14------------------------
Acc：98.2728
Dice: 97.6051
IoU: 95.3260
Precision:95.7452
Recall:99.5440
Specificity:99.4294
AUC:93.2913


------------------------Epoch:15------------------------
Acc：99.0704
Dice: 98.2755
IoU: 96.6099
Precision:98.5740
Recall:97.9804
Specificity:99.8093
AUC:98.2992


------------------------Epoch:16------------------------
Acc：99.0672
Dice: 98.2060
IoU: 96.4754
Precision:98.7427
Recall:97.6765
Specificity:99.8288
AUC:97.4288


------------------------Epoch:17------------------------
Acc：99.2796
Dice: 98.4534
IoU: 96.9542
Precision:98.1604
Recall:98.7497
Specificity:99.7485
AUC:98.9651


------------------------Epoch:18------------------------
Acc：99.1242
Dice: 98.2428
IoU: 96.5468
Precision:97.1577
Recall:99.3542
Specificity:99.6167
AUC:98.4128


------------------------Epoch:19------------------------
Acc：98.9143
Dice: 97.6685
IoU: 95.4439
Precision:95.8305
Recall:99.5799
Specificity:99.4491
AUC:99.0411


------------------------Epoch:20------------------------
Acc：99.1832
Dice: 98.1030
IoU: 96.2782
Precision:97.3738
Recall:98.8457
Specificity:99.6338
AUC:98.9970


------------------------Epoch:21------------------------
Acc：99.2435
Dice: 98.3327
IoU: 96.7203
Precision:98.4091
Recall:98.2582
Specificity:99.7804
AUC:98.8438


------------------------Epoch:22------------------------
Acc：99.2517
Dice: 98.4034
IoU: 96.8576
Precision:97.5250
Recall:99.2997
Specificity:99.6618
AUC:99.0655


------------------------Epoch:23------------------------
Acc：98.9750
Dice: 97.7511
IoU: 95.6032
Precision:95.9535
Recall:99.6206
Specificity:99.4361
AUC:98.9560


------------------------Epoch:24------------------------
Acc：99.2970
Dice: 98.5230
IoU: 97.0894
Precision:98.0098
Recall:99.0435
Specificity:99.7284
AUC:99.1202


------------------------Epoch:25------------------------
Acc：99.2667
Dice: 98.3493
IoU: 96.7530
Precision:97.5984
Recall:99.1141
Specificity:99.6683
AUC:98.9709


------------------------Epoch:26------------------------
Acc：99.2622
Dice: 98.4462
IoU: 96.9405
Precision:97.8186
Recall:99.0837
Specificity:99.6992
AUC:99.0703


------------------------Epoch:27------------------------
Acc：99.2792
Dice: 98.4565
IoU: 96.9603
Precision:97.8670
Recall:99.0548
Specificity:99.7077
AUC:98.8720


------------------------Epoch:28------------------------
Acc：99.2794
Dice: 98.3883
IoU: 96.8282
Precision:97.7779
Recall:99.0075
Specificity:99.7032
AUC:99.0376


------------------------Epoch:29------------------------
Acc：99.1599
Dice: 98.1044
IoU: 96.2806
Precision:97.2775
Recall:98.9480
Specificity:99.6173
AUC:98.9406


------------------------Epoch:30------------------------
Acc：99.2645
Dice: 98.4938
IoU: 97.0326
Precision:98.0620
Recall:98.9307
Specificity:99.7399
AUC:98.6011


------------------------Epoch:31------------------------
Acc：99.3401
Dice: 98.5945
IoU: 97.2282
Precision:98.3754
Recall:98.8159
Specificity:99.7794
AUC:98.6506


------------------------Epoch:32------------------------
Acc：99.1022
Dice: 98.0102
IoU: 96.0990
Precision:96.4791
Recall:99.5925
Specificity:99.5315
AUC:99.1125


------------------------Epoch:33------------------------
Acc：99.2341
Dice: 98.3326
IoU: 96.7208
Precision:97.3904
Recall:99.2950
Specificity:99.6370
AUC:98.5597


------------------------Epoch:34------------------------
Acc：99.2749
Dice: 98.4180
IoU: 96.8858
Precision:97.5315
Recall:99.3228
Specificity:99.6586
AUC:98.5914


------------------------Epoch:35------------------------
Acc：99.0384
Dice: 97.9173
IoU: 95.9203
Precision:96.6415
Recall:99.2308
Specificity:99.5417
AUC:98.6786


------------------------Epoch:36------------------------
Acc：99.2584
Dice: 98.3999
IoU: 96.8508
Precision:97.5081
Recall:99.3098
Specificity:99.6631
AUC:98.6790


------------------------Epoch:37------------------------
Acc：99.2398
Dice: 98.4144
IoU: 96.8784
Precision:98.7077
Recall:98.1237
Specificity:99.8247
AUC:98.1444


------------------------Epoch:38------------------------
Acc：99.2475
Dice: 98.3585
IoU: 96.7703
Precision:97.8966
Recall:98.8260
Specificity:99.7176
AUC:98.9647


------------------------Epoch:39------------------------
Acc：99.1953
Dice: 98.0841
IoU: 96.2428
Precision:97.7403
Recall:98.4362
Specificity:99.6522
AUC:98.6823


------------------------Epoch:40------------------------
Acc：99.2436
Dice: 98.3732
IoU: 96.7990
Precision:97.6693
Recall:99.0887
Specificity:99.6800
AUC:98.7973


------------------------Epoch:41------------------------
Acc：99.2174
Dice: 98.3387
IoU: 96.7319
Precision:97.5868
Recall:99.1033
Specificity:99.6859
AUC:99.0116


------------------------Epoch:42------------------------
Acc：99.2511
Dice: 98.3785
IoU: 96.8093
Precision:97.4511
Recall:99.3250
Specificity:99.6542
AUC:98.6958


------------------------Epoch:43------------------------
Acc：99.1407
Dice: 98.1896
IoU: 96.4440
Precision:96.9004
Recall:99.5145
Specificity:99.5986
AUC:98.9938


------------------------Epoch:44------------------------
Acc：98.9501
Dice: 97.8409
IoU: 95.7736
Precision:96.1443
Recall:99.5996
Specificity:99.4957
AUC:98.7323


------------------------Epoch:45------------------------
Acc：99.2979
Dice: 98.4810
IoU: 97.0079
Precision:97.6266
Recall:99.3518
Specificity:99.6820
AUC:98.9304


------------------------Epoch:46------------------------
Acc：99.2264
Dice: 98.5028
IoU: 97.0501
Precision:97.9765
Recall:99.0364
Specificity:99.7261
AUC:98.2945


------------------------Epoch:47------------------------
Acc：99.2852
Dice: 98.5349
IoU: 97.1122
Precision:98.5994
Recall:98.4719
Specificity:99.8066
AUC:97.5446


------------------------Epoch:48------------------------
Acc：99.3274
Dice: 98.5533
IoU: 97.1482
Precision:97.9399
Recall:99.1758
Specificity:99.7190
AUC:98.5517


------------------------Epoch:49------------------------
Acc：99.3035
Dice: 98.6067
IoU: 97.2519
Precision:98.1228
Recall:99.0969
Specificity:99.7462
AUC:97.8338


------------------------Epoch:50------------------------
Acc：99.1634
Dice: 98.1589
IoU: 96.3851
Precision:96.8831
Recall:99.4706
Specificity:99.5782
AUC:98.9377


------------------------Epoch:51------------------------
Acc：99.2931
Dice: 98.4901
IoU: 97.0254
Precision:97.7663
Recall:99.2257
Specificity:99.7052
AUC:98.9775


------------------------Epoch:52------------------------
Acc：99.2081
Dice: 98.2975
IoU: 96.6524
Precision:97.2807
Recall:99.3373
Specificity:99.6324
AUC:98.7531


------------------------Epoch:53------------------------
Acc：99.3505
Dice: 98.6526
IoU: 97.3410
Precision:98.5591
Recall:98.7473
Specificity:99.8070
AUC:98.6837


------------------------Epoch:54------------------------
Acc：98.4286
Dice: 98.3101
IoU: 96.6812
Precision:97.5391
Recall:99.0988
Specificity:99.6964
AUC:94.1700


------------------------Epoch:55------------------------
Acc：99.2734
Dice: 98.4429
IoU: 96.9337
Precision:98.4067
Recall:98.4798
Specificity:99.7891
AUC:98.3448


------------------------Epoch:56------------------------
Acc：99.2576
Dice: 98.4056
IoU: 96.8617
Precision:97.5172
Recall:99.3117
Specificity:99.6648
AUC:98.4542


------------------------Epoch:57------------------------
Acc：99.3254
Dice: 98.5177
IoU: 97.0793
Precision:97.7961
Recall:99.2516
Specificity:99.6988
AUC:98.8723


------------------------Epoch:58------------------------
Acc：99.2933
Dice: 98.4458
IoU: 96.9397
Precision:97.4141
Recall:99.5008
Specificity:99.6553
AUC:99.0705


------------------------Epoch:59------------------------
Acc：99.3239
Dice: 98.5316
IoU: 97.1062
Precision:97.7447
Recall:99.3327
Specificity:99.6896
AUC:98.9994


------------------------Epoch:60------------------------
Acc：99.3589
Dice: 98.6904
IoU: 97.4148
Precision:98.3394
Recall:99.0449
Specificity:99.7810
AUC:98.3828


------------------------Epoch:61------------------------
Acc：99.2747
Dice: 98.3655
IoU: 96.7844
Precision:97.3347
Recall:99.4201
Specificity:99.6332
AUC:99.0558


------------------------Epoch:62------------------------
Acc：99.3118
Dice: 98.4727
IoU: 96.9919
Precision:97.4704
Recall:99.4970
Specificity:99.6609
AUC:98.9087


------------------------Epoch:63------------------------
Acc：98.8968
Dice: 97.5467
IoU: 95.2121
Precision:95.5465
Recall:99.6350
Specificity:99.3974
AUC:99.0671


------------------------Epoch:64------------------------
Acc：99.1465
Dice: 98.1210
IoU: 96.3131
Precision:98.6121
Recall:97.6364
Specificity:99.8233
AUC:97.5677


------------------------Epoch:65------------------------
Acc：99.3343
Dice: 98.5610
IoU: 97.1631
Precision:97.9513
Recall:99.1802
Specificity:99.7198
AUC:99.0177


------------------------Epoch:66------------------------
Acc：99.2997
Dice: 98.4534
IoU: 96.9545
Precision:97.5264
Recall:99.3997
Specificity:99.6647
AUC:98.7591


------------------------Epoch:67------------------------
Acc：99.3360
Dice: 98.5806
IoU: 97.2011
Precision:98.1554
Recall:99.0101
Specificity:99.7580
AUC:98.7930


------------------------Epoch:68------------------------
Acc：99.3412
Dice: 98.6312
IoU: 97.2996
Precision:98.0265
Recall:99.2447
Specificity:99.7358
AUC:98.4897


------------------------Epoch:69------------------------
Acc：99.3527
Dice: 98.5325
IoU: 97.1081
Precision:97.8648
Recall:99.2108
Specificity:99.7040
AUC:98.9974


------------------------Epoch:70------------------------
Acc：99.3194
Dice: 98.5369
IoU: 97.1163
Precision:97.6100
Recall:99.4825
Specificity:99.6827
AUC:99.0297


------------------------Epoch:71------------------------
Acc：99.3485
Dice: 98.5745
IoU: 97.1893
Precision:97.7731
Recall:99.3903
Specificity:99.7013
AUC:98.9403


------------------------Epoch:72------------------------
Acc：99.4097
Dice: 98.7575
IoU: 97.5457
Precision:98.3386
Recall:99.1806
Specificity:99.7838
AUC:99.0359


------------------------Epoch:73------------------------
Acc：99.2971
Dice: 98.4378
IoU: 96.9242
Precision:97.4291
Recall:99.4690
Specificity:99.6537
AUC:99.1879


------------------------Epoch:74------------------------
Acc：99.3077
Dice: 98.4636
IoU: 96.9743
Precision:97.5073
Recall:99.4403
Specificity:99.6573
AUC:98.9946


------------------------Epoch:75------------------------
Acc：99.3794
Dice: 98.6708
IoU: 97.3765
Precision:98.6620
Recall:98.6809
Specificity:99.8148
AUC:98.8150


------------------------Epoch:76------------------------
Acc：99.3944
Dice: 98.7019
IoU: 97.4372
Precision:98.2918
Recall:99.1166
Specificity:99.7710
AUC:99.1963


------------------------Epoch:77------------------------
Acc：99.4058
Dice: 98.7174
IoU: 97.4675
Precision:98.1982
Recall:99.2431
Specificity:99.7578
AUC:99.2630


------------------------Epoch:78------------------------
Acc：99.3263
Dice: 98.5961
IoU: 97.2311
Precision:99.1235
Recall:98.0746
Specificity:99.8861
AUC:98.6818


------------------------Epoch:79------------------------
Acc：99.4052
Dice: 98.7629
IoU: 97.5562
Precision:98.6488
Recall:98.8778
Specificity:99.8270
AUC:98.9671


------------------------Epoch:80------------------------
Acc：99.4053
Dice: 98.7083
IoU: 97.4499
Precision:98.1514
Recall:99.2728
Specificity:99.7490
AUC:99.1620


------------------------Epoch:81------------------------
Acc：99.4148
Dice: 98.7770
IoU: 97.5836
Precision:98.4441
Recall:99.1127
Specificity:99.7980
AUC:99.0533
Found better model! Saving to weight_point.pth.tar with IoU Index: 97.5836410522461


------------------------Epoch:82------------------------
Acc：99.3028
Dice: 98.4315
IoU: 96.9121
Precision:97.5203
Recall:99.3613
Specificity:99.6667
AUC:99.3905


------------------------Epoch:83------------------------
Acc：99.2666
Dice: 98.4334
IoU: 96.9153
Precision:99.0957
Recall:97.7805
Specificity:99.8757
AUC:98.3080


------------------------Epoch:84------------------------
Acc：99.3107
Dice: 98.4836
IoU: 97.0129
Precision:97.4882
Recall:99.5011
Specificity:99.6595
AUC:99.0021


------------------------Epoch:85------------------------
Acc：98.8440
Dice: 97.6226
IoU: 95.3563
Precision:95.6398
Recall:99.6902
Specificity:99.4391
AUC:99.0981


------------------------Epoch:86------------------------
Acc：99.2867
Dice: 98.5857
IoU: 97.2110
Precision:98.9519
Recall:98.2233
Specificity:99.8568
AUC:97.1185


------------------------Epoch:87------------------------
Acc：99.3591
Dice: 98.6012
IoU: 97.2414
Precision:97.8214
Recall:99.3946
Specificity:99.7074
AUC:98.9444


------------------------Epoch:88------------------------
Acc：99.3182
Dice: 98.5678
IoU: 97.1763
Precision:98.4586
Recall:98.6787
Specificity:99.7898
AUC:98.2687


------------------------Epoch:89------------------------
Acc：99.3774
Dice: 98.6957
IoU: 97.4253
Precision:98.1469
Recall:99.2521
Specificity:99.7452
AUC:98.5230


------------------------Epoch:90------------------------
Acc：99.3489
Dice: 98.5637
IoU: 97.1686
Precision:97.7113
Recall:99.4329
Specificity:99.6843
AUC:99.0221


------------------------Epoch:91------------------------
Acc：99.3861
Dice: 98.6965
IoU: 97.4267
Precision:98.0903
Recall:99.3113
Specificity:99.7410
AUC:99.0175


------------------------Epoch:92------------------------
Acc：99.3046
Dice: 98.4890
IoU: 97.0239
Precision:97.4819
Recall:99.5192
Specificity:99.6512
AUC:98.2512


------------------------Epoch:93------------------------
Acc：98.2996
Dice: 96.6123
IoU: 93.4473
Precision:94.3085
Recall:99.0331
Specificity:99.2746
AUC:98.1252


------------------------Epoch:94------------------------
Acc：99.3151
Dice: 98.6374
IoU: 97.3116
Precision:98.0581
Recall:99.2245
Specificity:99.7430
AUC:98.6083


------------------------Epoch:95------------------------
Acc：99.3628
Dice: 98.6674
IoU: 97.3699
Precision:98.3434
Recall:98.9943
Specificity:99.7804
AUC:98.9169


------------------------Epoch:96------------------------
Acc：99.3442
Dice: 98.5986
IoU: 97.2362
Precision:97.8045
Recall:99.4067
Specificity:99.7068
AUC:99.2595


------------------------Epoch:97------------------------
Acc：99.2555
Dice: 98.3537
IoU: 96.7615
Precision:97.3222
Recall:99.4091
Specificity:99.6355
AUC:99.2748


------------------------Epoch:98------------------------
Acc：99.3550
Dice: 98.5612
IoU: 97.1638
Precision:97.6887
Recall:99.4510
Specificity:99.6851
AUC:99.3518


------------------------Epoch:99------------------------
Acc：99.3000
Dice: 98.4762
IoU: 96.9986
Precision:97.4423
Recall:99.5332
Specificity:99.6594
AUC:99.1420

<<<-------------------第3折结束----------------->>>
Mean Accuracy:99.176513671875
Mean IoU:96.61648559570312
Mean Dice:98.2759017944336

****************************Fold:4********************************


------------------------Epoch:0------------------------
Acc：97.7043
Dice: 95.4177
IoU: 91.2393
Precision:94.7354
Recall:96.1169
Specificity:99.3138
AUC:95.7295


------------------------Epoch:1------------------------
Acc：98.4072
Dice: 96.7950
IoU: 93.7904
Precision:95.4398
Recall:98.1900
Specificity:99.4131
AUC:97.9740


------------------------Epoch:2------------------------
Acc：98.8019
Dice: 97.4259
IoU: 94.9821
Precision:96.6021
Recall:98.2648
Specificity:99.5526
AUC:98.2955


------------------------Epoch:3------------------------
Acc：98.5436
Dice: 96.3242
IoU: 92.9338
Precision:97.0159
Recall:95.6545
Specificity:99.6221
AUC:97.9858


------------------------Epoch:4------------------------
Acc：99.0955
Dice: 98.0459
IoU: 96.1671
Precision:97.7532
Recall:98.3440
Specificity:99.6877
AUC:98.1985


------------------------Epoch:5------------------------
Acc：98.9252
Dice: 97.5760
IoU: 95.2677
Precision:98.8832
Recall:96.3035
Specificity:99.8416
AUC:98.0511


------------------------Epoch:6------------------------
Acc：99.1097
Dice: 98.2164
IoU: 96.4958
Precision:97.9682
Recall:98.4682
Specificity:99.7243
AUC:98.3345


------------------------Epoch:7------------------------
Acc：98.6257
Dice: 97.4474
IoU: 95.0227
Precision:98.4900
Recall:96.4279
Specificity:99.7996
AUC:95.5178


------------------------Epoch:8------------------------
Acc：99.1168
Dice: 98.1075
IoU: 96.2857
Precision:97.6517
Recall:98.5703
Specificity:99.6786
AUC:98.8495


------------------------Epoch:9------------------------
Acc：99.1628
Dice: 98.2288
IoU: 96.5198
Precision:97.2777
Recall:99.2004
Specificity:99.6342
AUC:98.9962


------------------------Epoch:10------------------------
Acc：99.0436
Dice: 98.0079
IoU: 96.0944
Precision:96.7795
Recall:99.2698
Specificity:99.5732
AUC:98.9472


------------------------Epoch:11------------------------
Acc：99.2033
Dice: 98.2871
IoU: 96.6322
Precision:98.2518
Recall:98.3246
Specificity:99.7601
AUC:98.7399


------------------------Epoch:12------------------------
Acc：99.1571
Dice: 98.1588
IoU: 96.3847
Precision:98.0635
Recall:98.2557
Specificity:99.7405
AUC:98.6925


------------------------Epoch:13------------------------
Acc：99.1346
Dice: 98.1424
IoU: 96.3536
Precision:97.5351
Recall:98.7596
Specificity:99.6533
AUC:98.8508


------------------------Epoch:14------------------------
Acc：99.1344
Dice: 98.0540
IoU: 96.1836
Precision:97.3258
Recall:98.7944
Specificity:99.6439
AUC:99.2169


------------------------Epoch:15------------------------
Acc：99.2193
Dice: 98.3372
IoU: 96.7293
Precision:97.5958
Recall:99.0919
Specificity:99.6721
AUC:98.9894


------------------------Epoch:16------------------------
Acc：99.2136
Dice: 98.1999
IoU: 96.4649
Precision:97.3551
Recall:99.0632
Specificity:99.6185
AUC:99.1600


------------------------Epoch:17------------------------
Acc：99.1922
Dice: 98.2592
IoU: 96.5783
Precision:97.7104
Recall:98.8165
Specificity:99.6900
AUC:98.6681


------------------------Epoch:18------------------------
Acc：99.1110
Dice: 98.0511
IoU: 96.1784
Precision:96.8858
Recall:99.2461
Specificity:99.5761
AUC:99.1993


------------------------Epoch:19------------------------
Acc：99.2734
Dice: 98.3925
IoU: 96.8364
Precision:97.7292
Recall:99.0669
Specificity:99.6873
AUC:98.9956


------------------------Epoch:20------------------------
Acc：99.2811
Dice: 98.4659
IoU: 96.9785
Precision:97.9595
Recall:98.9793
Specificity:99.7255
AUC:99.1511


------------------------Epoch:21------------------------
Acc：99.3197
Dice: 98.5198
IoU: 97.0830
Precision:98.1534
Recall:98.8913
Specificity:99.7414
AUC:99.0695


------------------------Epoch:22------------------------
Acc：99.1660
Dice: 98.1896
IoU: 96.4443
Precision:97.4285
Recall:98.9665
Specificity:99.6359
AUC:98.8862


------------------------Epoch:23------------------------
Acc：99.2363
Dice: 98.3267
IoU: 96.7091
Precision:97.6773
Recall:98.9863
Specificity:99.6796
AUC:98.6695


------------------------Epoch:24------------------------
Acc：99.0940
Dice: 98.1182
IoU: 96.3071
Precision:97.3841
Recall:98.8652
Specificity:99.6470
AUC:98.8557


------------------------Epoch:25------------------------
Acc：99.1749
Dice: 98.2507
IoU: 96.5620
Precision:97.3354
Recall:99.1851
Specificity:99.6409
AUC:98.9495


------------------------Epoch:26------------------------
Acc：99.0254
Dice: 98.1689
IoU: 96.4044
Precision:97.1751
Recall:99.1852
Specificity:99.6227
AUC:98.8686


------------------------Epoch:27------------------------
Acc：99.2143
Dice: 98.2997
IoU: 96.6567
Precision:97.2403
Recall:99.3839
Specificity:99.6318
AUC:99.2225


------------------------Epoch:28------------------------
Acc：99.0202
Dice: 97.9412
IoU: 95.9663
Precision:96.6310
Recall:99.2890
Specificity:99.5589
AUC:99.0905


------------------------Epoch:29------------------------
Acc：99.2600
Dice: 98.3542
IoU: 96.7623
Precision:97.7117
Recall:99.0072
Specificity:99.6864
AUC:99.1443


------------------------Epoch:30------------------------
Acc：99.3202
Dice: 98.5150
IoU: 97.0737
Precision:98.2847
Recall:98.7483
Specificity:99.7630
AUC:99.0817


------------------------Epoch:31------------------------
Acc：99.2284
Dice: 98.2440
IoU: 96.5493
Precision:97.5821
Recall:98.9168
Specificity:99.6676
AUC:99.0316


------------------------Epoch:32------------------------
Acc：99.2216
Dice: 98.3092
IoU: 96.6753
Precision:97.1733
Recall:99.4736
Specificity:99.6207
AUC:99.2844


------------------------Epoch:33------------------------
Acc：99.2118
Dice: 98.2653
IoU: 96.5905
Precision:97.0942
Recall:99.4669
Specificity:99.6030
AUC:99.1094


------------------------Epoch:34------------------------
Acc：99.3161
Dice: 98.4865
IoU: 97.0184
Precision:97.7784
Recall:99.2066
Specificity:99.6961
AUC:98.9808


------------------------Epoch:35------------------------
Acc：99.1403
Dice: 98.2323
IoU: 96.5264
Precision:96.9918
Recall:99.5060
Specificity:99.6064
AUC:98.9983


------------------------Epoch:36------------------------
Acc：99.2886
Dice: 98.4588
IoU: 96.9646
Precision:98.3651
Recall:98.5556
Specificity:99.7662
AUC:98.2439


------------------------Epoch:37------------------------
Acc：99.3109
Dice: 98.5174
IoU: 97.0785
Precision:98.1121
Recall:98.9277
Specificity:99.7382
AUC:98.9030


------------------------Epoch:38------------------------
Acc：99.3193
Dice: 98.5290
IoU: 97.1010
Precision:97.8618
Recall:99.2068
Specificity:99.7126
AUC:99.0907


------------------------Epoch:39------------------------
Acc：99.2845
Dice: 98.4200
IoU: 96.8896
Precision:97.5109
Recall:99.3480
Specificity:99.6593
AUC:99.2207


------------------------Epoch:40------------------------
Acc：99.2103
Dice: 98.3159
IoU: 96.6879
Precision:97.4748
Recall:99.1731
Specificity:99.6620
AUC:99.0443


------------------------Epoch:41------------------------
Acc：99.3265
Dice: 98.5483
IoU: 97.1386
Precision:97.9102
Recall:99.1962
Specificity:99.7165
AUC:99.1852


------------------------Epoch:42------------------------
Acc：99.3010
Dice: 98.5528
IoU: 97.1470
Precision:98.0686
Recall:99.0436
Specificity:99.7369
AUC:98.6081


------------------------Epoch:43------------------------
Acc：99.1448
Dice: 98.1202
IoU: 96.3107
Precision:96.7898
Recall:99.4898
Specificity:99.5655
AUC:99.2856


------------------------Epoch:44------------------------
Acc：99.3148
Dice: 98.5608
IoU: 97.1628
Precision:98.1492
Recall:98.9774
Specificity:99.7465
AUC:98.9934


------------------------Epoch:45------------------------
Acc：99.1775
Dice: 98.2348
IoU: 96.5313
Precision:97.2362
Recall:99.2554
Specificity:99.6300
AUC:99.1427


------------------------Epoch:46------------------------
Acc：99.2223
Dice: 98.4231
IoU: 96.8957
Precision:97.7205
Recall:99.1373
Specificity:99.6909
AUC:98.0379


------------------------Epoch:47------------------------
Acc：99.2663
Dice: 98.4380
IoU: 96.9243
Precision:98.2408
Recall:98.6374
Specificity:99.7615
AUC:98.6328


------------------------Epoch:48------------------------
Acc：99.3342
Dice: 98.5996
IoU: 97.2381
Precision:98.3186
Recall:98.8845
Specificity:99.7643
AUC:99.1228


------------------------Epoch:49------------------------
Acc：99.2897
Dice: 98.4954
IoU: 97.0358
Precision:98.1105
Recall:98.8841
Specificity:99.7473
AUC:98.5880


------------------------Epoch:50------------------------
Acc：99.1958
Dice: 98.2738
IoU: 96.6069
Precision:97.1823
Recall:99.3916
Specificity:99.6222
AUC:99.0947


------------------------Epoch:51------------------------
Acc：99.2621
Dice: 98.3261
IoU: 96.7083
Precision:97.1779
Recall:99.5042
Specificity:99.6107
AUC:99.1210


------------------------Epoch:52------------------------
Acc：99.3308
Dice: 98.5064
IoU: 97.0574
Precision:97.8218
Recall:99.2020
Specificity:99.7022
AUC:99.1487


------------------------Epoch:53------------------------
Acc：99.0738
Dice: 97.9826
IoU: 96.0460
Precision:96.3515
Recall:99.6721
Specificity:99.5046
AUC:98.2806


------------------------Epoch:54------------------------
Acc：99.2936
Dice: 98.4032
IoU: 96.8573
Precision:97.3801
Recall:99.4499
Specificity:99.6391
AUC:99.2562


------------------------Epoch:55------------------------
Acc：99.3100
Dice: 98.5238
IoU: 97.0909
Precision:98.4891
Recall:98.5603
Specificity:99.7917
AUC:98.9011


------------------------Epoch:56------------------------
Acc：99.2234
Dice: 98.4561
IoU: 96.9597
Precision:97.5910
Recall:99.3386
Specificity:99.6718
AUC:98.5188


------------------------Epoch:57------------------------
Acc：99.2386
Dice: 98.3572
IoU: 96.7679
Precision:97.9339
Recall:98.7858
Specificity:99.7190
AUC:98.2676


------------------------Epoch:58------------------------
Acc：99.3139
Dice: 98.5136
IoU: 97.0710
Precision:98.0632
Recall:98.9695
Specificity:99.7404
AUC:98.8649


------------------------Epoch:59------------------------
Acc：99.2675
Dice: 98.5418
IoU: 97.1259
Precision:98.2890
Recall:98.7978
Specificity:99.7613
AUC:98.6375


------------------------Epoch:60------------------------
Acc：99.3249
Dice: 98.6074
IoU: 97.2533
Precision:98.3190
Recall:98.8988
Specificity:99.7739
AUC:98.2509


------------------------Epoch:61------------------------
Acc：99.2873
Dice: 98.5505
IoU: 97.1428
Precision:97.8935
Recall:99.2173
Specificity:99.7152
AUC:97.6936


------------------------Epoch:62------------------------
Acc：99.2933
Dice: 98.4919
IoU: 97.0291
Precision:97.6262
Recall:99.3742
Specificity:99.6811
AUC:98.0382


------------------------Epoch:63------------------------
Acc：99.3312
Dice: 98.6063
IoU: 97.2509
Precision:98.5986
Recall:98.6152
Specificity:99.8097
AUC:98.3712


------------------------Epoch:64------------------------
Acc：99.2988
Dice: 98.5123
IoU: 97.0685
Precision:97.7684
Recall:99.2686
Specificity:99.7030
AUC:98.2257


------------------------Epoch:65------------------------
Acc：99.2637
Dice: 98.6047
IoU: 97.2479
Precision:98.3248
Recall:98.8879
Specificity:99.7659
AUC:98.5361


------------------------Epoch:66------------------------
Acc：99.2203
Dice: 98.6379
IoU: 97.3127
Precision:98.4936
Recall:98.7836
Specificity:99.8012
AUC:94.2504


------------------------Epoch:67------------------------
Acc：99.2074
Dice: 98.5935
IoU: 97.2263
Precision:98.5111
Recall:98.6768
Specificity:99.7972
AUC:94.4253


------------------------Epoch:68------------------------
Acc：99.3120
Dice: 98.5913
IoU: 97.2220
Precision:98.0726
Recall:99.1167
Specificity:99.7381
AUC:97.7702


------------------------Epoch:69------------------------
Acc：99.3199
Dice: 98.5843
IoU: 97.2083
Precision:97.9531
Recall:99.2250
Specificity:99.7241
AUC:98.1219


------------------------Epoch:70------------------------
Acc：99.3279
Dice: 98.6099
IoU: 97.2581
Precision:98.4316
Recall:98.7907
Specificity:99.7806
AUC:98.0533


------------------------Epoch:71------------------------
Acc：99.3142
Dice: 98.6242
IoU: 97.2862
Precision:98.2781
Recall:98.9752
Specificity:99.7557
AUC:96.9508


------------------------Epoch:72------------------------
Acc：99.2954
Dice: 98.4311
IoU: 96.9115
Precision:97.4840
Recall:99.3988
Specificity:99.6509
AUC:98.5557


------------------------Epoch:73------------------------
Acc：99.3358
Dice: 98.6415
IoU: 97.3195
Precision:98.4247
Recall:98.8603
Specificity:99.7892
AUC:98.1228


------------------------Epoch:74------------------------
Acc：99.3366
Dice: 98.5960
IoU: 97.2311
Precision:97.9574
Recall:99.2447
Specificity:99.7216
AUC:98.2277


------------------------Epoch:75------------------------
Acc：99.3183
Dice: 98.5335
IoU: 97.1098
Precision:98.1441
Recall:98.9281
Specificity:99.7364
AUC:98.4986


------------------------Epoch:76------------------------
Acc：99.3445
Dice: 98.5617
IoU: 97.1647
Precision:98.4627
Recall:98.6610
Specificity:99.8006
AUC:98.2086


------------------------Epoch:77------------------------
Acc：99.2024
Dice: 98.5468
IoU: 97.1355
Precision:98.6445
Recall:98.4503
Specificity:99.8222
AUC:97.5011


------------------------Epoch:78------------------------
Acc：99.0279
Dice: 98.0494
IoU: 96.1744
Precision:96.6390
Recall:99.5032
Specificity:99.5578
AUC:97.5547


------------------------Epoch:79------------------------
Acc：99.3457
Dice: 98.5194
IoU: 97.0827
Precision:97.9877
Recall:99.0587
Specificity:99.7192
AUC:98.9177


------------------------Epoch:80------------------------
Acc：99.3214
Dice: 98.6162
IoU: 97.2702
Precision:98.6987
Recall:98.5347
Specificity:99.8251
AUC:98.7545


------------------------Epoch:81------------------------
Acc：99.3197
Dice: 98.6403
IoU: 97.3173
Precision:98.2477
Recall:99.0370
Specificity:99.7652
AUC:97.1994


------------------------Epoch:82------------------------
Acc：98.2295
Dice: 96.7328
IoU: 93.6754
Precision:98.4457
Recall:95.0830
Specificity:99.8407
AUC:97.2747


------------------------Epoch:83------------------------
Acc：99.3565
Dice: 98.6198
IoU: 97.2775
Precision:98.0692
Recall:99.1776
Specificity:99.7385
AUC:98.4829


------------------------Epoch:84------------------------
Acc：99.3895
Dice: 98.6872
IoU: 97.4087
Precision:98.3978
Recall:98.9795
Specificity:99.7788
AUC:98.8213


------------------------Epoch:85------------------------
Acc：99.3241
Dice: 98.5768
IoU: 97.1938
Precision:99.0173
Recall:98.1406
Specificity:99.8658
AUC:98.6356


------------------------Epoch:86------------------------
Acc：99.3668
Dice: 98.6018
IoU: 97.2427
Precision:98.0548
Recall:99.1562
Specificity:99.7327
AUC:98.9498


------------------------Epoch:87------------------------
Acc：99.3900
Dice: 98.6988
IoU: 97.4314
Precision:98.4303
Recall:98.9704
Specificity:99.7803
AUC:98.7524


------------------------Epoch:88------------------------
Acc：99.0802
Dice: 98.2083
IoU: 96.4800
Precision:98.9793
Recall:97.4504
Specificity:99.8611
AUC:96.8993


------------------------Epoch:89------------------------
Acc：99.3477
Dice: 98.6097
IoU: 97.2576
Precision:98.9310
Recall:98.2906
Specificity:99.8595
AUC:98.7415


------------------------Epoch:90------------------------
Acc：99.1650
Dice: 98.3550
IoU: 96.7637
Precision:97.6124
Recall:99.1110
Specificity:99.6795
AUC:98.4517


------------------------Epoch:91------------------------
Acc：99.3240
Dice: 98.5909
IoU: 97.2211
Precision:98.5259
Recall:98.6571
Specificity:99.7983
AUC:98.6652


------------------------Epoch:92------------------------
Acc：99.2977
Dice: 98.5891
IoU: 97.2176
Precision:98.1534
Recall:99.0304
Specificity:99.7505
AUC:97.2007


------------------------Epoch:93------------------------
Acc：99.2741
Dice: 98.5387
IoU: 97.1197
Precision:98.6522
Recall:98.4263
Specificity:99.8152
AUC:97.0089


------------------------Epoch:94------------------------
Acc：97.7121
Dice: 97.0473
IoU: 94.2775
Precision:96.3735
Recall:97.7400
Specificity:99.6489
AUC:95.9942


------------------------Epoch:95------------------------
Acc：99.2313
Dice: 98.4760
IoU: 96.9982
Precision:97.7770
Recall:99.1869
Specificity:99.6956
AUC:97.0260


------------------------Epoch:96------------------------
Acc：99.3603
Dice: 98.7477
IoU: 97.5266
Precision:98.5275
Recall:98.9696
Specificity:99.8058
AUC:97.5790


------------------------Epoch:97------------------------
Acc：99.2224
Dice: 98.3852
IoU: 96.8223
Precision:97.3398
Recall:99.4547
Specificity:99.6446
AUC:97.1068


------------------------Epoch:98------------------------
Acc：99.0716
Dice: 98.1593
IoU: 96.3855
Precision:99.0156
Recall:97.3181
Specificity:99.8779
AUC:97.9093


------------------------Epoch:99------------------------
Acc：99.3595
Dice: 98.7145
IoU: 97.4618
Precision:98.5292
Recall:98.9016
Specificity:99.8021
AUC:98.1883

<<<-------------------第4折结束----------------->>>
Mean Accuracy:99.17556762695312
Mean IoU:96.63829040527344
Mean Dice:98.28750610351562


训练完成！！！输出最终结果--------->
Mean Acc：99.15254211425781
Mean Dice: 98.23028564453125
Mean IoU: 96.53040466308594
Mean Precision:97.62712097167969
Mean Recall:98.85299682617188
Mean Specificity:99.67877197265625
Mean AUC:98.30146621697884
